#
# A fatal error has been detected by the Java Runtime Environment:
#
#  SIGSEGV (0xb) at pc=0x00007fc3eacb9736, pid=30287, tid=140479194072832
#
# JRE version: Java(TM) SE Runtime Environment (7.0_65-b17) (build 1.7.0_65-b17)
# Java VM: Java HotSpot(TM) 64-Bit Server VM (24.65-b04 mixed mode linux-amd64 compressed oops)
# Problematic frame:
# C  [ld-linux-x86-64.so.2+0x10736]  _dl_rtld_di_serinfo+0x7026
#
# Failed to write core dump. Core dumps have been disabled. To enable core dumping, try "ulimit -c unlimited" before starting Java again
#
# If you would like to submit a bug report, please visit:
#   http://bugreport.sun.com/bugreport/crash.jsp
# The crash happened outside the Java Virtual Machine in native code.
# See problematic frame for where to report the bug.
#

---------------  T H R E A D  ---------------

Current thread (0x00007fc3e40a7800):  JavaThread "JDWP Transport Listener: dt_socket" daemon [_thread_in_native, id=30313, stack(0x00007fc3dc660000,0x00007fc3dc761000)]

siginfo:si_signo=SIGSEGV: si_errno=0, si_code=1 (SEGV_MAPERR), si_addr=0x00007fc4276b3f04

Registers:
RAX=0x00007fc3b78c4ca8, RBX=0x00007fc3e43eb670, RCX=0x0000000000000000, RDX=0x000000000dffffdd
RSP=0x00007fc3dc75f810, RBP=0x00007fc3dc75f940, RSI=0x0000000000000000, RDI=0x00007fc3eaca42f0
R8 =0x0000000000000000, R9 =0x00007fc3ea66ce88, R10=0x00007fc3eaca4270, R11=0x00007fc3ea2e7550
R12=0x00007fc3b76b401c, R13=0x0000000000000014, R14=0x000000000dffffdd, R15=0x00007fc3dc75f810
RIP=0x00007fc3eacb9736, EFLAGS=0x0000000000010206, CSGSFS=0x0000000000000033, ERR=0x0000000000000004
  TRAPNO=0x000000000000000e

Top of Stack: (sp=0x00007fc3dc75f810)
0x00007fc3dc75f810:   00007fc3eaecd1c8 00007fc3eaecd760
0x00007fc3dc75f820:   00007fc3eae9d000 00007fc3e40009a0
0x00007fc3dc75f830:   00007fc3e4004100 00007fc3e4004e30
0x00007fc3dc75f840:   00007fc3e400b640 00007fc3e400c190
0x00007fc3dc75f850:   00007fc3e400baf0 00007fc3e400c6a0
0x00007fc3dc75f860:   00007fc3e4019600 00007fc3e409ecc0
0x00007fc3dc75f870:   00007fc3e41e3550 00007fc3e42996c0
0x00007fc3dc75f880:   00007fc3e4299b90 00007fc3e4002210
0x00007fc3dc75f890:   00007fc3e4001b90 0000000001bd1580
0x00007fc3dc75f8a0:   00007fc3eae9d508 00007fc3eaeca750
0x00007fc3dc75f8b0:   00007fc3e43eb670 0000000001bd1a60
0x00007fc3dc75f8c0:   00007fc3eae9d9f0 00007fc3eaecc9f8
0x00007fc3dc75f8d0:   000000000000000a 00007fc3eacb95ed
0x00007fc3dc75f8e0:   0000000000000000 ffffffffffffffff
0x00007fc3dc75f8f0:   00000000000000c0 0000000000000000
0x00007fc3dc75f900:   00007fc3eaecc068 0000001800000000
0x00007fc3dc75f910:   00007fc3ea281008 0000000000000000
0x00007fc3dc75f920:   0000000000000001 00007fc3ea66ae80
0x00007fc3dc75f930:   00007fc3e8aef120 000000000000000a
0x00007fc3dc75f940:   00007fc3ea6696c8 00007fc3ea2e7259
0x00007fc3dc75f950:   0000000000000000 0000000000000000
0x00007fc3dc75f960:   00007fc3dc75f9a0 00007fc3dc75fa10
0x00007fc3dc75f970:   0000000000000000 00007fc3ea2e72a5
0x00007fc3dc75f980:   0000000000000006 00007fc3e88c3d47
0x00007fc3dc75f990:   0000000000020100 00007fc3dc75fba0
0x00007fc3dc75f9a0:   00007fc3dc75f9d0 00007fc3e88c12fd
0x00007fc3dc75f9b0:   0000000000000001 000000000000000a
0x00007fc3dc75f9c0:   0000000000000001 00000000000a0100
0x00007fc3dc75f9d0:   00007fc3dc75fc20 00007fc3e88c6976
0x00007fc3dc75f9e0:   00038b180000000f 00007fc3e90a0100
0x00007fc3dc75f9f0:   00007fc39c0010f0 00007fc3e40a7800
0x00007fc3dc75fa00:   00007fc3dc75fa10 00007fc3dc75fba0 

Instructions: (pc=0x00007fc3eacb9736)
0x00007fc3eacb9716:   01 00 00 4c 03 23 48 8b 50 08 48 c1 ea 03 85 d2
0x00007fc3eacb9726:   44 8d 72 ff 75 07 eb 15 66 90 41 89 d6 44 89 f2
0x00007fc3eacb9736:   41 ff 14 d4 45 85 f6 41 8d 56 ff 75 ed 48 8b 83
0x00007fc3eacb9746:   a8 00 00 00 48 85 c0 74 09 48 8b 40 08 48 03 03 

Register to memory mapping:

RAX=
[error occurred during error reporting (printing register info), id 0xb]

Stack: [0x00007fc3dc660000,0x00007fc3dc761000],  sp=0x00007fc3dc75f810,  free space=1022k
Native frames: (J=compiled Java code, j=interpreted, Vv=VM code, C=native code)
C  [ld-linux-x86-64.so.2+0x10736]  _dl_rtld_di_serinfo+0x7026


---------------  P R O C E S S  ---------------

Java Threads: ( => current thread )
  0x00007fc3e40b2800 JavaThread "Service Thread" daemon [_thread_blocked, id=30321, stack(0x00007fc3dc15b000,0x00007fc3dc25c000)]
  0x00007fc3e40b0000 JavaThread "C2 CompilerThread1" daemon [_thread_blocked, id=30320, stack(0x00007fc3dc25c000,0x00007fc3dc35d000)]
  0x00007fc3e40ad000 JavaThread "C2 CompilerThread0" daemon [_thread_blocked, id=30319, stack(0x00007fc3dc35d000,0x00007fc3dc45e000)]
  0x00007fc3e40ab000 JavaThread "JDWP Event Helper Thread" daemon [_thread_blocked, id=30315, stack(0x00007fc3dc55f000,0x00007fc3dc660000)]
=>0x00007fc3e40a7800 JavaThread "JDWP Transport Listener: dt_socket" daemon [_thread_in_native, id=30313, stack(0x00007fc3dc660000,0x00007fc3dc761000)]
  0x00007fc3e409a800 JavaThread "Signal Dispatcher" daemon [_thread_blocked, id=30312, stack(0x00007fc3dc965000,0x00007fc3dca66000)]
  0x00007fc3e407c000 JavaThread "Finalizer" daemon [_thread_blocked, id=30310, stack(0x00007fc3dca66000,0x00007fc3dcb67000)]
  0x00007fc3e407a000 JavaThread "Reference Handler" daemon [_thread_blocked, id=30308, stack(0x00007fc3dcb67000,0x00007fc3dcc68000)]
  0x00007fc3e400d000 JavaThread "main" [_thread_blocked, id=30291, stack(0x00007fc3ead99000,0x00007fc3eae9a000)]

Other Threads:
  0x00007fc3e4075800 VMThread [stack: 0x00007fc3dcc68000,0x00007fc3dcd69000] [id=30307]
  0x00007fc3e40bd800 WatcherThread [stack: 0x00007fc3dc05a000,0x00007fc3dc15b000] [id=30322]

VM state:not at safepoint (normal execution)

VM Mutex/Monitor currently owned by a thread: None

Heap
 PSYoungGen      total 68608K, used 35001K [0x00000007d7000000, 0x00000007db800000, 0x0000000800000000)
  eden space 63488K, 47% used [0x00000007d7000000,0x00000007d8d30978,0x00000007dae00000)
  from space 5120K, 99% used [0x00000007db300000,0x00000007db7fdb28,0x00000007db800000)
  to   space 5120K, 0% used [0x00000007dae00000,0x00000007dae00000,0x00000007db300000)
 ParOldGen       total 83968K, used 9008K [0x0000000785000000, 0x000000078a200000, 0x00000007d7000000)
  object space 83968K, 10% used [0x0000000785000000,0x00000007858cc1d8,0x000000078a200000)
 PSPermGen       total 21504K, used 10311K [0x000000077fe00000, 0x0000000781300000, 0x0000000785000000)
  object space 21504K, 47% used [0x000000077fe00000,0x0000000780811e58,0x0000000781300000)

Card table byte_map: [0x00007fc3dfb00000,0x00007fc3dff02000] byte_map_base: 0x00007fc3dbf01000

Polling page: 0x00007fc3eaec8000

Code Cache  [0x00007fc3dff02000, 0x00007fc3e0172000, 0x00007fc3e2f02000)
 total_blobs=458 nmethods=166 adapters=253 free_code_cache=48217Kb largest_free_block=49329920

Compilation events (10 events):
Event: 9.668 Thread 0x00007fc3e40b0000  164             java.lang.StringBuilder::length (5 bytes)
Event: 9.668 Thread 0x00007fc3e40ad000  165             java.lang.AbstractStringBuilder::length (5 bytes)
Event: 9.669 Thread 0x00007fc3e40ad000 nmethod 165 0x00007fc3dffe2610 code [0x00007fc3dffe2740, 0x00007fc3dffe2798]
Event: 9.669 Thread 0x00007fc3e40b0000 nmethod 164 0x00007fc3dff70c90 code [0x00007fc3dff70dc0, 0x00007fc3dff70e18]
Event: 10.467 Thread 0x00007fc3e40ad000  166             java.util.regex.Pattern$Curly::match0 (174 bytes)
Event: 10.490 Thread 0x00007fc3e40ad000 nmethod 166 0x00007fc3dfff3450 code [0x00007fc3dfff3720, 0x00007fc3dfff50f8]
Event: 10.925 Thread 0x00007fc3e40b0000  167             java.util.regex.Pattern$Node::match (27 bytes)
Event: 10.926 Thread 0x00007fc3e40b0000 nmethod 167 0x00007fc3dff70850 code [0x00007fc3dff709a0, 0x00007fc3dff70af8]
Event: 13.302 Thread 0x00007fc3e40ad000  168             java.util.ArrayList$Itr::hasNext (20 bytes)
Event: 13.303 Thread 0x00007fc3e40ad000 nmethod 168 0x00007fc3dff7ca10 code [0x00007fc3dff7cb60, 0x00007fc3dff7cc18]

GC Heap History (8 events):
Event: 3.083 GC heap before
{Heap before GC invocations=1 (full 0):
 PSYoungGen      total 36864K, used 31744K [0x00000007d7000000, 0x00000007d9900000, 0x0000000800000000)
  eden space 31744K, 100% used [0x00000007d7000000,0x00000007d8f00000,0x00000007d8f00000)
  from space 5120K, 0% used [0x00000007d9400000,0x00000007d9400000,0x00000007d9900000)
  to   space 5120K, 0% used [0x00000007d8f00000,0x00000007d8f00000,0x00000007d9400000)
 ParOldGen       total 83968K, used 0K [0x0000000785000000, 0x000000078a200000, 0x00000007d7000000)
  object space 83968K, 0% used [0x0000000785000000,0x0000000785000000,0x000000078a200000)
 PSPermGen       total 21504K, used 10145K [0x000000077fe00000, 0x0000000781300000, 0x0000000785000000)
  object space 21504K, 47% used [0x000000077fe00000,0x00000007807e8630,0x0000000781300000)
Event: 3.090 GC heap after
Heap after GC invocations=1 (full 0):
 PSYoungGen      total 36864K, used 5114K [0x00000007d7000000, 0x00000007d9900000, 0x0000000800000000)
  eden space 31744K, 0% used [0x00000007d7000000,0x00000007d7000000,0x00000007d8f00000)
  from space 5120K, 99% used [0x00000007d8f00000,0x00000007d93fe858,0x00000007d9400000)
  to   space 5120K, 0% used [0x00000007d9400000,0x00000007d9400000,0x00000007d9900000)
 ParOldGen       total 83968K, used 193K [0x0000000785000000, 0x000000078a200000, 0x00000007d7000000)
  object space 83968K, 0% used [0x0000000785000000,0x00000007850305e0,0x000000078a200000)
 PSPermGen       total 21504K, used 10145K [0x000000077fe00000, 0x0000000781300000, 0x0000000785000000)
  object space 21504K, 47% used [0x000000077fe00000,0x00000007807e8630,0x0000000781300000)
}
Event: 3.147 GC heap before
{Heap before GC invocations=2 (full 0):
 PSYoungGen      total 36864K, used 36858K [0x00000007d7000000, 0x00000007d9900000, 0x0000000800000000)
  eden space 31744K, 100% used [0x00000007d7000000,0x00000007d8f00000,0x00000007d8f00000)
  from space 5120K, 99% used [0x00000007d8f00000,0x00000007d93fe858,0x00000007d9400000)
  to   space 5120K, 0% used [0x00000007d9400000,0x00000007d9400000,0x00000007d9900000)
 ParOldGen       total 83968K, used 193K [0x0000000785000000, 0x000000078a200000, 0x00000007d7000000)
  object space 83968K, 0% used [0x0000000785000000,0x00000007850305e0,0x000000078a200000)
 PSPermGen       total 21504K, used 10148K [0x000000077fe00000, 0x0000000781300000, 0x0000000785000000)
  object space 21504K, 47% used [0x000000077fe00000,0x00000007807e91e8,0x0000000781300000)
Event: 3.151 GC heap after
Heap after GC invocations=2 (full 0):
 PSYoungGen      total 36864K, used 5110K [0x00000007d7000000, 0x00000007db800000, 0x0000000800000000)
  eden space 31744K, 0% used [0x00000007d7000000,0x00000007d7000000,0x00000007d8f00000)
  from space 5120K, 99% used [0x00000007d9400000,0x00000007d98fdaf8,0x00000007d9900000)
  to   space 5120K, 0% used [0x00000007d8f00000,0x00000007d8f00000,0x00000007d9400000)
 ParOldGen       total 83968K, used 1697K [0x0000000785000000, 0x000000078a200000, 0x00000007d7000000)
  object space 83968K, 2% used [0x0000000785000000,0x00000007851a85f0,0x000000078a200000)
 PSPermGen       total 21504K, used 10148K [0x000000077fe00000, 0x0000000781300000, 0x0000000785000000)
  object space 21504K, 47% used [0x000000077fe00000,0x00000007807e91e8,0x0000000781300000)
}
Event: 3.265 GC heap before
{Heap before GC invocations=3 (full 0):
 PSYoungGen      total 36864K, used 36854K [0x00000007d7000000, 0x00000007db800000, 0x0000000800000000)
  eden space 31744K, 100% used [0x00000007d7000000,0x00000007d8f00000,0x00000007d8f00000)
  from space 5120K, 99% used [0x00000007d9400000,0x00000007d98fdaf8,0x00000007d9900000)
  to   space 5120K, 0% used [0x00000007d8f00000,0x00000007d8f00000,0x00000007d9400000)
 ParOldGen       total 83968K, used 1697K [0x0000000785000000, 0x000000078a200000, 0x00000007d7000000)
  object space 83968K, 2% used [0x0000000785000000,0x00000007851a85f0,0x000000078a200000)
 PSPermGen       total 21504K, used 10174K [0x000000077fe00000, 0x0000000781300000, 0x0000000785000000)
  object space 21504K, 47% used [0x000000077fe00000,0x00000007807efa38,0x0000000781300000)
Event: 3.272 GC heap after
Heap after GC invocations=3 (full 0):
 PSYoungGen      total 36864K, used 5111K [0x00000007d7000000, 0x00000007db800000, 0x0000000800000000)
  eden space 31744K, 0% used [0x00000007d7000000,0x00000007d7000000,0x00000007d8f00000)
  from space 5120K, 99% used [0x00000007d8f00000,0x00000007d93fdf58,0x00000007d9400000)
  to   space 5120K, 0% used [0x00000007db300000,0x00000007db300000,0x00000007db800000)
 ParOldGen       total 83968K, used 5505K [0x0000000785000000, 0x000000078a200000, 0x00000007d7000000)
  object space 83968K, 6% used [0x0000000785000000,0x00000007855605f0,0x000000078a200000)
 PSPermGen       total 21504K, used 10174K [0x000000077fe00000, 0x0000000781300000, 0x0000000785000000)
  object space 21504K, 47% used [0x000000077fe00000,0x00000007807efa38,0x0000000781300000)
}
Event: 3.297 GC heap before
{Heap before GC invocations=4 (full 0):
 PSYoungGen      total 36864K, used 36855K [0x00000007d7000000, 0x00000007db800000, 0x0000000800000000)
  eden space 31744K, 100% used [0x00000007d7000000,0x00000007d8f00000,0x00000007d8f00000)
  from space 5120K, 99% used [0x00000007d8f00000,0x00000007d93fdf58,0x00000007d9400000)
  to   space 5120K, 0% used [0x00000007db300000,0x00000007db300000,0x00000007db800000)
 ParOldGen       total 83968K, used 5505K [0x0000000785000000, 0x000000078a200000, 0x00000007d7000000)
  object space 83968K, 6% used [0x0000000785000000,0x00000007855605f0,0x000000078a200000)
 PSPermGen       total 21504K, used 10174K [0x000000077fe00000, 0x0000000781300000, 0x0000000785000000)
  object space 21504K, 47% used [0x000000077fe00000,0x00000007807efa38,0x0000000781300000)
Event: 3.302 GC heap after
Heap after GC invocations=4 (full 0):
 PSYoungGen      total 68608K, used 5110K [0x00000007d7000000, 0x00000007db800000, 0x0000000800000000)
  eden space 63488K, 0% used [0x00000007d7000000,0x00000007d7000000,0x00000007dae00000)
  from space 5120K, 99% used [0x00000007db300000,0x00000007db7fdb28,0x00000007db800000)
  to   space 5120K, 0% used [0x00000007dae00000,0x00000007dae00000,0x00000007db300000)
 ParOldGen       total 83968K, used 9008K [0x0000000785000000, 0x000000078a200000, 0x00000007d7000000)
  object space 83968K, 10% used [0x0000000785000000,0x00000007858cc1d8,0x000000078a200000)
 PSPermGen       total 21504K, used 10174K [0x000000077fe00000, 0x0000000781300000, 0x0000000785000000)
  object space 21504K, 47% used [0x000000077fe00000,0x00000007807efa38,0x0000000781300000)
}

Deoptimization events (10 events):
Event: 4.983 Thread 0x00007fc3e400d000 Uncommon trap: reason=class_check action=maybe_recompile pc=0x00007fc3dffc6058 method=java.util.regex.Pattern$Node.study(Ljava/util/regex/Pattern$TreeInfo;)Z @ 12
Event: 4.983 Thread 0x00007fc3e400d000 Uncommon trap: reason=class_check action=maybe_recompile pc=0x00007fc3dffc6058 method=java.util.regex.Pattern$Node.study(Ljava/util/regex/Pattern$TreeInfo;)Z @ 12
Event: 4.983 Thread 0x00007fc3e400d000 Uncommon trap: reason=class_check action=maybe_recompile pc=0x00007fc3dffc6058 method=java.util.regex.Pattern$Node.study(Ljava/util/regex/Pattern$TreeInfo;)Z @ 12
Event: 4.983 Thread 0x00007fc3e400d000 Uncommon trap: reason=class_check action=maybe_recompile pc=0x00007fc3dffc6058 method=java.util.regex.Pattern$Node.study(Ljava/util/regex/Pattern$TreeInfo;)Z @ 12
Event: 5.317 Thread 0x00007fc3e400d000 Uncommon trap: reason=bimorphic action=maybe_recompile pc=0x00007fc3dffec8b0 method=java.util.regex.Pattern$Start.match(Ljava/util/regex/Matcher;ILjava/lang/CharSequence;)Z @ 44
Event: 5.326 Thread 0x00007fc3e400d000 Uncommon trap: reason=bimorphic action=maybe_recompile pc=0x00007fc3dffec8b0 method=java.util.regex.Pattern$Start.match(Ljava/util/regex/Matcher;ILjava/lang/CharSequence;)Z @ 44
Event: 5.326 Thread 0x00007fc3e400d000 Uncommon trap: reason=bimorphic action=maybe_recompile pc=0x00007fc3dffec8b0 method=java.util.regex.Pattern$Start.match(Ljava/util/regex/Matcher;ILjava/lang/CharSequence;)Z @ 44
Event: 5.326 Thread 0x00007fc3e400d000 Uncommon trap: reason=bimorphic action=maybe_recompile pc=0x00007fc3dffec8b0 method=java.util.regex.Pattern$Start.match(Ljava/util/regex/Matcher;ILjava/lang/CharSequence;)Z @ 44
Event: 17.067 Thread 0x00007fc3e400d000 Uncommon trap: reason=unreached action=reinterpret pc=0x00007fc3dffe5004 method=java.util.regex.Pattern.compile()V @ 249
Event: 161.248 Thread 0x00007fc3e400d000 Uncommon trap: reason=unreached action=reinterpret pc=0x00007fc3dffc5d58 method=java.util.HashMap$HashIterator.hasNext()Z @ 4

Internal exceptions (10 events):
Event: 3.187 Thread 0x00007fc3e400d000 Threw 0x00000007d83752c8 at /HUDSON/workspace/7u-2-build-linux-amd64/jdk7u65/1224/hotspot/src/share/vm/prims/jvm.cpp:1244
Event: 3.421 Thread 0x00007fc3e400d000 Implicit null exception at 0x00007fc3dffe2eaa to 0x00007fc3dffe33c5
Event: 3.421 Thread 0x00007fc3e400d000 Threw 0x00000007d8ad0d00 at /HUDSON/workspace/7u-2-build-linux-amd64/jdk7u65/1224/hotspot/src/share/vm/prims/jvm.cpp:1244
Event: 4.981 Thread 0x00007fc3e400d000 Threw 0x00000007d8afec80 at /HUDSON/workspace/7u-2-build-linux-amd64/jdk7u65/1224/hotspot/src/share/vm/prims/jvm.cpp:1244
Event: 4.981 Thread 0x00007fc3e400d000 Threw 0x00000007d8b03d20 at /HUDSON/workspace/7u-2-build-linux-amd64/jdk7u65/1224/hotspot/src/share/vm/prims/jvm.cpp:1244
Event: 4.982 Thread 0x00007fc3e400d000 Threw 0x00000007d8b0ef60 at /HUDSON/workspace/7u-2-build-linux-amd64/jdk7u65/1224/hotspot/src/share/vm/prims/jvm.cpp:1244
Event: 17.062 Thread 0x00007fc3e400d000 Threw 0x00000007d8ce9860 at /HUDSON/workspace/7u-2-build-linux-amd64/jdk7u65/1224/hotspot/src/share/vm/prims/jvm.cpp:1244
Event: 17.066 Thread 0x00007fc3e400d000 Threw 0x00000007d8cfac90 at /HUDSON/workspace/7u-2-build-linux-amd64/jdk7u65/1224/hotspot/src/share/vm/prims/jvm.cpp:1244
Event: 17.067 Thread 0x00007fc3e400d000 Threw 0x00000007d8d010b8 at /HUDSON/workspace/7u-2-build-linux-amd64/jdk7u65/1224/hotspot/src/share/vm/prims/jvm.cpp:1244
Event: 161.248 Thread 0x00007fc3e400d000 Threw 0x00000007d8d0ec40 at /HUDSON/workspace/7u-2-build-linux-amd64/jdk7u65/1224/hotspot/src/share/vm/prims/jvm.cpp:1244

Events (10 events):
Event: 173.263 Executing VM operation: ChangeSingleStep done
Event: 173.263 Executing VM operation: ChangeSingleStep
Event: 173.263 Executing VM operation: ChangeSingleStep done
Event: 224.391 Executing VM operation: GetOrSetLocal
Event: 224.391 Executing VM operation: GetOrSetLocal done
Event: 224.395 Executing VM operation: GetOrSetLocal
Event: 224.395 Executing VM operation: GetOrSetLocal done
Event: 227.360 Executing VM operation: GetOrSetLocal
Event: 227.360 Executing VM operation: GetOrSetLocal done
Event: 303.793 Thread 0x00007fc3a4001000 Thread exited: 0x00007fc3a4001000


Dynamic libraries:
00400000-00401000 r-xp 00000000 fc:00 21108754                           /usr/lib/jvm/java-7-oracle/bin/java
00600000-00601000 rw-p 00000000 fc:00 21108754                           /usr/lib/jvm/java-7-oracle/bin/java
01bd1000-01bf2000 rw-p 00000000 00:00 0                                  [heap]
77fe00000-781300000 rw-p 00000000 00:00 0 
781300000-785000000 rw-p 00000000 00:00 0 
785000000-78a200000 rw-p 00000000 00:00 0 
78a200000-7d7000000 rw-p 00000000 00:00 0 
7d7000000-7db800000 rw-p 00000000 00:00 0 
7db800000-800000000 rw-p 00000000 00:00 0 
7fc388000000-7fc388021000 rw-p 00000000 00:00 0 
7fc388021000-7fc38c000000 ---p 00000000 00:00 0 
7fc38c000000-7fc38c021000 rw-p 00000000 00:00 0 
7fc38c021000-7fc390000000 ---p 00000000 00:00 0 
7fc390000000-7fc390434000 rw-p 00000000 00:00 0 
7fc390434000-7fc394000000 ---p 00000000 00:00 0 
7fc394000000-7fc39452a000 rw-p 00000000 00:00 0 
7fc39452a000-7fc398000000 ---p 00000000 00:00 0 
7fc398000000-7fc398028000 rw-p 00000000 00:00 0 
7fc398028000-7fc39c000000 ---p 00000000 00:00 0 
7fc39c000000-7fc39c021000 rw-p 00000000 00:00 0 
7fc39c021000-7fc3a0000000 ---p 00000000 00:00 0 
7fc3a0000000-7fc3a0021000 rw-p 00000000 00:00 0 
7fc3a0021000-7fc3a4000000 ---p 00000000 00:00 0 
7fc3a4000000-7fc3a4023000 rw-p 00000000 00:00 0 
7fc3a4023000-7fc3a8000000 ---p 00000000 00:00 0 
7fc3a8000000-7fc3a8021000 rw-p 00000000 00:00 0 
7fc3a8021000-7fc3ac000000 ---p 00000000 00:00 0 
7fc3ac000000-7fc3ac021000 rw-p 00000000 00:00 0 
7fc3ac021000-7fc3b0000000 ---p 00000000 00:00 0 
7fc3b0000000-7fc3b0021000 rw-p 00000000 00:00 0 
7fc3b0021000-7fc3b4000000 ---p 00000000 00:00 0 
7fc3b76b4000-7fc3b76c5000 r-xp 00000000 fc:00 23725856                   /home/sr/NetBeansProjects/MirPara4j/libRNAFold.so
7fc3b76c5000-7fc3b78c4000 ---p 00011000 fc:00 23725856                   /home/sr/NetBeansProjects/MirPara4j/libRNAFold.so
7fc3b78c4000-7fc3b78c5000 r--p 00010000 fc:00 23725856                   /home/sr/NetBeansProjects/MirPara4j/libRNAFold.so
7fc3b78c5000-7fc3b7927000 rw-p 00011000 fc:00 23725856                   /home/sr/NetBeansProjects/MirPara4j/libRNAFold.so
7fc3b7927000-7fc3b79c0000 rw-p 00000000 00:00 0 
7fc3b79c0000-7fc3b79d6000 r-xp 00000000 fc:00 118359929                  /usr/lib/jvm/java-7-oracle/jre/lib/amd64/libnet.so
7fc3b79d6000-7fc3b7bd6000 ---p 00016000 fc:00 118359929                  /usr/lib/jvm/java-7-oracle/jre/lib/amd64/libnet.so
7fc3b7bd6000-7fc3b7bd7000 rw-p 00016000 fc:00 118359929                  /usr/lib/jvm/java-7-oracle/jre/lib/amd64/libnet.so
7fc3b7bd7000-7fc3b7be7000 r-xp 00000000 fc:00 118363267                  /usr/lib/jvm/java-7-oracle/jre/lib/amd64/libnio.so
7fc3b7be7000-7fc3b7de7000 ---p 00010000 fc:00 118363267                  /usr/lib/jvm/java-7-oracle/jre/lib/amd64/libnio.so
7fc3b7de7000-7fc3b7de8000 rw-p 00010000 fc:00 118363267                  /usr/lib/jvm/java-7-oracle/jre/lib/amd64/libnio.so
7fc3b7de8000-7fc3b7df0000 r-xp 00000000 fc:00 118359932                  /usr/lib/jvm/java-7-oracle/jre/lib/amd64/libmanagement.so
7fc3b7df0000-7fc3b7fef000 ---p 00008000 fc:00 118359932                  /usr/lib/jvm/java-7-oracle/jre/lib/amd64/libmanagement.so
7fc3b7fef000-7fc3b7ff0000 rw-p 00007000 fc:00 118359932                  /usr/lib/jvm/java-7-oracle/jre/lib/amd64/libmanagement.so
7fc3b7ff0000-7fc3bc000000 rw-p 00000000 00:00 0 
7fc3bc000000-7fc3bc021000 rw-p 00000000 00:00 0 
7fc3bc021000-7fc3c0000000 ---p 00000000 00:00 0 
7fc3c0000000-7fc3c0021000 rw-p 00000000 00:00 0 
7fc3c0021000-7fc3c4000000 ---p 00000000 00:00 0 
7fc3c4000000-7fc3c4021000 rw-p 00000000 00:00 0 
7fc3c4021000-7fc3c8000000 ---p 00000000 00:00 0 
7fc3c8000000-7fc3c8021000 rw-p 00000000 00:00 0 
7fc3c8021000-7fc3cc000000 ---p 00000000 00:00 0 
7fc3cc000000-7fc3cc021000 rw-p 00000000 00:00 0 
7fc3cc021000-7fc3d0000000 ---p 00000000 00:00 0 
7fc3d0000000-7fc3d0021000 rw-p 00000000 00:00 0 
7fc3d0021000-7fc3d4000000 ---p 00000000 00:00 0 
7fc3d4000000-7fc3d4021000 rw-p 00000000 00:00 0 
7fc3d4021000-7fc3d8000000 ---p 00000000 00:00 0 
7fc3d8000000-7fc3d8021000 rw-p 00000000 00:00 0 
7fc3d8021000-7fc3dc000000 ---p 00000000 00:00 0 
7fc3dc012000-7fc3dc014000 rw-p 00000000 00:00 0 
7fc3dc014000-7fc3dc01e000 r--s 00251000 fc:00 118233088                  /usr/lib/jvm/java-7-oracle/jre/lib/resources.jar
7fc3dc01e000-7fc3dc025000 r--s 00064000 fc:00 23725032                   /home/sr/.m2/repository/org/apache/commons/commons-lang3/3.4/commons-lang3-3.4.jar
7fc3dc025000-7fc3dc02b000 r--s 0003c000 fc:00 23724880                   /home/sr/.m2/repository/org/yaml/snakeyaml/1.15/snakeyaml-1.15.jar
7fc3dc02b000-7fc3dc02c000 r--s 0000e000 fc:00 23724566                   /home/sr/.m2/repository/tw/edu/ntu/csie/libsvm/3.17/libsvm-3.17.jar
7fc3dc02c000-7fc3dc02e000 r--s 00009000 fc:00 23594295                   /home/sr/.m2/repository/commons-cli/commons-cli/1.2/commons-cli-1.2.jar
7fc3dc02e000-7fc3dc03f000 r--s 000b9000 fc:00 23593128                   /home/sr/.m2/repository/org/apache/logging/log4j/log4j-core/2.2/log4j-core-2.2.jar
7fc3dc03f000-7fc3dc042000 r--s 0001e000 fc:00 23593127                   /home/sr/.m2/repository/org/apache/logging/log4j/log4j-api/2.2/log4j-api-2.2.jar
7fc3dc042000-7fc3dc044000 r--s 00008000 fc:00 23593155                   /home/sr/.m2/repository/classworlds/classworlds/1.1-alpha-2/classworlds-1.1-alpha-2.jar
7fc3dc044000-7fc3dc047000 r--s 0001b000 fc:00 23593153                   /home/sr/.m2/repository/junit/junit/3.8.1/junit-3.8.1.jar
7fc3dc047000-7fc3dc04e000 r--s 00029000 fc:00 23593152                   /home/sr/.m2/repository/org/codehaus/plexus/plexus-container-default/1.0-alpha-9/plexus-container-default-1.0-alpha-9.jar
7fc3dc04e000-7fc3dc051000 r--s 00011000 fc:00 23593150                   /home/sr/.m2/repository/org/apache/maven/maven-artifact/2.0.4/maven-artifact-2.0.4.jar
7fc3dc051000-7fc3dc054000 r--s 00027000 fc:00 23593149                   /home/sr/.m2/repository/org/codehaus/plexus/plexus-utils/1.1/plexus-utils-1.1.jar
7fc3dc054000-7fc3dc056000 r--s 00009000 fc:00 23593147                   /home/sr/.m2/repository/org/apache/maven/wagon/wagon-provider-api/1.0-alpha-6/wagon-provider-api-1.0-alpha-6.jar
7fc3dc056000-7fc3dc058000 r--s 0000a000 fc:00 23593141                   /home/sr/.m2/repository/org/apache/maven/maven-artifact-manager/2.0.4/maven-artifact-manager-2.0.4.jar
7fc3dc058000-7fc3dc05a000 r--s 00012000 fc:00 23593140                   /home/sr/.m2/repository/org/apache/maven/maven-model/2.0.4/maven-model-2.0.4.jar
7fc3dc05a000-7fc3dc05b000 ---p 00000000 00:00 0 
7fc3dc05b000-7fc3dc15b000 rw-p 00000000 00:00 0                          [stack:30322]
7fc3dc15b000-7fc3dc15e000 ---p 00000000 00:00 0 
7fc3dc15e000-7fc3dc25c000 rw-p 00000000 00:00 0                          [stack:30321]
7fc3dc25c000-7fc3dc25f000 ---p 00000000 00:00 0 
7fc3dc25f000-7fc3dc35d000 rw-p 00000000 00:00 0                          [stack:30320]
7fc3dc35d000-7fc3dc360000 ---p 00000000 00:00 0 
7fc3dc360000-7fc3dc45e000 rw-p 00000000 00:00 0                          [stack:30319]
7fc3dc45e000-7fc3dc461000 ---p 00000000 00:00 0 
7fc3dc461000-7fc3dc55f000 rw-p 00000000 00:00 0 
7fc3dc55f000-7fc3dc562000 ---p 00000000 00:00 0 
7fc3dc562000-7fc3dc660000 rw-p 00000000 00:00 0                          [stack:30315]
7fc3dc660000-7fc3dc663000 ---p 00000000 00:00 0 
7fc3dc663000-7fc3dc761000 rw-p 00000000 00:00 0                          [stack:30313]
7fc3dc761000-7fc3dc765000 r-xp 00000000 fc:00 118360012                  /usr/lib/jvm/java-7-oracle/jre/lib/amd64/libdt_socket.so
7fc3dc765000-7fc3dc964000 ---p 00004000 fc:00 118360012                  /usr/lib/jvm/java-7-oracle/jre/lib/amd64/libdt_socket.so
7fc3dc964000-7fc3dc965000 rw-p 00003000 fc:00 118360012                  /usr/lib/jvm/java-7-oracle/jre/lib/amd64/libdt_socket.so
7fc3dc965000-7fc3dc968000 ---p 00000000 00:00 0 
7fc3dc968000-7fc3dca66000 rw-p 00000000 00:00 0                          [stack:30312]
7fc3dca66000-7fc3dca69000 ---p 00000000 00:00 0 
7fc3dca69000-7fc3dcb67000 rw-p 00000000 00:00 0                          [stack:30310]
7fc3dcb67000-7fc3dcb6a000 ---p 00000000 00:00 0 
7fc3dcb6a000-7fc3dcc68000 rw-p 00000000 00:00 0                          [stack:30308]
7fc3dcc68000-7fc3dcc69000 ---p 00000000 00:00 0 
7fc3dcc69000-7fc3de9d7000 rw-p 00000000 00:00 0                          [stack:30307]
7fc3de9d7000-7fc3deb96000 r--s 039e5000 fc:00 118232631                  /usr/lib/jvm/java-7-oracle/jre/lib/rt.jar
7fc3deb96000-7fc3df068000 rw-p 00000000 00:00 0 
7fc3df068000-7fc3df069000 ---p 00000000 00:00 0 
7fc3df069000-7fc3df169000 rw-p 00000000 00:00 0                          [stack:30300]
7fc3df169000-7fc3df16a000 ---p 00000000 00:00 0 
7fc3df16a000-7fc3df26a000 rw-p 00000000 00:00 0                          [stack:30299]
7fc3df26a000-7fc3df26b000 ---p 00000000 00:00 0 
7fc3df26b000-7fc3df36b000 rw-p 00000000 00:00 0                          [stack:30297]
7fc3df36b000-7fc3df36c000 ---p 00000000 00:00 0 
7fc3df36c000-7fc3df46c000 rw-p 00000000 00:00 0                          [stack:30296]
7fc3df46c000-7fc3df46d000 ---p 00000000 00:00 0 
7fc3df46d000-7fc3df56d000 rw-p 00000000 00:00 0                          [stack:30295]
7fc3df56d000-7fc3df56e000 ---p 00000000 00:00 0 
7fc3df56e000-7fc3df66e000 rw-p 00000000 00:00 0                          [stack:30294]
7fc3df66e000-7fc3df66f000 ---p 00000000 00:00 0 
7fc3df66f000-7fc3df76f000 rw-p 00000000 00:00 0                          [stack:30293]
7fc3df76f000-7fc3df770000 ---p 00000000 00:00 0 
7fc3df770000-7fc3df899000 rw-p 00000000 00:00 0                          [stack:30292]
7fc3df899000-7fc3dfb00000 rw-p 00000000 00:00 0 
7fc3dfb00000-7fc3dfb0b000 rw-p 00000000 00:00 0 
7fc3dfb0b000-7fc3dfb29000 rw-p 00000000 00:00 0 
7fc3dfb29000-7fc3dfb52000 rw-p 00000000 00:00 0 
7fc3dfb52000-7fc3dfdb9000 rw-p 00000000 00:00 0 
7fc3dfdb9000-7fc3dfddd000 rw-p 00000000 00:00 0 
7fc3dfddd000-7fc3dff01000 rw-p 00000000 00:00 0 
7fc3dff01000-7fc3dff02000 rw-p 00000000 00:00 0 
7fc3dff02000-7fc3e0172000 rwxp 00000000 00:00 0 
7fc3e0172000-7fc3e2f02000 rw-p 00000000 00:00 0 
7fc3e2f02000-7fc3e2f1c000 r-xp 00000000 fc:00 118362883                  /usr/lib/jvm/java-7-oracle/jre/lib/amd64/libzip.so
7fc3e2f1c000-7fc3e311c000 ---p 0001a000 fc:00 118362883                  /usr/lib/jvm/java-7-oracle/jre/lib/amd64/libzip.so
7fc3e311c000-7fc3e311d000 rw-p 0001a000 fc:00 118362883                  /usr/lib/jvm/java-7-oracle/jre/lib/amd64/libzip.so
7fc3e311d000-7fc3e3128000 r-xp 00000000 fc:00 11796735                   /lib/x86_64-linux-gnu/libnss_files-2.19.so
7fc3e3128000-7fc3e3327000 ---p 0000b000 fc:00 11796735                   /lib/x86_64-linux-gnu/libnss_files-2.19.so
7fc3e3327000-7fc3e3328000 r--p 0000a000 fc:00 11796735                   /lib/x86_64-linux-gnu/libnss_files-2.19.so
7fc3e3328000-7fc3e3329000 rw-p 0000b000 fc:00 11796735                   /lib/x86_64-linux-gnu/libnss_files-2.19.so
7fc3e3329000-7fc3e4000000 r--p 00000000 fc:00 117834354                  /usr/lib/locale/locale-archive
7fc3e4000000-7fc3e452d000 rw-p 00000000 00:00 0 
7fc3e452d000-7fc3e8000000 ---p 00000000 00:00 0 
7fc3e8000000-7fc3e8001000 r--s 00002000 fc:00 23593160                   /home/sr/.m2/repository/org/apache/maven/maven-plugin-api/2.0/maven-plugin-api-2.0.jar
7fc3e8001000-7fc3e8003000 r--s 00006000 fc:00 23593137                   /home/sr/.m2/repository/org/apache/maven/maven-profile/2.0.4/maven-profile-2.0.4.jar
7fc3e8003000-7fc3e8005000 r--s 00009000 fc:00 23593136                   /home/sr/.m2/repository/org/apache/maven/maven-settings/2.0.4/maven-settings-2.0.4.jar
7fc3e8005000-7fc3e8008000 r--s 00018000 fc:00 23593131                   /home/sr/.m2/repository/org/apache/maven/maven-project/2.0.4/maven-project-2.0.4.jar
7fc3e8008000-7fc3e8064000 rw-p 00000000 00:00 0 
7fc3e8064000-7fc3e8082000 rw-p 00000000 00:00 0 
7fc3e8082000-7fc3e808d000 r-xp 00000000 fc:00 11796811                   /lib/x86_64-linux-gnu/libnss_nis-2.19.so
7fc3e808d000-7fc3e828c000 ---p 0000b000 fc:00 11796811                   /lib/x86_64-linux-gnu/libnss_nis-2.19.so
7fc3e828c000-7fc3e828d000 r--p 0000a000 fc:00 11796811                   /lib/x86_64-linux-gnu/libnss_nis-2.19.so
7fc3e828d000-7fc3e828e000 rw-p 0000b000 fc:00 11796811                   /lib/x86_64-linux-gnu/libnss_nis-2.19.so
7fc3e828e000-7fc3e82a5000 r-xp 00000000 fc:00 11796753                   /lib/x86_64-linux-gnu/libnsl-2.19.so
7fc3e82a5000-7fc3e84a4000 ---p 00017000 fc:00 11796753                   /lib/x86_64-linux-gnu/libnsl-2.19.so
7fc3e84a4000-7fc3e84a5000 r--p 00016000 fc:00 11796753                   /lib/x86_64-linux-gnu/libnsl-2.19.so
7fc3e84a5000-7fc3e84a6000 rw-p 00017000 fc:00 11796753                   /lib/x86_64-linux-gnu/libnsl-2.19.so
7fc3e84a6000-7fc3e84a8000 rw-p 00000000 00:00 0 
7fc3e84a8000-7fc3e84b1000 r-xp 00000000 fc:00 11796751                   /lib/x86_64-linux-gnu/libnss_compat-2.19.so
7fc3e84b1000-7fc3e86b0000 ---p 00009000 fc:00 11796751                   /lib/x86_64-linux-gnu/libnss_compat-2.19.so
7fc3e86b0000-7fc3e86b1000 r--p 00008000 fc:00 11796751                   /lib/x86_64-linux-gnu/libnss_compat-2.19.so
7fc3e86b1000-7fc3e86b2000 rw-p 00009000 fc:00 11796751                   /lib/x86_64-linux-gnu/libnss_compat-2.19.so
7fc3e86b2000-7fc3e86b5000 r-xp 00000000 fc:00 118361918                  /usr/lib/jvm/java-7-oracle/jre/lib/amd64/libnpt.so
7fc3e86b5000-7fc3e88b4000 ---p 00003000 fc:00 118361918                  /usr/lib/jvm/java-7-oracle/jre/lib/amd64/libnpt.so
7fc3e88b4000-7fc3e88b5000 rw-p 00002000 fc:00 118361918                  /usr/lib/jvm/java-7-oracle/jre/lib/amd64/libnpt.so
7fc3e88b5000-7fc3e88ee000 r-xp 00000000 fc:00 118363269                  /usr/lib/jvm/java-7-oracle/jre/lib/amd64/libjdwp.so
7fc3e88ee000-7fc3e8aee000 ---p 00039000 fc:00 118363269                  /usr/lib/jvm/java-7-oracle/jre/lib/amd64/libjdwp.so
7fc3e8aee000-7fc3e8aef000 rw-p 00039000 fc:00 118363269                  /usr/lib/jvm/java-7-oracle/jre/lib/amd64/libjdwp.so
7fc3e8aef000-7fc3e8af0000 rw-p 00000000 00:00 0 
7fc3e8af0000-7fc3e8b19000 r-xp 00000000 fc:00 118361915                  /usr/lib/jvm/java-7-oracle/jre/lib/amd64/libjava.so
7fc3e8b19000-7fc3e8d19000 ---p 00029000 fc:00 118361915                  /usr/lib/jvm/java-7-oracle/jre/lib/amd64/libjava.so
7fc3e8d19000-7fc3e8d1b000 rw-p 00029000 fc:00 118361915                  /usr/lib/jvm/java-7-oracle/jre/lib/amd64/libjava.so
7fc3e8d1b000-7fc3e8d28000 r-xp 00000000 fc:00 118363286                  /usr/lib/jvm/java-7-oracle/jre/lib/amd64/libverify.so
7fc3e8d28000-7fc3e8f27000 ---p 0000d000 fc:00 118363286                  /usr/lib/jvm/java-7-oracle/jre/lib/amd64/libverify.so
7fc3e8f27000-7fc3e8f29000 rw-p 0000c000 fc:00 118363286                  /usr/lib/jvm/java-7-oracle/jre/lib/amd64/libverify.so
7fc3e8f29000-7fc3e8f30000 r-xp 00000000 fc:00 11796807                   /lib/x86_64-linux-gnu/librt-2.19.so
7fc3e8f30000-7fc3e912f000 ---p 00007000 fc:00 11796807                   /lib/x86_64-linux-gnu/librt-2.19.so
7fc3e912f000-7fc3e9130000 r--p 00006000 fc:00 11796807                   /lib/x86_64-linux-gnu/librt-2.19.so
7fc3e9130000-7fc3e9131000 rw-p 00007000 fc:00 11796807                   /lib/x86_64-linux-gnu/librt-2.19.so
7fc3e9131000-7fc3e9236000 r-xp 00000000 fc:00 11796733                   /lib/x86_64-linux-gnu/libm-2.19.so
7fc3e9236000-7fc3e9435000 ---p 00105000 fc:00 11796733                   /lib/x86_64-linux-gnu/libm-2.19.so
7fc3e9435000-7fc3e9436000 r--p 00104000 fc:00 11796733                   /lib/x86_64-linux-gnu/libm-2.19.so
7fc3e9436000-7fc3e9437000 rw-p 00105000 fc:00 11796733                   /lib/x86_64-linux-gnu/libm-2.19.so
7fc3e9437000-7fc3e9fa7000 r-xp 00000000 fc:00 118360000                  /usr/lib/jvm/java-7-oracle/jre/lib/amd64/server/libjvm.so
7fc3e9fa7000-7fc3ea1a6000 ---p 00b70000 fc:00 118360000                  /usr/lib/jvm/java-7-oracle/jre/lib/amd64/server/libjvm.so
7fc3ea1a6000-7fc3ea26b000 rw-p 00b6f000 fc:00 118360000                  /usr/lib/jvm/java-7-oracle/jre/lib/amd64/server/libjvm.so
7fc3ea26b000-7fc3ea2ab000 rw-p 00000000 00:00 0 
7fc3ea2ab000-7fc3ea466000 r-xp 00000000 fc:00 11796801                   /lib/x86_64-linux-gnu/libc-2.19.so
7fc3ea466000-7fc3ea665000 ---p 001bb000 fc:00 11796801                   /lib/x86_64-linux-gnu/libc-2.19.so
7fc3ea665000-7fc3ea669000 r--p 001ba000 fc:00 11796801                   /lib/x86_64-linux-gnu/libc-2.19.so
7fc3ea669000-7fc3ea66b000 rw-p 001be000 fc:00 11796801                   /lib/x86_64-linux-gnu/libc-2.19.so
7fc3ea66b000-7fc3ea670000 rw-p 00000000 00:00 0 
7fc3ea670000-7fc3ea673000 r-xp 00000000 fc:00 11796741                   /lib/x86_64-linux-gnu/libdl-2.19.so
7fc3ea673000-7fc3ea872000 ---p 00003000 fc:00 11796741                   /lib/x86_64-linux-gnu/libdl-2.19.so
7fc3ea872000-7fc3ea873000 r--p 00002000 fc:00 11796741                   /lib/x86_64-linux-gnu/libdl-2.19.so
7fc3ea873000-7fc3ea874000 rw-p 00003000 fc:00 11796741                   /lib/x86_64-linux-gnu/libdl-2.19.so
7fc3ea874000-7fc3ea88a000 r-xp 00000000 fc:00 21107598                   /usr/lib/jvm/java-7-oracle/lib/amd64/jli/libjli.so
7fc3ea88a000-7fc3eaa8a000 ---p 00016000 fc:00 21107598                   /usr/lib/jvm/java-7-oracle/lib/amd64/jli/libjli.so
7fc3eaa8a000-7fc3eaa8b000 rw-p 00016000 fc:00 21107598                   /usr/lib/jvm/java-7-oracle/lib/amd64/jli/libjli.so
7fc3eaa8b000-7fc3eaaa4000 r-xp 00000000 fc:00 11796803                   /lib/x86_64-linux-gnu/libpthread-2.19.so
7fc3eaaa4000-7fc3eaca3000 ---p 00019000 fc:00 11796803                   /lib/x86_64-linux-gnu/libpthread-2.19.so
7fc3eaca3000-7fc3eaca4000 r--p 00018000 fc:00 11796803                   /lib/x86_64-linux-gnu/libpthread-2.19.so
7fc3eaca4000-7fc3eaca5000 rw-p 00019000 fc:00 11796803                   /lib/x86_64-linux-gnu/libpthread-2.19.so
7fc3eaca5000-7fc3eaca9000 rw-p 00000000 00:00 0 
7fc3eaca9000-7fc3eaccc000 r-xp 00000000 fc:00 11796795                   /lib/x86_64-linux-gnu/ld-2.19.so
7fc3eaccc000-7fc3eaccd000 r--s 00004000 fc:00 23593144                   /home/sr/.m2/repository/org/apache/maven/maven-repository-metadata/2.0.4/maven-repository-metadata-2.0.4.jar
7fc3eaccd000-7fc3eacd2000 r--s 00021000 fc:00 23593129                   /home/sr/.m2/repository/args4j/args4j/2.32/args4j-2.32.jar
7fc3eacd2000-7fc3eacd8000 r--s 00027000 fc:00 23593133                   /home/sr/.m2/repository/args4j/args4j-tools/2.32/args4j-tools-2.32-all.jar
7fc3eacd8000-7fc3eacd9000 r--s 00001000 fc:00 23593132                   /home/sr/.m2/repository/org/kohsuke/args4j/args4j-maven-plugin/2.32/args4j-maven-plugin-2.32.jar
7fc3eacd9000-7fc3eace3000 rw-p 00000000 00:00 0 
7fc3eace3000-7fc3ead99000 rw-p 00000000 00:00 0 
7fc3ead99000-7fc3ead9c000 ---p 00000000 00:00 0 
7fc3ead9c000-7fc3eaebf000 rw-p 00000000 00:00 0                          [stack:30291]
7fc3eaebf000-7fc3eaec7000 rw-s 00000000 fc:00 13895365                   /tmp/hsperfdata_sr/30287
7fc3eaec7000-7fc3eaec8000 rw-p 00000000 00:00 0 
7fc3eaec8000-7fc3eaec9000 r--p 00000000 00:00 0 
7fc3eaec9000-7fc3eaecb000 rw-p 00000000 00:00 0 
7fc3eaecb000-7fc3eaecc000 r--p 00022000 fc:00 11796795                   /lib/x86_64-linux-gnu/ld-2.19.so
7fc3eaecc000-7fc3eaecd000 rw-p 00023000 fc:00 11796795                   /lib/x86_64-linux-gnu/ld-2.19.so
7fc3eaecd000-7fc3eaece000 rw-p 00000000 00:00 0 
7fff9321d000-7fff9323f000 rw-p 00000000 00:00 0                          [stack]
7fff933fe000-7fff93400000 r-xp 00000000 00:00 0                          [vdso]
ffffffffff600000-ffffffffff601000 r-xp 00000000 00:00 0                  [vsyscall]

VM Arguments:
jvm_args: -Xdebug -Xrunjdwp:transport=dt_socket,server=n,address=55216 -Dlog4j.configurationFile=file:log4j2.xml -Djava.library.path=/home/sr/NetBeansProjects/MirPara4j 
java_command: no.uio.medisin.bag.jmirpara.JmiCMD -l 11 -s 150 -w 500 -d 60 -b 0.80 -m overall -c /home/sr/NetBeansProjects/MirPara4j/config.yaml -i src/main/test/demo.fas -o src/main/test/demo -r /home/sr/NetBeansProjects/MirPara4j
Launcher Type: SUN_STANDARD

Environment Variables:
JAVA_HOME=/usr/lib/jvm/java-7-oracle
PATH=/usr/local/sbin:/usr/local/bin:/usr/sbin:/usr/bin:/sbin:/bin:/usr/games:/usr/local/games
USERNAME=sr
LD_LIBRARY_PATH=/usr/lib/jvm/java-7-oracle/jre/lib/amd64:/usr/lib/jvm/java-7-oracle/jre/lib/i386:
SHELL=/bin/bash
DISPLAY=:0

Signal Handlers:
SIGSEGV: [libjvm.so+0x99f4a0], sa_mask[0]=0x7ffbfeff, sa_flags=0x10000004
SIGBUS: [libjvm.so+0x99f4a0], sa_mask[0]=0x7ffbfeff, sa_flags=0x10000004
SIGFPE: [libjvm.so+0x81a860], sa_mask[0]=0x7ffbfeff, sa_flags=0x10000004
SIGPIPE: [libjvm.so+0x81a860], sa_mask[0]=0x7ffbfeff, sa_flags=0x10000004
SIGXFSZ: [libjvm.so+0x81a860], sa_mask[0]=0x7ffbfeff, sa_flags=0x10000004
SIGILL: [libjvm.so+0x81a860], sa_mask[0]=0x7ffbfeff, sa_flags=0x10000004
SIGUSR1: SIG_DFL, sa_mask[0]=0x00000000, sa_flags=0x00000000
SIGUSR2: [libjvm.so+0x81c060], sa_mask[0]=0x00000004, sa_flags=0x10000004
SIGHUP: [libjvm.so+0x81d160], sa_mask[0]=0x7ffbfeff, sa_flags=0x10000004
SIGINT: SIG_IGN, sa_mask[0]=0x00000000, sa_flags=0x00000000
SIGTERM: [libjvm.so+0x81d160], sa_mask[0]=0x7ffbfeff, sa_flags=0x10000004
SIGQUIT: [libjvm.so+0x81d160], sa_mask[0]=0x7ffbfeff, sa_flags=0x10000004


---------------  S Y S T E M  ---------------

OS:jessie/sid

uname:Linux 3.13.0-24-generic #47-Ubuntu SMP Fri May 2 23:30:00 UTC 2014 x86_64
libc:glibc 2.19 NPTL 2.19 
rlimit: STACK 8192k, CORE 0k, NPROC 62730, NOFILE 4096, AS infinity
load average:0.19 0.19 0.26

/proc/meminfo:
MemTotal:        8060620 kB
MemFree:          420328 kB
Buffers:          178852 kB
Cached:          1546804 kB
SwapCached:       324592 kB
Active:          5334236 kB
Inactive:        1806844 kB
Active(anon):    4729176 kB
Inactive(anon):  1358388 kB
Active(file):     605060 kB
Inactive(file):   448456 kB
Unevictable:          48 kB
Mlocked:              48 kB
SwapTotal:       8269820 kB
SwapFree:        6980212 kB
Dirty:              1328 kB
Writeback:             0 kB
AnonPages:       5226044 kB
Mapped:           411540 kB
Shmem:            672124 kB
Slab:             302108 kB
SReclaimable:     252468 kB
SUnreclaim:        49640 kB
KernelStack:        6552 kB
PageTables:        66788 kB
NFS_Unstable:          0 kB
Bounce:                0 kB
WritebackTmp:          0 kB
CommitLimit:    12300128 kB
Committed_AS:   14078504 kB
VmallocTotal:   34359738367 kB
VmallocUsed:      361380 kB
VmallocChunk:   34359369832 kB
HardwareCorrupted:     0 kB
AnonHugePages:   2783232 kB
HugePages_Total:       0
HugePages_Free:        0
HugePages_Rsvd:        0
HugePages_Surp:        0
Hugepagesize:       2048 kB
DirectMap4k:      115640 kB
DirectMap2M:     8157184 kB


CPU:total 8 (4 cores per cpu, 2 threads per core) family 6 model 58 stepping 9, cmov, cx8, fxsr, mmx, sse, sse2, sse3, ssse3, sse4.1, sse4.2, popcnt, avx, aes, erms, ht, tsc, tscinvbit, tscinv

/proc/cpuinfo:
processor	: 0
vendor_id	: GenuineIntel
cpu family	: 6
model		: 58
model name	: Intel(R) Core(TM) i7-3770 CPU @ 3.40GHz
stepping	: 9
microcode	: 0x12
cpu MHz		: 2100.000
cache size	: 8192 KB
physical id	: 0
siblings	: 8
core id		: 0
cpu cores	: 4
apicid		: 0
initial apicid	: 0
fpu		: yes
fpu_exception	: yes
cpuid level	: 13
wp		: yes
flags		: fpu vme de pse tsc msr pae mce cx8 apic sep mtrr pge mca cmov pat pse36 clflush dts acpi mmx fxsr sse sse2 ss ht tm pbe syscall nx rdtscp lm constant_tsc arch_perfmon pebs bts rep_good nopl xtopology nonstop_tsc aperfmperf eagerfpu pni pclmulqdq dtes64 monitor ds_cpl vmx smx est tm2 ssse3 cx16 xtpr pdcm pcid sse4_1 sse4_2 x2apic popcnt tsc_deadline_timer aes xsave avx f16c rdrand lahf_lm ida arat epb xsaveopt pln pts dtherm tpr_shadow vnmi flexpriority ept vpid fsgsbase smep erms
bogomips	: 6784.27
clflush size	: 64
cache_alignment	: 64
address sizes	: 36 bits physical, 48 bits virtual
power management:

processor	: 1
vendor_id	: GenuineIntel
cpu family	: 6
model		: 58
model name	: Intel(R) Core(TM) i7-3770 CPU @ 3.40GHz
stepping	: 9
microcode	: 0x12
cpu MHz		: 1600.000
cache size	: 8192 KB
physical id	: 0
siblings	: 8
core id		: 1
cpu cores	: 4
apicid		: 2
initial apicid	: 2
fpu		: yes
fpu_exception	: yes
cpuid level	: 13
wp		: yes
flags		: fpu vme de pse tsc msr pae mce cx8 apic sep mtrr pge mca cmov pat pse36 clflush dts acpi mmx fxsr sse sse2 ss ht tm pbe syscall nx rdtscp lm constant_tsc arch_perfmon pebs bts rep_good nopl xtopology nonstop_tsc aperfmperf eagerfpu pni pclmulqdq dtes64 monitor ds_cpl vmx smx est tm2 ssse3 cx16 xtpr pdcm pcid sse4_1 sse4_2 x2apic popcnt tsc_deadline_timer aes xsave avx f16c rdrand lahf_lm ida arat epb xsaveopt pln pts dtherm tpr_shadow vnmi flexpriority ept vpid fsgsbase smep erms
bogomips	: 6784.27
clflush size	: 64
cache_alignment	: 64
address sizes	: 36 bits physical, 48 bits virtual
power management:

processor	: 2
vendor_id	: GenuineIntel
cpu family	: 6
model		: 58
model name	: Intel(R) Core(TM) i7-3770 CPU @ 3.40GHz
stepping	: 9
microcode	: 0x12
cpu MHz		: 1900.000
cache size	: 8192 KB
physical id	: 0
siblings	: 8
core id		: 2
cpu cores	: 4
apicid		: 4
initial apicid	: 4
fpu		: yes
fpu_exception	: yes
cpuid level	: 13
wp		: yes
flags		: fpu vme de pse tsc msr pae mce cx8 apic sep mtrr pge mca cmov pat pse36 clflush dts acpi mmx fxsr sse sse2 ss ht tm pbe syscall nx rdtscp lm constant_tsc arch_perfmon pebs bts rep_good nopl xtopology nonstop_tsc aperfmperf eagerfpu pni pclmulqdq dtes64 monitor ds_cpl vmx smx est tm2 ssse3 cx16 xtpr pdcm pcid sse4_1 sse4_2 x2apic popcnt tsc_deadline_timer aes xsave avx f16c rdrand lahf_lm ida arat epb xsaveopt pln pts dtherm tpr_shadow vnmi flexpriority ept vpid fsgsbase smep erms
bogomips	: 6784.27
clflush size	: 64
cache_alignment	: 64
address sizes	: 36 bits physical, 48 bits virtual
power management:

processor	: 3
vendor_id	: GenuineIntel
cpu family	: 6
model		: 58
model name	: Intel(R) Core(TM) i7-3770 CPU @ 3.40GHz
stepping	: 9
microcode	: 0x12
cpu MHz		: 3300.000
cache size	: 8192 KB
physical id	: 0
siblings	: 8
core id		: 3
cpu cores	: 4
apicid		: 6
initial apicid	: 6
fpu		: yes
fpu_exception	: yes
cpuid level	: 13
wp		: yes
flags		: fpu vme de pse tsc msr pae mce cx8 apic sep mtrr pge mca cmov pat pse36 clflush dts acpi mmx fxsr sse sse2 ss ht tm pbe syscall nx rdtscp lm constant_tsc arch_perfmon pebs bts rep_good nopl xtopology nonstop_tsc aperfmperf eagerfpu pni pclmulqdq dtes64 monitor ds_cpl vmx smx est tm2 ssse3 cx16 xtpr pdcm pcid sse4_1 sse4_2 x2apic popcnt tsc_deadline_timer aes xsave avx f16c rdrand lahf_lm ida arat epb xsaveopt pln pts dtherm tpr_shadow vnmi flexpriority ept vpid fsgsbase smep erms
bogomips	: 6784.27
clflush size	: 64
cache_alignment	: 64
address sizes	: 36 bits physical, 48 bits virtual
power management:

processor	: 4
vendor_id	: GenuineIntel
cpu family	: 6
model		: 58
model name	: Intel(R) Core(TM) i7-3770 CPU @ 3.40GHz
stepping	: 9
microcode	: 0x12
cpu MHz		: 2900.000
cache size	: 8192 KB
physical id	: 0
siblings	: 8
core id		: 0
cpu cores	: 4
apicid		: 1
initial apicid	: 1
fpu		: yes
fpu_exception	: yes
cpuid level	: 13
wp		: yes
flags		: fpu vme de pse tsc msr pae mce cx8 apic sep mtrr pge mca cmov pat pse36 clflush dts acpi mmx fxsr sse sse2 ss ht tm pbe syscall nx rdtscp lm constant_tsc arch_perfmon pebs bts rep_good nopl xtopology nonstop_tsc aperfmperf eagerfpu pni pclmulqdq dtes64 monitor ds_cpl vmx smx est tm2 ssse3 cx16 xtpr pdcm pcid sse4_1 sse4_2 x2apic popcnt tsc_deadline_timer aes xsave avx f16c rdrand lahf_lm ida arat epb xsaveopt pln pts dtherm tpr_shadow vnmi flexpriority ept vpid fsgsbase smep erms
bogomips	: 6784.27
clflush size	: 64
cache_alignment	: 64
address sizes	: 36 bits physical, 48 bits virtual
power management:

processor	: 5
vendor_id	: GenuineIntel
cpu family	: 6
model		: 58
model name	: Intel(R) Core(TM) i7-3770 CPU @ 3.40GHz
stepping	: 9
microcode	: 0x12
cpu MHz		: 2100.000
cache size	: 8192 KB
physical id	: 0
siblings	: 8
core id		: 1
cpu cores	: 4
apicid		: 3
initial apicid	: 3
fpu		: yes
fpu_exception	: yes
cpuid level	: 13
wp		: yes
flags		: fpu vme de pse tsc msr pae mce cx8 apic sep mtrr pge mca cmov pat pse36 clflush dts acpi mmx fxsr sse sse2 ss ht tm pbe syscall nx rdtscp lm constant_tsc arch_perfmon pebs bts rep_good nopl xtopology nonstop_tsc aperfmperf eagerfpu pni pclmulqdq dtes64 monitor ds_cpl vmx smx est tm2 ssse3 cx16 xtpr pdcm pcid sse4_1 sse4_2 x2apic popcnt tsc_deadline_timer aes xsave avx f16c rdrand lahf_lm ida arat epb xsaveopt pln pts dtherm tpr_shadow vnmi flexpriority ept vpid fsgsbase smep erms
bogomips	: 6784.27
clflush size	: 64
cache_alignment	: 64
address sizes	: 36 bits physical, 48 bits virtual
power management:

processor	: 6
vendor_id	: GenuineIntel
cpu family	: 6
model		: 58
model name	: Intel(R) Core(TM) i7-3770 CPU @ 3.40GHz
stepping	: 9
microcode	: 0x12
cpu MHz		: 3401.000
cache size	: 8192 KB
physical id	: 0
siblings	: 8
core id		: 2
cpu cores	: 4
apicid		: 5
initial apicid	: 5
fpu		: yes
fpu_exception	: yes
cpuid level	: 13
wp		: yes
flags		: fpu vme de pse tsc msr pae mce cx8 apic sep mtrr pge mca cmov pat pse36 clflush dts acpi mmx fxsr sse sse2 ss ht tm pbe syscall nx rdtscp lm constant_tsc arch_perfmon pebs bts rep_good nopl xtopology nonstop_tsc aperfmperf eagerfpu pni pclmulqdq dtes64 monitor ds_cpl vmx smx est tm2 ssse3 cx16 xtpr pdcm pcid sse4_1 sse4_2 x2apic popcnt tsc_deadline_timer aes xsave avx f16c rdrand lahf_lm ida arat epb xsaveopt pln pts dtherm tpr_shadow vnmi flexpriority ept vpid fsgsbase smep erms
bogomips	: 6784.27
clflush size	: 64
cache_alignment	: 64
address sizes	: 36 bits physical, 48 bits virtual
power management:

processor	: 7
vendor_id	: GenuineIntel
cpu family	: 6
model		: 58
model name	: Intel(R) Core(TM) i7-3770 CPU @ 3.40GHz
stepping	: 9
microcode	: 0x12
cpu MHz		: 1600.000
cache size	: 8192 KB
physical id	: 0
siblings	: 8
core id		: 3
cpu cores	: 4
apicid		: 7
initial apicid	: 7
fpu		: yes
fpu_exception	: yes
cpuid level	: 13
wp		: yes
flags		: fpu vme de pse tsc msr pae mce cx8 apic sep mtrr pge mca cmov pat pse36 clflush dts acpi mmx fxsr sse sse2 ss ht tm pbe syscall nx rdtscp lm constant_tsc arch_perfmon pebs bts rep_good nopl xtopology nonstop_tsc aperfmperf eagerfpu pni pclmulqdq dtes64 monitor ds_cpl vmx smx est tm2 ssse3 cx16 xtpr pdcm pcid sse4_1 sse4_2 x2apic popcnt tsc_deadline_timer aes xsave avx f16c rdrand lahf_lm ida arat epb xsaveopt pln pts dtherm tpr_shadow vnmi flexpriority ept vpid fsgsbase smep erms
bogomips	: 6784.27
clflush size	: 64
cache_alignment	: 64
address sizes	: 36 bits physical, 48 bits virtual
power management:



Memory: 4k page, physical 8060620k(420328k free), swap 8269820k(6980212k free)

vm_info: Java HotSpot(TM) 64-Bit Server VM (24.65-b04) for linux-amd64 JRE (1.7.0_65-b17), built on Jun 16 2014 20:55:34 by "java_re" with gcc 4.3.0 20080428 (Red Hat 4.3.0-8)

time: Fri Jul  3 15:39:04 2015
elapsed time: 303 seconds

