#
# A fatal error has been detected by the Java Runtime Environment:
#
#  SIGSEGV (0xb) at pc=0x00000000000029a0, pid=24573, tid=140314494859008
#
# JRE version: Java(TM) SE Runtime Environment (7.0_65-b17) (build 1.7.0_65-b17)
# Java VM: Java HotSpot(TM) 64-Bit Server VM (24.65-b04 mixed mode linux-amd64 compressed oops)
# Problematic frame:
# C  0x00000000000029a0
#
# Failed to write core dump. Core dumps have been disabled. To enable core dumping, try "ulimit -c unlimited" before starting Java again
#
# If you would like to submit a bug report, please visit:
#   http://bugreport.sun.com/bugreport/crash.jsp
# The crash happened outside the Java Virtual Machine in native code.
# See problematic frame for where to report the bug.
#

---------------  T H R E A D  ---------------

Current thread (0x00007f9d900a7800):  JavaThread "JDWP Transport Listener: dt_socket" daemon [_thread_in_native, id=24590, stack(0x00007f9d838f7000,0x00007f9d839f8000)]

siginfo:si_signo=SIGSEGV: si_errno=0, si_code=1 (SEGV_MAPERR), si_addr=0x00000000000029a0

Registers:
RAX=0x00007f9d82bc5ca8, RBX=0x00007f9d90407c30, RCX=0x0000000000000000, RDX=0x0000000000000000
RSP=0x00007f9d839f6908, RBP=0x00007f9d839f6a40, RSI=0x0000000000000000, RDI=0x00007f9d960362f0
R8 =0x0000000000000000, R9 =0x00007f9d959fee88, R10=0x00007f9d96036270, R11=0x00007f9d95679550
R12=0x00007f9d82bc5c38, R13=0x0000000000000014, R14=0x0000000000000000, R15=0x00007f9d839f6910
RIP=0x00000000000029a0, EFLAGS=0x0000000000010202, CSGSFS=0x0000000000000033, ERR=0x0000000000000014
  TRAPNO=0x000000000000000e

Top of Stack: (sp=0x00007f9d839f6908)
0x00007f9d839f6908:   00007f9d9604b73a 00007f9d9625f1c8
0x00007f9d839f6918:   00007f9d9625f760 00007f9d9622f000
0x00007f9d839f6928:   00007f9d900009a0 00007f9d90004100
0x00007f9d839f6938:   00007f9d90004e30 00007f9d9000b640
0x00007f9d839f6948:   00007f9d9000c190 00007f9d9000baf0
0x00007f9d839f6958:   00007f9d9000c6a0 00007f9d90019600
0x00007f9d839f6968:   00007f9d9009ecc0 00007f9d901d5100
0x00007f9d839f6978:   00007f9d902994c0 00007f9d90299990
0x00007f9d839f6988:   00007f9d90002210 00007f9d90001b90
0x00007f9d839f6998:   0000000000804580 00007f9d9622f508
0x00007f9d839f69a8:   00007f9d9625c750 00007f9d90407c30
0x00007f9d839f69b8:   0000000000804a60 00007f9d9622f9f0
0x00007f9d839f69c8:   00007f9d9625e9f8 000000000000000a
0x00007f9d839f69d8:   00007f9d9604b5ed 0000000000000000
0x00007f9d839f69e8:   ffffffffffffffff 00000000000000c0
0x00007f9d839f69f8:   0000000000000000 00007f9d9625e068
0x00007f9d839f6a08:   0000001800000000 00007f9d95613008
0x00007f9d839f6a18:   0000000000000000 0000000000000001
0x00007f9d839f6a28:   00007f9d959fce80 00007f9d8fdd4120
0x00007f9d839f6a38:   000000000000000a 00007f9d959fb6c8
0x00007f9d839f6a48:   00007f9d95679259 0000000000000000
0x00007f9d839f6a58:   0000000000000000 00007f9d839f6aa0
0x00007f9d839f6a68:   00007f9d839f6b10 0000000000000000
0x00007f9d839f6a78:   00007f9d956792a5 0000000000000006
0x00007f9d839f6a88:   00007f9d8fba8d47 0000000000010d00
0x00007f9d839f6a98:   00007f9d839f6ca0 00007f9d839f6ad0
0x00007f9d839f6aa8:   00007f9d8fba62fd 0000000000000001
0x00007f9d839f6ab8:   000000000000000a 0000000000000001
0x00007f9d839f6ac8:   00000000000a0100 00007f9d839f6d20
0x00007f9d839f6ad8:   00007f9d8fbab976 000273900000000f
0x00007f9d839f6ae8:   00007f9d940a0100 00007f9d28001030
0x00007f9d839f6af8:   00007f9d900a7800 00007f9d839f6b10 

Instructions: (pc=0x00000000000029a0)
0x0000000000002980:   
[error occurred during error reporting (printing registers, top of stack, instructions near pc), id 0xb]

Register to memory mapping:

RAX=
[error occurred during error reporting (printing register info), id 0xb]

Stack: [0x00007f9d838f7000,0x00007f9d839f8000],  sp=0x00007f9d839f6908,  free space=1022k
Native frames: (J=compiled Java code, j=interpreted, Vv=VM code, C=native code)
C  0x00000000000029a0


---------------  P R O C E S S  ---------------

Java Threads: ( => current thread )
  0x00007f9d900b2800 JavaThread "Service Thread" daemon [_thread_blocked, id=24598, stack(0x00007f9d833f2000,0x00007f9d834f3000)]
  0x00007f9d900b0000 JavaThread "C2 CompilerThread1" daemon [_thread_blocked, id=24597, stack(0x00007f9d834f3000,0x00007f9d835f4000)]
  0x00007f9d900ad000 JavaThread "C2 CompilerThread0" daemon [_thread_blocked, id=24596, stack(0x00007f9d835f4000,0x00007f9d836f5000)]
  0x00007f9d900ab000 JavaThread "JDWP Event Helper Thread" daemon [_thread_blocked, id=24592, stack(0x00007f9d837f6000,0x00007f9d838f7000)]
=>0x00007f9d900a7800 JavaThread "JDWP Transport Listener: dt_socket" daemon [_thread_in_native, id=24590, stack(0x00007f9d838f7000,0x00007f9d839f8000)]
  0x00007f9d9009a800 JavaThread "Signal Dispatcher" daemon [_thread_blocked, id=24589, stack(0x00007f9d83bfc000,0x00007f9d83cfd000)]
  0x00007f9d9007c000 JavaThread "Finalizer" daemon [_thread_blocked, id=24588, stack(0x00007f9d83cfd000,0x00007f9d83dfe000)]
  0x00007f9d9007a000 JavaThread "Reference Handler" daemon [_thread_blocked, id=24587, stack(0x00007f9d83dfe000,0x00007f9d83eff000)]
  0x00007f9d9000d000 JavaThread "main" [_thread_blocked, id=24577, stack(0x00007f9d9612b000,0x00007f9d9622c000)]

Other Threads:
  0x00007f9d90075800 VMThread [stack: 0x00007f9d83eff000,0x00007f9d84000000] [id=24586]
  0x00007f9d900bd800 WatcherThread [stack: 0x00007f9d832f1000,0x00007f9d833f2000] [id=24599]

VM state:not at safepoint (normal execution)

VM Mutex/Monitor currently owned by a thread: None

Heap
 PSYoungGen      total 36864K, used 19087K [0x00000007d7000000, 0x00000007d9900000, 0x0000000800000000)
  eden space 31744K, 60% used [0x00000007d7000000,0x00000007d82a3ff8,0x00000007d8f00000)
  from space 5120K, 0% used [0x00000007d9400000,0x00000007d9400000,0x00000007d9900000)
  to   space 5120K, 0% used [0x00000007d8f00000,0x00000007d8f00000,0x00000007d9400000)
 ParOldGen       total 83968K, used 0K [0x0000000785000000, 0x000000078a200000, 0x00000007d7000000)
  object space 83968K, 0% used [0x0000000785000000,0x0000000785000000,0x000000078a200000)
 PSPermGen       total 21504K, used 9820K [0x000000077fe00000, 0x0000000781300000, 0x0000000785000000)
  object space 21504K, 45% used [0x000000077fe00000,0x00000007807971e0,0x0000000781300000)

Card table byte_map: [0x00007f9d8ae67000,0x00007f9d8b269000] byte_map_base: 0x00007f9d87268000

Polling page: 0x00007f9d9625a000

Code Cache  [0x00007f9d8b269000, 0x00007f9d8b4d9000, 0x00007f9d8e269000)
 total_blobs=344 nmethods=60 adapters=245 free_code_cache=48533Kb largest_free_block=49652672

Compilation events (10 events):
Event: 0.454 Thread 0x00007f9d900ad000 nmethod 56 0x00007f9d8b2f3c90 code [0x00007f9d8b2f3de0, 0x00007f9d8b2f3f28]
Event: 0.454 Thread 0x00007f9d900b0000 nmethod 55 0x00007f9d8b2f3710 code [0x00007f9d8b2f3880, 0x00007f9d8b2f3aa8]
Event: 0.457 Thread 0x00007f9d900ad000   57             sun.misc.URLClassPath::getResource (74 bytes)
Event: 0.463 Thread 0x00007f9d900b0000   58   !         sun.misc.URLClassPath$JarLoader::getResource (91 bytes)
Event: 0.493 Thread 0x00007f9d900b0000 nmethod 58 0x00007f9d8b2fdf50 code [0x00007f9d8b2fe380, 0x00007f9d8b300598]
Event: 0.493 Thread 0x00007f9d900b0000   59             java.util.Arrays::copyOf (19 bytes)
Event: 0.494 Thread 0x00007f9d900b0000 nmethod 59 0x00007f9d8b2f3310 code [0x00007f9d8b2f3460, 0x00007f9d8b2f35f8]
Event: 0.494 Thread 0x00007f9d900b0000   60             sun.misc.MetaIndex::mayContain (51 bytes)
Event: 0.494 Thread 0x00007f9d900ad000 nmethod 57 0x00007f9d8b307810 code [0x00007f9d8b307da0, 0x00007f9d8b30a638]
Event: 0.498 Thread 0x00007f9d900b0000 nmethod 60 0x00007f9d8b2f5150 code [0x00007f9d8b2f52e0, 0x00007f9d8b2f5788]

GC Heap History (0 events):
No events

Deoptimization events (3 events):
Event: 0.324 Thread 0x00007f9d9000d000 Uncommon trap: reason=null_check action=make_not_entrant pc=0x00007f9d8b2cba88 method=java.lang.String.equals(Ljava/lang/Object;)Z @ 8
Event: 0.347 Thread 0x00007f9d9000d000 Uncommon trap: reason=range_check action=make_not_entrant pc=0x00007f9d8b2e1eb4 method=sun.reflect.generics.parser.SignatureParser.current()C @ 34
Event: 0.486 Thread 0x00007f9d9000d000 Uncommon trap: reason=unreached action=reinterpret pc=0x00007f9d8b2eb2a4 method=java.util.HashMap.get(Ljava/lang/Object;)Ljava/lang/Object; @ 1

Internal exceptions (10 events):
Event: 0.488 Thread 0x00007f9d9000d000 Threw 0x00000007d820e0a8 at /HUDSON/workspace/7u-2-build-linux-amd64/jdk7u65/1224/hotspot/src/share/vm/prims/jvm.cpp:1244
Event: 0.489 Thread 0x00007f9d9000d000 Threw 0x00000007d82163a8 at /HUDSON/workspace/7u-2-build-linux-amd64/jdk7u65/1224/hotspot/src/share/vm/prims/jvm.cpp:1244
Event: 0.489 Thread 0x00007f9d9000d000 Threw 0x00000007d821c790 at /HUDSON/workspace/7u-2-build-linux-amd64/jdk7u65/1224/hotspot/src/share/vm/prims/jvm.cpp:1244
Event: 0.490 Thread 0x00007f9d9000d000 Threw 0x00000007d8220600 at /HUDSON/workspace/7u-2-build-linux-amd64/jdk7u65/1224/hotspot/src/share/vm/prims/jvm.cpp:1244
Event: 0.490 Thread 0x00007f9d9000d000 Threw 0x00000007d8228060 at /HUDSON/workspace/7u-2-build-linux-amd64/jdk7u65/1224/hotspot/src/share/vm/prims/jvm.cpp:1244
Event: 0.490 Thread 0x00007f9d9000d000 Threw 0x00000007d822cc58 at /HUDSON/workspace/7u-2-build-linux-amd64/jdk7u65/1224/hotspot/src/share/vm/prims/jvm.cpp:1244
Event: 0.491 Thread 0x00007f9d9000d000 Threw 0x00000007d8231980 at /HUDSON/workspace/7u-2-build-linux-amd64/jdk7u65/1224/hotspot/src/share/vm/prims/jvm.cpp:1244
Event: 0.491 Thread 0x00007f9d9000d000 Threw 0x00000007d8236c28 at /HUDSON/workspace/7u-2-build-linux-amd64/jdk7u65/1224/hotspot/src/share/vm/prims/jvm.cpp:1244
Event: 0.492 Thread 0x00007f9d9000d000 Threw 0x00000007d823e8e8 at /HUDSON/workspace/7u-2-build-linux-amd64/jdk7u65/1224/hotspot/src/share/vm/prims/jvm.cpp:1244
Event: 0.494 Thread 0x00007f9d9000d000 Threw 0x00000007d824d158 at /HUDSON/workspace/7u-2-build-linux-amd64/jdk7u65/1224/hotspot/src/share/vm/prims/jvm.cpp:1244

Events (10 events):
Event: 0.924 Executing VM operation: GetOrSetLocal done
Event: 0.924 Executing VM operation: GetOrSetLocal
Event: 0.924 Executing VM operation: GetOrSetLocal done
Event: 0.924 Executing VM operation: GetOrSetLocal
Event: 0.924 Executing VM operation: GetOrSetLocal done
Event: 0.924 Executing VM operation: GetOrSetLocal
Event: 0.924 Executing VM operation: GetOrSetLocal done
Event: 4.096 Executing VM operation: EnableBiasedLocking
Event: 4.097 Executing VM operation: EnableBiasedLocking done
Event: 127.611 Thread 0x00007f9d30001000 Thread exited: 0x00007f9d30001000


Dynamic libraries:
00400000-00401000 r-xp 00000000 fc:00 21108754                           /usr/lib/jvm/java-7-oracle/bin/java
00600000-00601000 rw-p 00000000 fc:00 21108754                           /usr/lib/jvm/java-7-oracle/bin/java
00804000-00825000 rw-p 00000000 00:00 0                                  [heap]
77fe00000-781300000 rw-p 00000000 00:00 0 
781300000-785000000 rw-p 00000000 00:00 0 
785000000-78a200000 rw-p 00000000 00:00 0 
78a200000-7d7000000 rw-p 00000000 00:00 0 
7d7000000-7d9900000 rw-p 00000000 00:00 0 
7d9900000-800000000 rw-p 00000000 00:00 0 
7f9d18000000-7f9d18021000 rw-p 00000000 00:00 0 
7f9d18021000-7f9d1c000000 ---p 00000000 00:00 0 
7f9d20000000-7f9d2043f000 rw-p 00000000 00:00 0 
7f9d2043f000-7f9d24000000 ---p 00000000 00:00 0 
7f9d24000000-7f9d24021000 rw-p 00000000 00:00 0 
7f9d24021000-7f9d28000000 ---p 00000000 00:00 0 
7f9d28000000-7f9d28021000 rw-p 00000000 00:00 0 
7f9d28021000-7f9d2c000000 ---p 00000000 00:00 0 
7f9d2c000000-7f9d2c497000 rw-p 00000000 00:00 0 
7f9d2c497000-7f9d30000000 ---p 00000000 00:00 0 
7f9d30000000-7f9d30021000 rw-p 00000000 00:00 0 
7f9d30021000-7f9d34000000 ---p 00000000 00:00 0 
7f9d34000000-7f9d34026000 rw-p 00000000 00:00 0 
7f9d34026000-7f9d38000000 ---p 00000000 00:00 0 
7f9d38000000-7f9d38021000 rw-p 00000000 00:00 0 
7f9d38021000-7f9d3c000000 ---p 00000000 00:00 0 
7f9d3c000000-7f9d3c021000 rw-p 00000000 00:00 0 
7f9d3c021000-7f9d40000000 ---p 00000000 00:00 0 
7f9d40000000-7f9d40021000 rw-p 00000000 00:00 0 
7f9d40021000-7f9d44000000 ---p 00000000 00:00 0 
7f9d47ff0000-7f9d4c000000 rw-p 00000000 00:00 0 
7f9d4c000000-7f9d4c021000 rw-p 00000000 00:00 0 
7f9d4c021000-7f9d50000000 ---p 00000000 00:00 0 
7f9d50000000-7f9d50021000 rw-p 00000000 00:00 0 
7f9d50021000-7f9d54000000 ---p 00000000 00:00 0 
7f9d54000000-7f9d54021000 rw-p 00000000 00:00 0 
7f9d54021000-7f9d58000000 ---p 00000000 00:00 0 
7f9d5c000000-7f9d5c021000 rw-p 00000000 00:00 0 
7f9d5c021000-7f9d60000000 ---p 00000000 00:00 0 
7f9d64000000-7f9d64021000 rw-p 00000000 00:00 0 
7f9d64021000-7f9d68000000 ---p 00000000 00:00 0 
7f9d6c000000-7f9d6c021000 rw-p 00000000 00:00 0 
7f9d6c021000-7f9d70000000 ---p 00000000 00:00 0 
7f9d74000000-7f9d74021000 rw-p 00000000 00:00 0 
7f9d74021000-7f9d78000000 ---p 00000000 00:00 0 
7f9d7c000000-7f9d7c021000 rw-p 00000000 00:00 0 
7f9d7c021000-7f9d80000000 ---p 00000000 00:00 0 
7f9d829b5000-7f9d829c6000 r-xp 00000000 fc:00 23725856                   /home/sr/NetBeansProjects/MirPara4j/libRNAFold.so
7f9d829c6000-7f9d82bc5000 ---p 00011000 fc:00 23725856                   /home/sr/NetBeansProjects/MirPara4j/libRNAFold.so
7f9d82bc5000-7f9d82bc6000 r--p 00010000 fc:00 23725856                   /home/sr/NetBeansProjects/MirPara4j/libRNAFold.so
7f9d82bc6000-7f9d82c28000 rw-p 00011000 fc:00 23725856                   /home/sr/NetBeansProjects/MirPara4j/libRNAFold.so
7f9d82c28000-7f9d82cc1000 rw-p 00000000 00:00 0 
7f9d82cc1000-7f9d82cd7000 r-xp 00000000 fc:00 118359929                  /usr/lib/jvm/java-7-oracle/jre/lib/amd64/libnet.so
7f9d82cd7000-7f9d82ed7000 ---p 00016000 fc:00 118359929                  /usr/lib/jvm/java-7-oracle/jre/lib/amd64/libnet.so
7f9d82ed7000-7f9d82ed8000 rw-p 00016000 fc:00 118359929                  /usr/lib/jvm/java-7-oracle/jre/lib/amd64/libnet.so
7f9d82ed8000-7f9d82ee8000 r-xp 00000000 fc:00 118363267                  /usr/lib/jvm/java-7-oracle/jre/lib/amd64/libnio.so
7f9d82ee8000-7f9d830e8000 ---p 00010000 fc:00 118363267                  /usr/lib/jvm/java-7-oracle/jre/lib/amd64/libnio.so
7f9d830e8000-7f9d830e9000 rw-p 00010000 fc:00 118363267                  /usr/lib/jvm/java-7-oracle/jre/lib/amd64/libnio.so
7f9d830e9000-7f9d830f1000 r-xp 00000000 fc:00 118359932                  /usr/lib/jvm/java-7-oracle/jre/lib/amd64/libmanagement.so
7f9d830f1000-7f9d832f0000 ---p 00008000 fc:00 118359932                  /usr/lib/jvm/java-7-oracle/jre/lib/amd64/libmanagement.so
7f9d832f0000-7f9d832f1000 rw-p 00007000 fc:00 118359932                  /usr/lib/jvm/java-7-oracle/jre/lib/amd64/libmanagement.so
7f9d832f1000-7f9d832f2000 ---p 00000000 00:00 0 
7f9d832f2000-7f9d833f2000 rw-p 00000000 00:00 0                          [stack:24599]
7f9d833f2000-7f9d833f5000 ---p 00000000 00:00 0 
7f9d833f5000-7f9d834f3000 rw-p 00000000 00:00 0                          [stack:24598]
7f9d834f3000-7f9d834f6000 ---p 00000000 00:00 0 
7f9d834f6000-7f9d835f4000 rw-p 00000000 00:00 0                          [stack:24597]
7f9d835f4000-7f9d835f7000 ---p 00000000 00:00 0 
7f9d835f7000-7f9d836f5000 rw-p 00000000 00:00 0                          [stack:24596]
7f9d836f5000-7f9d836f8000 ---p 00000000 00:00 0 
7f9d836f8000-7f9d837f6000 rw-p 00000000 00:00 0 
7f9d837f6000-7f9d837f9000 ---p 00000000 00:00 0 
7f9d837f9000-7f9d838f7000 rw-p 00000000 00:00 0                          [stack:24592]
7f9d838f7000-7f9d838fa000 ---p 00000000 00:00 0 
7f9d838fa000-7f9d839f8000 rw-p 00000000 00:00 0                          [stack:24590]
7f9d839f8000-7f9d839fc000 r-xp 00000000 fc:00 118360012                  /usr/lib/jvm/java-7-oracle/jre/lib/amd64/libdt_socket.so
7f9d839fc000-7f9d83bfb000 ---p 00004000 fc:00 118360012                  /usr/lib/jvm/java-7-oracle/jre/lib/amd64/libdt_socket.so
7f9d83bfb000-7f9d83bfc000 rw-p 00003000 fc:00 118360012                  /usr/lib/jvm/java-7-oracle/jre/lib/amd64/libdt_socket.so
7f9d83bfc000-7f9d83bff000 ---p 00000000 00:00 0 
7f9d83bff000-7f9d83cfd000 rw-p 00000000 00:00 0                          [stack:24589]
7f9d83cfd000-7f9d83d00000 ---p 00000000 00:00 0 
7f9d83d00000-7f9d83dfe000 rw-p 00000000 00:00 0                          [stack:24588]
7f9d83dfe000-7f9d83e01000 ---p 00000000 00:00 0 
7f9d83e01000-7f9d83eff000 rw-p 00000000 00:00 0                          [stack:24587]
7f9d83eff000-7f9d83f00000 ---p 00000000 00:00 0 
7f9d83f00000-7f9d84000000 rw-p 00000000 00:00 0                          [stack:24586]
7f9d84000000-7f9d84021000 rw-p 00000000 00:00 0 
7f9d84021000-7f9d88000000 ---p 00000000 00:00 0 
7f9d880b4000-7f9d880b5000 rw-p 00000000 00:00 0 
7f9d880b5000-7f9d880bf000 r--s 00251000 fc:00 118233088                  /usr/lib/jvm/java-7-oracle/jre/lib/resources.jar
7f9d880bf000-7f9d880c6000 r--s 00064000 fc:00 23725032                   /home/sr/.m2/repository/org/apache/commons/commons-lang3/3.4/commons-lang3-3.4.jar
7f9d880c6000-7f9d880cc000 r--s 0003c000 fc:00 23724880                   /home/sr/.m2/repository/org/yaml/snakeyaml/1.15/snakeyaml-1.15.jar
7f9d880cc000-7f9d880cd000 r--s 0000e000 fc:00 23724566                   /home/sr/.m2/repository/tw/edu/ntu/csie/libsvm/3.17/libsvm-3.17.jar
7f9d880cd000-7f9d880cf000 r--s 00009000 fc:00 23594295                   /home/sr/.m2/repository/commons-cli/commons-cli/1.2/commons-cli-1.2.jar
7f9d880cf000-7f9d880e0000 r--s 000b9000 fc:00 23593128                   /home/sr/.m2/repository/org/apache/logging/log4j/log4j-core/2.2/log4j-core-2.2.jar
7f9d880e0000-7f9d880e3000 r--s 0001e000 fc:00 23593127                   /home/sr/.m2/repository/org/apache/logging/log4j/log4j-api/2.2/log4j-api-2.2.jar
7f9d880e3000-7f9d880e4000 r--s 00002000 fc:00 23593160                   /home/sr/.m2/repository/org/apache/maven/maven-plugin-api/2.0/maven-plugin-api-2.0.jar
7f9d880e4000-7f9d880e7000 r--s 0001b000 fc:00 23593153                   /home/sr/.m2/repository/junit/junit/3.8.1/junit-3.8.1.jar
7f9d880e7000-7f9d880ee000 r--s 00029000 fc:00 23593152                   /home/sr/.m2/repository/org/codehaus/plexus/plexus-container-default/1.0-alpha-9/plexus-container-default-1.0-alpha-9.jar
7f9d880ee000-7f9d880f1000 r--s 00011000 fc:00 23593150                   /home/sr/.m2/repository/org/apache/maven/maven-artifact/2.0.4/maven-artifact-2.0.4.jar
7f9d880f1000-7f9d89d3e000 rw-p 00000000 00:00 0 
7f9d89d3e000-7f9d89efd000 r--s 039e5000 fc:00 118232631                  /usr/lib/jvm/java-7-oracle/jre/lib/rt.jar
7f9d89efd000-7f9d8a3cf000 rw-p 00000000 00:00 0 
7f9d8a3cf000-7f9d8a3d0000 ---p 00000000 00:00 0 
7f9d8a3d0000-7f9d8a4d0000 rw-p 00000000 00:00 0                          [stack:24585]
7f9d8a4d0000-7f9d8a4d1000 ---p 00000000 00:00 0 
7f9d8a4d1000-7f9d8a5d1000 rw-p 00000000 00:00 0                          [stack:24584]
7f9d8a5d1000-7f9d8a5d2000 ---p 00000000 00:00 0 
7f9d8a5d2000-7f9d8a6d2000 rw-p 00000000 00:00 0                          [stack:24583]
7f9d8a6d2000-7f9d8a6d3000 ---p 00000000 00:00 0 
7f9d8a6d3000-7f9d8a7d3000 rw-p 00000000 00:00 0                          [stack:24582]
7f9d8a7d3000-7f9d8a7d4000 ---p 00000000 00:00 0 
7f9d8a7d4000-7f9d8a8d4000 rw-p 00000000 00:00 0                          [stack:24581]
7f9d8a8d4000-7f9d8a8d5000 ---p 00000000 00:00 0 
7f9d8a8d5000-7f9d8a9d5000 rw-p 00000000 00:00 0                          [stack:24580]
7f9d8a9d5000-7f9d8a9d6000 ---p 00000000 00:00 0 
7f9d8a9d6000-7f9d8aad6000 rw-p 00000000 00:00 0                          [stack:24579]
7f9d8aad6000-7f9d8aad7000 ---p 00000000 00:00 0 
7f9d8aad7000-7f9d8ac00000 rw-p 00000000 00:00 0                          [stack:24578]
7f9d8ac00000-7f9d8ae67000 rw-p 00000000 00:00 0 
7f9d8ae67000-7f9d8ae72000 rw-p 00000000 00:00 0 
7f9d8ae72000-7f9d8ae90000 rw-p 00000000 00:00 0 
7f9d8ae90000-7f9d8aeb9000 rw-p 00000000 00:00 0 
7f9d8aeb9000-7f9d8b120000 rw-p 00000000 00:00 0 
7f9d8b120000-7f9d8b135000 rw-p 00000000 00:00 0 
7f9d8b135000-7f9d8b268000 rw-p 00000000 00:00 0 
7f9d8b268000-7f9d8b269000 rw-p 00000000 00:00 0 
7f9d8b269000-7f9d8b4d9000 rwxp 00000000 00:00 0 
7f9d8b4d9000-7f9d8e269000 rw-p 00000000 00:00 0 
7f9d8e269000-7f9d8e283000 r-xp 00000000 fc:00 118362883                  /usr/lib/jvm/java-7-oracle/jre/lib/amd64/libzip.so
7f9d8e283000-7f9d8e483000 ---p 0001a000 fc:00 118362883                  /usr/lib/jvm/java-7-oracle/jre/lib/amd64/libzip.so
7f9d8e483000-7f9d8e484000 rw-p 0001a000 fc:00 118362883                  /usr/lib/jvm/java-7-oracle/jre/lib/amd64/libzip.so
7f9d8e484000-7f9d8e48f000 r-xp 00000000 fc:00 11796735                   /lib/x86_64-linux-gnu/libnss_files-2.19.so
7f9d8e48f000-7f9d8e68e000 ---p 0000b000 fc:00 11796735                   /lib/x86_64-linux-gnu/libnss_files-2.19.so
7f9d8e68e000-7f9d8e68f000 r--p 0000a000 fc:00 11796735                   /lib/x86_64-linux-gnu/libnss_files-2.19.so
7f9d8e68f000-7f9d8e690000 rw-p 0000b000 fc:00 11796735                   /lib/x86_64-linux-gnu/libnss_files-2.19.so
7f9d8e690000-7f9d8e69b000 r-xp 00000000 fc:00 11796811                   /lib/x86_64-linux-gnu/libnss_nis-2.19.so
7f9d8e69b000-7f9d8e89a000 ---p 0000b000 fc:00 11796811                   /lib/x86_64-linux-gnu/libnss_nis-2.19.so
7f9d8e89a000-7f9d8e89b000 r--p 0000a000 fc:00 11796811                   /lib/x86_64-linux-gnu/libnss_nis-2.19.so
7f9d8e89b000-7f9d8e89c000 rw-p 0000b000 fc:00 11796811                   /lib/x86_64-linux-gnu/libnss_nis-2.19.so
7f9d8e89c000-7f9d8e8b3000 r-xp 00000000 fc:00 11796753                   /lib/x86_64-linux-gnu/libnsl-2.19.so
7f9d8e8b3000-7f9d8eab2000 ---p 00017000 fc:00 11796753                   /lib/x86_64-linux-gnu/libnsl-2.19.so
7f9d8eab2000-7f9d8eab3000 r--p 00016000 fc:00 11796753                   /lib/x86_64-linux-gnu/libnsl-2.19.so
7f9d8eab3000-7f9d8eab4000 rw-p 00017000 fc:00 11796753                   /lib/x86_64-linux-gnu/libnsl-2.19.so
7f9d8eab4000-7f9d8eab6000 rw-p 00000000 00:00 0 
7f9d8eab6000-7f9d8eabf000 r-xp 00000000 fc:00 11796751                   /lib/x86_64-linux-gnu/libnss_compat-2.19.so
7f9d8eabf000-7f9d8ecbe000 ---p 00009000 fc:00 11796751                   /lib/x86_64-linux-gnu/libnss_compat-2.19.so
7f9d8ecbe000-7f9d8ecbf000 r--p 00008000 fc:00 11796751                   /lib/x86_64-linux-gnu/libnss_compat-2.19.so
7f9d8ecbf000-7f9d8ecc0000 rw-p 00009000 fc:00 11796751                   /lib/x86_64-linux-gnu/libnss_compat-2.19.so
7f9d8ecc0000-7f9d8f997000 r--p 00000000 fc:00 117834354                  /usr/lib/locale/locale-archive
7f9d8f997000-7f9d8f99a000 r-xp 00000000 fc:00 118361918                  /usr/lib/jvm/java-7-oracle/jre/lib/amd64/libnpt.so
7f9d8f99a000-7f9d8fb99000 ---p 00003000 fc:00 118361918                  /usr/lib/jvm/java-7-oracle/jre/lib/amd64/libnpt.so
7f9d8fb99000-7f9d8fb9a000 rw-p 00002000 fc:00 118361918                  /usr/lib/jvm/java-7-oracle/jre/lib/amd64/libnpt.so
7f9d8fb9a000-7f9d8fbd3000 r-xp 00000000 fc:00 118363269                  /usr/lib/jvm/java-7-oracle/jre/lib/amd64/libjdwp.so
7f9d8fbd3000-7f9d8fdd3000 ---p 00039000 fc:00 118363269                  /usr/lib/jvm/java-7-oracle/jre/lib/amd64/libjdwp.so
7f9d8fdd3000-7f9d8fdd4000 rw-p 00039000 fc:00 118363269                  /usr/lib/jvm/java-7-oracle/jre/lib/amd64/libjdwp.so
7f9d8fdd4000-7f9d8fdd5000 rw-p 00000000 00:00 0 
7f9d8fdd5000-7f9d8fdfe000 r-xp 00000000 fc:00 118361915                  /usr/lib/jvm/java-7-oracle/jre/lib/amd64/libjava.so
7f9d8fdfe000-7f9d8fffe000 ---p 00029000 fc:00 118361915                  /usr/lib/jvm/java-7-oracle/jre/lib/amd64/libjava.so
7f9d8fffe000-7f9d90000000 rw-p 00029000 fc:00 118361915                  /usr/lib/jvm/java-7-oracle/jre/lib/amd64/libjava.so
7f9d90000000-7f9d9049e000 rw-p 00000000 00:00 0 
7f9d9049e000-7f9d94000000 ---p 00000000 00:00 0 
7f9d94000000-7f9d94002000 r--s 00008000 fc:00 23593155                   /home/sr/.m2/repository/classworlds/classworlds/1.1-alpha-2/classworlds-1.1-alpha-2.jar
7f9d94002000-7f9d94005000 r--s 00027000 fc:00 23593149                   /home/sr/.m2/repository/org/codehaus/plexus/plexus-utils/1.1/plexus-utils-1.1.jar
7f9d94005000-7f9d94007000 r--s 00009000 fc:00 23593147                   /home/sr/.m2/repository/org/apache/maven/wagon/wagon-provider-api/1.0-alpha-6/wagon-provider-api-1.0-alpha-6.jar
7f9d94007000-7f9d94009000 r--s 0000a000 fc:00 23593141                   /home/sr/.m2/repository/org/apache/maven/maven-artifact-manager/2.0.4/maven-artifact-manager-2.0.4.jar
7f9d94009000-7f9d9400b000 r--s 00012000 fc:00 23593140                   /home/sr/.m2/repository/org/apache/maven/maven-model/2.0.4/maven-model-2.0.4.jar
7f9d9400b000-7f9d9400d000 r--s 00006000 fc:00 23593137                   /home/sr/.m2/repository/org/apache/maven/maven-profile/2.0.4/maven-profile-2.0.4.jar
7f9d9400d000-7f9d9400f000 r--s 00009000 fc:00 23593136                   /home/sr/.m2/repository/org/apache/maven/maven-settings/2.0.4/maven-settings-2.0.4.jar
7f9d9400f000-7f9d94012000 r--s 00018000 fc:00 23593131                   /home/sr/.m2/repository/org/apache/maven/maven-project/2.0.4/maven-project-2.0.4.jar
7f9d94012000-7f9d9408f000 rw-p 00000000 00:00 0 
7f9d9408f000-7f9d940ad000 rw-p 00000000 00:00 0 
7f9d940ad000-7f9d940ba000 r-xp 00000000 fc:00 118363286                  /usr/lib/jvm/java-7-oracle/jre/lib/amd64/libverify.so
7f9d940ba000-7f9d942b9000 ---p 0000d000 fc:00 118363286                  /usr/lib/jvm/java-7-oracle/jre/lib/amd64/libverify.so
7f9d942b9000-7f9d942bb000 rw-p 0000c000 fc:00 118363286                  /usr/lib/jvm/java-7-oracle/jre/lib/amd64/libverify.so
7f9d942bb000-7f9d942c2000 r-xp 00000000 fc:00 11796807                   /lib/x86_64-linux-gnu/librt-2.19.so
7f9d942c2000-7f9d944c1000 ---p 00007000 fc:00 11796807                   /lib/x86_64-linux-gnu/librt-2.19.so
7f9d944c1000-7f9d944c2000 r--p 00006000 fc:00 11796807                   /lib/x86_64-linux-gnu/librt-2.19.so
7f9d944c2000-7f9d944c3000 rw-p 00007000 fc:00 11796807                   /lib/x86_64-linux-gnu/librt-2.19.so
7f9d944c3000-7f9d945c8000 r-xp 00000000 fc:00 11796733                   /lib/x86_64-linux-gnu/libm-2.19.so
7f9d945c8000-7f9d947c7000 ---p 00105000 fc:00 11796733                   /lib/x86_64-linux-gnu/libm-2.19.so
7f9d947c7000-7f9d947c8000 r--p 00104000 fc:00 11796733                   /lib/x86_64-linux-gnu/libm-2.19.so
7f9d947c8000-7f9d947c9000 rw-p 00105000 fc:00 11796733                   /lib/x86_64-linux-gnu/libm-2.19.so
7f9d947c9000-7f9d95339000 r-xp 00000000 fc:00 118360000                  /usr/lib/jvm/java-7-oracle/jre/lib/amd64/server/libjvm.so
7f9d95339000-7f9d95538000 ---p 00b70000 fc:00 118360000                  /usr/lib/jvm/java-7-oracle/jre/lib/amd64/server/libjvm.so
7f9d95538000-7f9d955fd000 rw-p 00b6f000 fc:00 118360000                  /usr/lib/jvm/java-7-oracle/jre/lib/amd64/server/libjvm.so
7f9d955fd000-7f9d9563d000 rw-p 00000000 00:00 0 
7f9d9563d000-7f9d957f8000 r-xp 00000000 fc:00 11796801                   /lib/x86_64-linux-gnu/libc-2.19.so
7f9d957f8000-7f9d959f7000 ---p 001bb000 fc:00 11796801                   /lib/x86_64-linux-gnu/libc-2.19.so
7f9d959f7000-7f9d959fb000 r--p 001ba000 fc:00 11796801                   /lib/x86_64-linux-gnu/libc-2.19.so
7f9d959fb000-7f9d959fd000 rw-p 001be000 fc:00 11796801                   /lib/x86_64-linux-gnu/libc-2.19.so
7f9d959fd000-7f9d95a02000 rw-p 00000000 00:00 0 
7f9d95a02000-7f9d95a05000 r-xp 00000000 fc:00 11796741                   /lib/x86_64-linux-gnu/libdl-2.19.so
7f9d95a05000-7f9d95c04000 ---p 00003000 fc:00 11796741                   /lib/x86_64-linux-gnu/libdl-2.19.so
7f9d95c04000-7f9d95c05000 r--p 00002000 fc:00 11796741                   /lib/x86_64-linux-gnu/libdl-2.19.so
7f9d95c05000-7f9d95c06000 rw-p 00003000 fc:00 11796741                   /lib/x86_64-linux-gnu/libdl-2.19.so
7f9d95c06000-7f9d95c1c000 r-xp 00000000 fc:00 21107598                   /usr/lib/jvm/java-7-oracle/lib/amd64/jli/libjli.so
7f9d95c1c000-7f9d95e1c000 ---p 00016000 fc:00 21107598                   /usr/lib/jvm/java-7-oracle/lib/amd64/jli/libjli.so
7f9d95e1c000-7f9d95e1d000 rw-p 00016000 fc:00 21107598                   /usr/lib/jvm/java-7-oracle/lib/amd64/jli/libjli.so
7f9d95e1d000-7f9d95e36000 r-xp 00000000 fc:00 11796803                   /lib/x86_64-linux-gnu/libpthread-2.19.so
7f9d95e36000-7f9d96035000 ---p 00019000 fc:00 11796803                   /lib/x86_64-linux-gnu/libpthread-2.19.so
7f9d96035000-7f9d96036000 r--p 00018000 fc:00 11796803                   /lib/x86_64-linux-gnu/libpthread-2.19.so
7f9d96036000-7f9d96037000 rw-p 00019000 fc:00 11796803                   /lib/x86_64-linux-gnu/libpthread-2.19.so
7f9d96037000-7f9d9603b000 rw-p 00000000 00:00 0 
7f9d9603b000-7f9d9605e000 r-xp 00000000 fc:00 11796795                   /lib/x86_64-linux-gnu/ld-2.19.so
7f9d9605e000-7f9d9605f000 r--s 00004000 fc:00 23593144                   /home/sr/.m2/repository/org/apache/maven/maven-repository-metadata/2.0.4/maven-repository-metadata-2.0.4.jar
7f9d9605f000-7f9d96064000 r--s 00021000 fc:00 23593129                   /home/sr/.m2/repository/args4j/args4j/2.32/args4j-2.32.jar
7f9d96064000-7f9d9606a000 r--s 00027000 fc:00 23593133                   /home/sr/.m2/repository/args4j/args4j-tools/2.32/args4j-tools-2.32-all.jar
7f9d9606a000-7f9d9606b000 r--s 00001000 fc:00 23593132                   /home/sr/.m2/repository/org/kohsuke/args4j/args4j-maven-plugin/2.32/args4j-maven-plugin-2.32.jar
7f9d9606b000-7f9d96075000 rw-p 00000000 00:00 0 
7f9d96075000-7f9d9612b000 rw-p 00000000 00:00 0 
7f9d9612b000-7f9d9612e000 ---p 00000000 00:00 0 
7f9d9612e000-7f9d96251000 rw-p 00000000 00:00 0                          [stack:24577]
7f9d96251000-7f9d96259000 rw-s 00000000 fc:00 13895328                   /tmp/hsperfdata_sr/24573
7f9d96259000-7f9d9625a000 rw-p 00000000 00:00 0 
7f9d9625a000-7f9d9625b000 r--p 00000000 00:00 0 
7f9d9625b000-7f9d9625d000 rw-p 00000000 00:00 0 
7f9d9625d000-7f9d9625e000 r--p 00022000 fc:00 11796795                   /lib/x86_64-linux-gnu/ld-2.19.so
7f9d9625e000-7f9d9625f000 rw-p 00023000 fc:00 11796795                   /lib/x86_64-linux-gnu/ld-2.19.so
7f9d9625f000-7f9d96260000 rw-p 00000000 00:00 0 
7fff8b93f000-7fff8b961000 rw-p 00000000 00:00 0                          [stack]
7fff8b9fe000-7fff8ba00000 r-xp 00000000 00:00 0                          [vdso]
ffffffffff600000-ffffffffff601000 r-xp 00000000 00:00 0                  [vsyscall]

VM Arguments:
jvm_args: -Xdebug -Xrunjdwp:transport=dt_socket,server=n,address=39754 -Dlog4j.configurationFile=file:log4j2.xml -Djava.library.path=/home/sr/NetBeansProjects/MirPara4j 
java_command: no.uio.medisin.bag.jmirpara.JmiCMD -l 11 -s 150 -w 500 -d 60 -b 0.80 -m overall -c /home/sr/NetBeansProjects/MirPara4j/config.yaml -i src/main/test/demo.fas -o src/main/test/demo -r /home/sr/NetBeansProjects/MirPara4j
Launcher Type: SUN_STANDARD

Environment Variables:
JAVA_HOME=/usr/lib/jvm/java-7-oracle
PATH=/usr/local/sbin:/usr/local/bin:/usr/sbin:/usr/bin:/sbin:/bin:/usr/games:/usr/local/games
USERNAME=sr
LD_LIBRARY_PATH=/usr/lib/jvm/java-7-oracle/jre/lib/amd64:/usr/lib/jvm/java-7-oracle/jre/lib/i386:
SHELL=/bin/bash
DISPLAY=:0

Signal Handlers:
SIGSEGV: [libjvm.so+0x99f4a0], sa_mask[0]=0x7ffbfeff, sa_flags=0x10000004
SIGBUS: [libjvm.so+0x99f4a0], sa_mask[0]=0x7ffbfeff, sa_flags=0x10000004
SIGFPE: [libjvm.so+0x81a860], sa_mask[0]=0x7ffbfeff, sa_flags=0x10000004
SIGPIPE: [libjvm.so+0x81a860], sa_mask[0]=0x7ffbfeff, sa_flags=0x10000004
SIGXFSZ: [libjvm.so+0x81a860], sa_mask[0]=0x7ffbfeff, sa_flags=0x10000004
SIGILL: [libjvm.so+0x81a860], sa_mask[0]=0x7ffbfeff, sa_flags=0x10000004
SIGUSR1: SIG_DFL, sa_mask[0]=0x00000000, sa_flags=0x00000000
SIGUSR2: [libjvm.so+0x81c060], sa_mask[0]=0x00000004, sa_flags=0x10000004
SIGHUP: [libjvm.so+0x81d160], sa_mask[0]=0x7ffbfeff, sa_flags=0x10000004
SIGINT: SIG_IGN, sa_mask[0]=0x00000000, sa_flags=0x00000000
SIGTERM: [libjvm.so+0x81d160], sa_mask[0]=0x7ffbfeff, sa_flags=0x10000004
SIGQUIT: [libjvm.so+0x81d160], sa_mask[0]=0x7ffbfeff, sa_flags=0x10000004


---------------  S Y S T E M  ---------------

OS:jessie/sid

uname:Linux 3.13.0-24-generic #47-Ubuntu SMP Fri May 2 23:30:00 UTC 2014 x86_64
libc:glibc 2.19 NPTL 2.19 
rlimit: STACK 8192k, CORE 0k, NPROC 62730, NOFILE 4096, AS infinity
load average:0.06 0.10 0.13

/proc/meminfo:
MemTotal:        8060620 kB
MemFree:          308816 kB
Buffers:          195900 kB
Cached:          1699660 kB
SwapCached:       238524 kB
Active:          5281844 kB
Inactive:        1976156 kB
Active(anon):    4644456 kB
Inactive(anon):  1428920 kB
Active(file):     637388 kB
Inactive(file):   547236 kB
Unevictable:          48 kB
Mlocked:              48 kB
SwapTotal:       8269820 kB
SwapFree:        7104332 kB
Dirty:              1292 kB
Writeback:             0 kB
AnonPages:       5258956 kB
Mapped:           455264 kB
Shmem:            710916 kB
Slab:             298644 kB
SReclaimable:     249064 kB
SUnreclaim:        49580 kB
KernelStack:        6528 kB
PageTables:        66480 kB
NFS_Unstable:          0 kB
Bounce:                0 kB
WritebackTmp:          0 kB
CommitLimit:    12300128 kB
Committed_AS:   13961780 kB
VmallocTotal:   34359738367 kB
VmallocUsed:      361380 kB
VmallocChunk:   34359369832 kB
HardwareCorrupted:     0 kB
AnonHugePages:   2852864 kB
HugePages_Total:       0
HugePages_Free:        0
HugePages_Rsvd:        0
HugePages_Surp:        0
Hugepagesize:       2048 kB
DirectMap4k:      115640 kB
DirectMap2M:     8157184 kB


CPU:total 8 (4 cores per cpu, 2 threads per core) family 6 model 58 stepping 9, cmov, cx8, fxsr, mmx, sse, sse2, sse3, ssse3, sse4.1, sse4.2, popcnt, avx, aes, erms, ht, tsc, tscinvbit, tscinv

/proc/cpuinfo:
processor	: 0
vendor_id	: GenuineIntel
cpu family	: 6
model		: 58
model name	: Intel(R) Core(TM) i7-3770 CPU @ 3.40GHz
stepping	: 9
microcode	: 0x12
cpu MHz		: 1600.000
cache size	: 8192 KB
physical id	: 0
siblings	: 8
core id		: 0
cpu cores	: 4
apicid		: 0
initial apicid	: 0
fpu		: yes
fpu_exception	: yes
cpuid level	: 13
wp		: yes
flags		: fpu vme de pse tsc msr pae mce cx8 apic sep mtrr pge mca cmov pat pse36 clflush dts acpi mmx fxsr sse sse2 ss ht tm pbe syscall nx rdtscp lm constant_tsc arch_perfmon pebs bts rep_good nopl xtopology nonstop_tsc aperfmperf eagerfpu pni pclmulqdq dtes64 monitor ds_cpl vmx smx est tm2 ssse3 cx16 xtpr pdcm pcid sse4_1 sse4_2 x2apic popcnt tsc_deadline_timer aes xsave avx f16c rdrand lahf_lm ida arat epb xsaveopt pln pts dtherm tpr_shadow vnmi flexpriority ept vpid fsgsbase smep erms
bogomips	: 6784.27
clflush size	: 64
cache_alignment	: 64
address sizes	: 36 bits physical, 48 bits virtual
power management:

processor	: 1
vendor_id	: GenuineIntel
cpu family	: 6
model		: 58
model name	: Intel(R) Core(TM) i7-3770 CPU @ 3.40GHz
stepping	: 9
microcode	: 0x12
cpu MHz		: 1600.000
cache size	: 8192 KB
physical id	: 0
siblings	: 8
core id		: 1
cpu cores	: 4
apicid		: 2
initial apicid	: 2
fpu		: yes
fpu_exception	: yes
cpuid level	: 13
wp		: yes
flags		: fpu vme de pse tsc msr pae mce cx8 apic sep mtrr pge mca cmov pat pse36 clflush dts acpi mmx fxsr sse sse2 ss ht tm pbe syscall nx rdtscp lm constant_tsc arch_perfmon pebs bts rep_good nopl xtopology nonstop_tsc aperfmperf eagerfpu pni pclmulqdq dtes64 monitor ds_cpl vmx smx est tm2 ssse3 cx16 xtpr pdcm pcid sse4_1 sse4_2 x2apic popcnt tsc_deadline_timer aes xsave avx f16c rdrand lahf_lm ida arat epb xsaveopt pln pts dtherm tpr_shadow vnmi flexpriority ept vpid fsgsbase smep erms
bogomips	: 6784.27
clflush size	: 64
cache_alignment	: 64
address sizes	: 36 bits physical, 48 bits virtual
power management:

processor	: 2
vendor_id	: GenuineIntel
cpu family	: 6
model		: 58
model name	: Intel(R) Core(TM) i7-3770 CPU @ 3.40GHz
stepping	: 9
microcode	: 0x12
cpu MHz		: 1600.000
cache size	: 8192 KB
physical id	: 0
siblings	: 8
core id		: 2
cpu cores	: 4
apicid		: 4
initial apicid	: 4
fpu		: yes
fpu_exception	: yes
cpuid level	: 13
wp		: yes
flags		: fpu vme de pse tsc msr pae mce cx8 apic sep mtrr pge mca cmov pat pse36 clflush dts acpi mmx fxsr sse sse2 ss ht tm pbe syscall nx rdtscp lm constant_tsc arch_perfmon pebs bts rep_good nopl xtopology nonstop_tsc aperfmperf eagerfpu pni pclmulqdq dtes64 monitor ds_cpl vmx smx est tm2 ssse3 cx16 xtpr pdcm pcid sse4_1 sse4_2 x2apic popcnt tsc_deadline_timer aes xsave avx f16c rdrand lahf_lm ida arat epb xsaveopt pln pts dtherm tpr_shadow vnmi flexpriority ept vpid fsgsbase smep erms
bogomips	: 6784.27
clflush size	: 64
cache_alignment	: 64
address sizes	: 36 bits physical, 48 bits virtual
power management:

processor	: 3
vendor_id	: GenuineIntel
cpu family	: 6
model		: 58
model name	: Intel(R) Core(TM) i7-3770 CPU @ 3.40GHz
stepping	: 9
microcode	: 0x12
cpu MHz		: 1600.000
cache size	: 8192 KB
physical id	: 0
siblings	: 8
core id		: 3
cpu cores	: 4
apicid		: 6
initial apicid	: 6
fpu		: yes
fpu_exception	: yes
cpuid level	: 13
wp		: yes
flags		: fpu vme de pse tsc msr pae mce cx8 apic sep mtrr pge mca cmov pat pse36 clflush dts acpi mmx fxsr sse sse2 ss ht tm pbe syscall nx rdtscp lm constant_tsc arch_perfmon pebs bts rep_good nopl xtopology nonstop_tsc aperfmperf eagerfpu pni pclmulqdq dtes64 monitor ds_cpl vmx smx est tm2 ssse3 cx16 xtpr pdcm pcid sse4_1 sse4_2 x2apic popcnt tsc_deadline_timer aes xsave avx f16c rdrand lahf_lm ida arat epb xsaveopt pln pts dtherm tpr_shadow vnmi flexpriority ept vpid fsgsbase smep erms
bogomips	: 6784.27
clflush size	: 64
cache_alignment	: 64
address sizes	: 36 bits physical, 48 bits virtual
power management:

processor	: 4
vendor_id	: GenuineIntel
cpu family	: 6
model		: 58
model name	: Intel(R) Core(TM) i7-3770 CPU @ 3.40GHz
stepping	: 9
microcode	: 0x12
cpu MHz		: 1600.000
cache size	: 8192 KB
physical id	: 0
siblings	: 8
core id		: 0
cpu cores	: 4
apicid		: 1
initial apicid	: 1
fpu		: yes
fpu_exception	: yes
cpuid level	: 13
wp		: yes
flags		: fpu vme de pse tsc msr pae mce cx8 apic sep mtrr pge mca cmov pat pse36 clflush dts acpi mmx fxsr sse sse2 ss ht tm pbe syscall nx rdtscp lm constant_tsc arch_perfmon pebs bts rep_good nopl xtopology nonstop_tsc aperfmperf eagerfpu pni pclmulqdq dtes64 monitor ds_cpl vmx smx est tm2 ssse3 cx16 xtpr pdcm pcid sse4_1 sse4_2 x2apic popcnt tsc_deadline_timer aes xsave avx f16c rdrand lahf_lm ida arat epb xsaveopt pln pts dtherm tpr_shadow vnmi flexpriority ept vpid fsgsbase smep erms
bogomips	: 6784.27
clflush size	: 64
cache_alignment	: 64
address sizes	: 36 bits physical, 48 bits virtual
power management:

processor	: 5
vendor_id	: GenuineIntel
cpu family	: 6
model		: 58
model name	: Intel(R) Core(TM) i7-3770 CPU @ 3.40GHz
stepping	: 9
microcode	: 0x12
cpu MHz		: 3100.000
cache size	: 8192 KB
physical id	: 0
siblings	: 8
core id		: 1
cpu cores	: 4
apicid		: 3
initial apicid	: 3
fpu		: yes
fpu_exception	: yes
cpuid level	: 13
wp		: yes
flags		: fpu vme de pse tsc msr pae mce cx8 apic sep mtrr pge mca cmov pat pse36 clflush dts acpi mmx fxsr sse sse2 ss ht tm pbe syscall nx rdtscp lm constant_tsc arch_perfmon pebs bts rep_good nopl xtopology nonstop_tsc aperfmperf eagerfpu pni pclmulqdq dtes64 monitor ds_cpl vmx smx est tm2 ssse3 cx16 xtpr pdcm pcid sse4_1 sse4_2 x2apic popcnt tsc_deadline_timer aes xsave avx f16c rdrand lahf_lm ida arat epb xsaveopt pln pts dtherm tpr_shadow vnmi flexpriority ept vpid fsgsbase smep erms
bogomips	: 6784.27
clflush size	: 64
cache_alignment	: 64
address sizes	: 36 bits physical, 48 bits virtual
power management:

processor	: 6
vendor_id	: GenuineIntel
cpu family	: 6
model		: 58
model name	: Intel(R) Core(TM) i7-3770 CPU @ 3.40GHz
stepping	: 9
microcode	: 0x12
cpu MHz		: 2100.000
cache size	: 8192 KB
physical id	: 0
siblings	: 8
core id		: 2
cpu cores	: 4
apicid		: 5
initial apicid	: 5
fpu		: yes
fpu_exception	: yes
cpuid level	: 13
wp		: yes
flags		: fpu vme de pse tsc msr pae mce cx8 apic sep mtrr pge mca cmov pat pse36 clflush dts acpi mmx fxsr sse sse2 ss ht tm pbe syscall nx rdtscp lm constant_tsc arch_perfmon pebs bts rep_good nopl xtopology nonstop_tsc aperfmperf eagerfpu pni pclmulqdq dtes64 monitor ds_cpl vmx smx est tm2 ssse3 cx16 xtpr pdcm pcid sse4_1 sse4_2 x2apic popcnt tsc_deadline_timer aes xsave avx f16c rdrand lahf_lm ida arat epb xsaveopt pln pts dtherm tpr_shadow vnmi flexpriority ept vpid fsgsbase smep erms
bogomips	: 6784.27
clflush size	: 64
cache_alignment	: 64
address sizes	: 36 bits physical, 48 bits virtual
power management:

processor	: 7
vendor_id	: GenuineIntel
cpu family	: 6
model		: 58
model name	: Intel(R) Core(TM) i7-3770 CPU @ 3.40GHz
stepping	: 9
microcode	: 0x12
cpu MHz		: 1600.000
cache size	: 8192 KB
physical id	: 0
siblings	: 8
core id		: 3
cpu cores	: 4
apicid		: 7
initial apicid	: 7
fpu		: yes
fpu_exception	: yes
cpuid level	: 13
wp		: yes
flags		: fpu vme de pse tsc msr pae mce cx8 apic sep mtrr pge mca cmov pat pse36 clflush dts acpi mmx fxsr sse sse2 ss ht tm pbe syscall nx rdtscp lm constant_tsc arch_perfmon pebs bts rep_good nopl xtopology nonstop_tsc aperfmperf eagerfpu pni pclmulqdq dtes64 monitor ds_cpl vmx smx est tm2 ssse3 cx16 xtpr pdcm pcid sse4_1 sse4_2 x2apic popcnt tsc_deadline_timer aes xsave avx f16c rdrand lahf_lm ida arat epb xsaveopt pln pts dtherm tpr_shadow vnmi flexpriority ept vpid fsgsbase smep erms
bogomips	: 6784.27
clflush size	: 64
cache_alignment	: 64
address sizes	: 36 bits physical, 48 bits virtual
power management:



Memory: 4k page, physical 8060620k(308816k free), swap 8269820k(7104332k free)

vm_info: Java HotSpot(TM) 64-Bit Server VM (24.65-b04) for linux-amd64 JRE (1.7.0_65-b17), built on Jun 16 2014 20:55:34 by "java_re" with gcc 4.3.0 20080428 (Red Hat 4.3.0-8)

time: Fri Jul  3 11:45:44 2015
elapsed time: 127 seconds

