#
# A fatal error has been detected by the Java Runtime Environment:
#
#  SIGSEGV (0xb) at pc=0x0000000000002950, pid=23578, tid=140280090474240
#
# JRE version: Java(TM) SE Runtime Environment (7.0_65-b17) (build 1.7.0_65-b17)
# Java VM: Java HotSpot(TM) 64-Bit Server VM (24.65-b04 mixed mode linux-amd64 compressed oops)
# Problematic frame:
# C  0x0000000000002950
#
# Failed to write core dump. Core dumps have been disabled. To enable core dumping, try "ulimit -c unlimited" before starting Java again
#
# If you would like to submit a bug report, please visit:
#   http://bugreport.sun.com/bugreport/crash.jsp
# The crash happened outside the Java Virtual Machine in native code.
# See problematic frame for where to report the bug.
#

---------------  T H R E A D  ---------------

Current thread (0x00007f95880a7800):  JavaThread "JDWP Transport Listener: dt_socket" daemon [_thread_in_native, id=23595, stack(0x00007f9580e63000,0x00007f9580f64000)]

siginfo:si_signo=SIGSEGV: si_errno=0, si_code=1 (SEGV_MAPERR), si_addr=0x0000000000002950

Registers:
RAX=0x00007f9573f04ca8, RBX=0x00007f95883ea030, RCX=0x0000000000000000, RDX=0x0000000000000000
RSP=0x00007f9580f62688, RBP=0x00007f9580f627c0, RSI=0x0000000000000000, RDI=0x00007f958f4a82f0
R8 =0x0000000000000000, R9 =0x00007f958ee70e88, R10=0x00007f958f4a8270, R11=0x00007f958eaeb550
R12=0x00007f9573f04c38, R13=0x0000000000000014, R14=0x0000000000000000, R15=0x00007f9580f62690
RIP=0x0000000000002950, EFLAGS=0x0000000000010202, CSGSFS=0x0000000000000033, ERR=0x0000000000000014
  TRAPNO=0x000000000000000e

Top of Stack: (sp=0x00007f9580f62688)
0x00007f9580f62688:   00007f958f4bd73a 00007f958f6d11c8
0x00007f9580f62698:   00007f958f6d1760 00007f958f6a1000
0x00007f9580f626a8:   00007f95880009a0 00007f9588004100
0x00007f9580f626b8:   00007f9588004e30 00007f958800b640
0x00007f9580f626c8:   00007f958800c190 00007f958800baf0
0x00007f9580f626d8:   00007f958800c6a0 00007f9588019600
0x00007f9580f626e8:   00007f958809ecc0 00007f95881eda60
0x00007f9580f626f8:   00007f95882a16b0 00007f95882a1b80
0x00007f9580f62708:   00007f9588002210 00007f9588001b90
0x00007f9580f62718:   00000000012ff580 00007f958f6a1508
0x00007f9580f62728:   00007f958f6ce750 00007f95883ea030
0x00007f9580f62738:   00000000012ffa60 00007f958f6a19f0
0x00007f9580f62748:   00007f958f6d09f8 000000000000000a
0x00007f9580f62758:   00007f958f4bd5ed 0000000000000000
0x00007f9580f62768:   ffffffffffffffff 00000000000000c0
0x00007f9580f62778:   0000000000000000 00007f958f6d0068
0x00007f9580f62788:   0000001800000000 00007f958ea85008
0x00007f9580f62798:   0000000000000000 0000000000000001
0x00007f9580f627a8:   00007f958ee6ee80 00007f958d2f3120
0x00007f9580f627b8:   000000000000000a 00007f958ee6d6c8
0x00007f9580f627c8:   00007f958eaeb259 0000000000000000
0x00007f9580f627d8:   0000000000000000 00007f9580f62820
0x00007f9580f627e8:   00007f9580f62890 0000000000000000
0x00007f9580f627f8:   00007f958eaeb2a5 0000000000000006
0x00007f9580f62808:   00007f958d0c7d47 0000000000010a00
0x00007f9580f62818:   00007f9580f62a20 00007f9580f62850
0x00007f9580f62828:   00007f958d0c52fd 0000000000000001
0x00007f9580f62838:   000000000000000a 0000000000000001
0x00007f9580f62848:   00000000000a0100 00007f9580f62aa0
0x00007f9580f62858:   00007f958d0ca976 000253d50000000f
0x00007f9580f62868:   00007f958e0a0100 00007f9534000fb0
0x00007f9580f62878:   00007f95880a7800 00007f9580f62890 

Instructions: (pc=0x0000000000002950)
0x0000000000002930:   
[error occurred during error reporting (printing registers, top of stack, instructions near pc), id 0xb]

Register to memory mapping:

RAX=
[error occurred during error reporting (printing register info), id 0xb]

Stack: [0x00007f9580e63000,0x00007f9580f64000],  sp=0x00007f9580f62688,  free space=1021k
Native frames: (J=compiled Java code, j=interpreted, Vv=VM code, C=native code)
C  0x0000000000002950


---------------  P R O C E S S  ---------------

Java Threads: ( => current thread )
  0x00007f95880b2800 JavaThread "Service Thread" daemon [_thread_blocked, id=23603, stack(0x00007f958095e000,0x00007f9580a5f000)]
  0x00007f95880b0000 JavaThread "C2 CompilerThread1" daemon [_thread_blocked, id=23602, stack(0x00007f9580a5f000,0x00007f9580b60000)]
  0x00007f95880ad000 JavaThread "C2 CompilerThread0" daemon [_thread_blocked, id=23601, stack(0x00007f9580b60000,0x00007f9580c61000)]
  0x00007f95880ab000 JavaThread "JDWP Event Helper Thread" daemon [_thread_blocked, id=23597, stack(0x00007f9580d62000,0x00007f9580e63000)]
=>0x00007f95880a7800 JavaThread "JDWP Transport Listener: dt_socket" daemon [_thread_in_native, id=23595, stack(0x00007f9580e63000,0x00007f9580f64000)]
  0x00007f958809a800 JavaThread "Signal Dispatcher" daemon [_thread_blocked, id=23594, stack(0x00007f9581168000,0x00007f9581269000)]
  0x00007f958807c000 JavaThread "Finalizer" daemon [_thread_blocked, id=23593, stack(0x00007f9581269000,0x00007f958136a000)]
  0x00007f958807a000 JavaThread "Reference Handler" daemon [_thread_blocked, id=23592, stack(0x00007f958136a000,0x00007f958146b000)]
  0x00007f958800d000 JavaThread "main" [_thread_blocked, id=23582, stack(0x00007f958f59d000,0x00007f958f69e000)]

Other Threads:
  0x00007f9588075800 VMThread [stack: 0x00007f958146b000,0x00007f958156c000] [id=23591]
  0x00007f95880c5800 WatcherThread [stack: 0x00007f958085d000,0x00007f958095e000] [id=23604]

VM state:not at safepoint (normal execution)

VM Mutex/Monitor currently owned by a thread: None

Heap
 PSYoungGen      total 68608K, used 34986K [0x00000007d7000000, 0x00000007db800000, 0x0000000800000000)
  eden space 63488K, 47% used [0x00000007d7000000,0x00000007d8d30918,0x00000007dae00000)
  from space 5120K, 99% used [0x00000007db300000,0x00000007db7f9f78,0x00000007db800000)
  to   space 5120K, 0% used [0x00000007dae00000,0x00000007dae00000,0x00000007db300000)
 ParOldGen       total 83968K, used 9064K [0x0000000785000000, 0x000000078a200000, 0x00000007d7000000)
  object space 83968K, 10% used [0x0000000785000000,0x00000007858da3a0,0x000000078a200000)
 PSPermGen       total 21504K, used 10297K [0x000000077fe00000, 0x0000000781300000, 0x0000000785000000)
  object space 21504K, 47% used [0x000000077fe00000,0x000000078080e610,0x0000000781300000)

Card table byte_map: [0x00007f95841a7000,0x00007f95845a9000] byte_map_base: 0x00007f95805a8000

Polling page: 0x00007f958f6cc000

Code Cache  [0x00007f95845a9000, 0x00007f9584819000, 0x00007f95875a9000)
 total_blobs=449 nmethods=157 adapters=253 free_code_cache=48238Kb largest_free_block=49364480

Compilation events (10 events):
Event: 2.781 Thread 0x00007f95880b0000 nmethod 155 0x00007f9584670010 code [0x00007f9584670140, 0x00007f9584670198]
Event: 2.781 Thread 0x00007f95880b0000  156             java.util.regex.Pattern$LastNode::match (45 bytes)
Event: 2.782 Thread 0x00007f95880b0000 nmethod 156 0x00007f958466fc10 code [0x00007f958466fd60, 0x00007f958466fed8]
Event: 2.785 Thread 0x00007f95880ad000 nmethod 154% 0x00007f9584690050 code [0x00007f9584690240, 0x00007f9584690a70]
Event: 3.731 Thread 0x00007f95880b0000  157             java.util.regex.Pattern$Start::match (90 bytes)
Event: 3.741 Thread 0x00007f95880b0000 nmethod 157 0x00007f9584686710 code [0x00007f95846868e0, 0x00007f9584687288]
Event: 3.808 Thread 0x00007f95880ad000  158             java.util.ArrayList::access$100 (5 bytes)
Event: 3.809 Thread 0x00007f95880ad000 nmethod 158 0x00007f958466f9d0 code [0x00007f958466fb00, 0x00007f958466fb78]
Event: 4.374 Thread 0x00007f95880b0000  159             java.util.regex.Pattern$BmpCharProperty::match (50 bytes)
Event: 4.375 Thread 0x00007f95880b0000 nmethod 159 0x00007f958460db90 code [0x00007f958460dd00, 0x00007f958460df38]

GC Heap History (8 events):
Event: 2.483 GC heap before
{Heap before GC invocations=1 (full 0):
 PSYoungGen      total 36864K, used 31744K [0x00000007d7000000, 0x00000007d9900000, 0x0000000800000000)
  eden space 31744K, 100% used [0x00000007d7000000,0x00000007d8f00000,0x00000007d8f00000)
  from space 5120K, 0% used [0x00000007d9400000,0x00000007d9400000,0x00000007d9900000)
  to   space 5120K, 0% used [0x00000007d8f00000,0x00000007d8f00000,0x00000007d9400000)
 ParOldGen       total 83968K, used 0K [0x0000000785000000, 0x000000078a200000, 0x00000007d7000000)
  object space 83968K, 0% used [0x0000000785000000,0x0000000785000000,0x000000078a200000)
 PSPermGen       total 21504K, used 10146K [0x000000077fe00000, 0x0000000781300000, 0x0000000785000000)
  object space 21504K, 47% used [0x000000077fe00000,0x00000007807e8b20,0x0000000781300000)
Event: 2.488 GC heap after
Heap after GC invocations=1 (full 0):
 PSYoungGen      total 36864K, used 5102K [0x00000007d7000000, 0x00000007d9900000, 0x0000000800000000)
  eden space 31744K, 0% used [0x00000007d7000000,0x00000007d7000000,0x00000007d8f00000)
  from space 5120K, 99% used [0x00000007d8f00000,0x00000007d93fb950,0x00000007d9400000)
  to   space 5120K, 0% used [0x00000007d9400000,0x00000007d9400000,0x00000007d9900000)
 ParOldGen       total 83968K, used 201K [0x0000000785000000, 0x000000078a200000, 0x00000007d7000000)
  object space 83968K, 0% used [0x0000000785000000,0x00000007850327b8,0x000000078a200000)
 PSPermGen       total 21504K, used 10146K [0x000000077fe00000, 0x0000000781300000, 0x0000000785000000)
  object space 21504K, 47% used [0x000000077fe00000,0x00000007807e8b20,0x0000000781300000)
}
Event: 2.542 GC heap before
{Heap before GC invocations=2 (full 0):
 PSYoungGen      total 36864K, used 36846K [0x00000007d7000000, 0x00000007d9900000, 0x0000000800000000)
  eden space 31744K, 100% used [0x00000007d7000000,0x00000007d8f00000,0x00000007d8f00000)
  from space 5120K, 99% used [0x00000007d8f00000,0x00000007d93fb950,0x00000007d9400000)
  to   space 5120K, 0% used [0x00000007d9400000,0x00000007d9400000,0x00000007d9900000)
 ParOldGen       total 83968K, used 201K [0x0000000785000000, 0x000000078a200000, 0x00000007d7000000)
  object space 83968K, 0% used [0x0000000785000000,0x00000007850327b8,0x000000078a200000)
 PSPermGen       total 21504K, used 10149K [0x000000077fe00000, 0x0000000781300000, 0x0000000785000000)
  object space 21504K, 47% used [0x000000077fe00000,0x00000007807e96d8,0x0000000781300000)
Event: 2.547 GC heap after
Heap after GC invocations=2 (full 0):
 PSYoungGen      total 36864K, used 5111K [0x00000007d7000000, 0x00000007db800000, 0x0000000800000000)
  eden space 31744K, 0% used [0x00000007d7000000,0x00000007d7000000,0x00000007d8f00000)
  from space 5120K, 99% used [0x00000007d9400000,0x00000007d98fdf78,0x00000007d9900000)
  to   space 5120K, 0% used [0x00000007d8f00000,0x00000007d8f00000,0x00000007d9400000)
 ParOldGen       total 83968K, used 1721K [0x0000000785000000, 0x000000078a200000, 0x00000007d7000000)
  object space 83968K, 2% used [0x0000000785000000,0x00000007851ae7b8,0x000000078a200000)
 PSPermGen       total 21504K, used 10149K [0x000000077fe00000, 0x0000000781300000, 0x0000000785000000)
  object space 21504K, 47% used [0x000000077fe00000,0x00000007807e96d8,0x0000000781300000)
}
Event: 2.647 GC heap before
{Heap before GC invocations=3 (full 0):
 PSYoungGen      total 36864K, used 36855K [0x00000007d7000000, 0x00000007db800000, 0x0000000800000000)
  eden space 31744K, 100% used [0x00000007d7000000,0x00000007d8f00000,0x00000007d8f00000)
  from space 5120K, 99% used [0x00000007d9400000,0x00000007d98fdf78,0x00000007d9900000)
  to   space 5120K, 0% used [0x00000007d8f00000,0x00000007d8f00000,0x00000007d9400000)
 ParOldGen       total 83968K, used 1721K [0x0000000785000000, 0x000000078a200000, 0x00000007d7000000)
  object space 83968K, 2% used [0x0000000785000000,0x00000007851ae7b8,0x000000078a200000)
 PSPermGen       total 21504K, used 10175K [0x000000077fe00000, 0x0000000781300000, 0x0000000785000000)
  object space 21504K, 47% used [0x000000077fe00000,0x00000007807eff28,0x0000000781300000)
Event: 2.653 GC heap after
Heap after GC invocations=3 (full 0):
 PSYoungGen      total 36864K, used 5111K [0x00000007d7000000, 0x00000007db800000, 0x0000000800000000)
  eden space 31744K, 0% used [0x00000007d7000000,0x00000007d7000000,0x00000007d8f00000)
  from space 5120K, 99% used [0x00000007d8f00000,0x00000007d93fdf88,0x00000007d9400000)
  to   space 5120K, 0% used [0x00000007db300000,0x00000007db300000,0x00000007db800000)
 ParOldGen       total 83968K, used 5481K [0x0000000785000000, 0x000000078a200000, 0x00000007d7000000)
  object space 83968K, 6% used [0x0000000785000000,0x000000078555a7b8,0x000000078a200000)
 PSPermGen       total 21504K, used 10175K [0x000000077fe00000, 0x0000000781300000, 0x0000000785000000)
  object space 21504K, 47% used [0x000000077fe00000,0x00000007807eff28,0x0000000781300000)
}
Event: 2.676 GC heap before
{Heap before GC invocations=4 (full 0):
 PSYoungGen      total 36864K, used 36855K [0x00000007d7000000, 0x00000007db800000, 0x0000000800000000)
  eden space 31744K, 100% used [0x00000007d7000000,0x00000007d8f00000,0x00000007d8f00000)
  from space 5120K, 99% used [0x00000007d8f00000,0x00000007d93fdf88,0x00000007d9400000)
  to   space 5120K, 0% used [0x00000007db300000,0x00000007db300000,0x00000007db800000)
 ParOldGen       total 83968K, used 5481K [0x0000000785000000, 0x000000078a200000, 0x00000007d7000000)
  object space 83968K, 6% used [0x0000000785000000,0x000000078555a7b8,0x000000078a200000)
 PSPermGen       total 21504K, used 10175K [0x000000077fe00000, 0x0000000781300000, 0x0000000785000000)
  object space 21504K, 47% used [0x000000077fe00000,0x00000007807eff28,0x0000000781300000)
Event: 2.682 GC heap after
Heap after GC invocations=4 (full 0):
 PSYoungGen      total 68608K, used 5095K [0x00000007d7000000, 0x00000007db800000, 0x0000000800000000)
  eden space 63488K, 0% used [0x00000007d7000000,0x00000007d7000000,0x00000007dae00000)
  from space 5120K, 99% used [0x00000007db300000,0x00000007db7f9f78,0x00000007db800000)
  to   space 5120K, 0% used [0x00000007dae00000,0x00000007dae00000,0x00000007db300000)
 ParOldGen       total 83968K, used 9064K [0x0000000785000000, 0x000000078a200000, 0x00000007d7000000)
  object space 83968K, 10% used [0x0000000785000000,0x00000007858da3a0,0x000000078a200000)
 PSPermGen       total 21504K, used 10175K [0x000000077fe00000, 0x0000000781300000, 0x0000000785000000)
  object space 21504K, 47% used [0x000000077fe00000,0x00000007807eff28,0x0000000781300000)
}

Deoptimization events (10 events):
Event: 3.733 Thread 0x00007f958800d000 Uncommon trap: reason=unreached action=reinterpret pc=0x00007f958467e79c method=java.util.regex.Pattern.sequence(Ljava/util/regex/Pattern$Node;)Ljava/util/regex/Pattern$Node; @ 512
Event: 3.963 Thread 0x00007f958800d000 Uncommon trap: reason=class_check action=maybe_recompile pc=0x00007f958467b918 method=java.util.regex.Pattern$Node.study(Ljava/util/regex/Pattern$TreeInfo;)Z @ 12
Event: 3.963 Thread 0x00007f958800d000 Uncommon trap: reason=class_check action=maybe_recompile pc=0x00007f958467b918 method=java.util.regex.Pattern$Node.study(Ljava/util/regex/Pattern$TreeInfo;)Z @ 12
Event: 3.963 Thread 0x00007f958800d000 Uncommon trap: reason=class_check action=maybe_recompile pc=0x00007f958467b918 method=java.util.regex.Pattern$Node.study(Ljava/util/regex/Pattern$TreeInfo;)Z @ 12
Event: 3.963 Thread 0x00007f958800d000 Uncommon trap: reason=class_check action=maybe_recompile pc=0x00007f958467b918 method=java.util.regex.Pattern$Node.study(Ljava/util/regex/Pattern$TreeInfo;)Z @ 12
Event: 4.364 Thread 0x00007f958800d000 Uncommon trap: reason=bimorphic action=maybe_recompile pc=0x00007f9584686eb0 method=java.util.regex.Pattern$Start.match(Ljava/util/regex/Matcher;ILjava/lang/CharSequence;)Z @ 44
Event: 4.373 Thread 0x00007f958800d000 Uncommon trap: reason=bimorphic action=maybe_recompile pc=0x00007f9584686eb0 method=java.util.regex.Pattern$Start.match(Ljava/util/regex/Matcher;ILjava/lang/CharSequence;)Z @ 44
Event: 4.374 Thread 0x00007f958800d000 Uncommon trap: reason=bimorphic action=maybe_recompile pc=0x00007f9584686eb0 method=java.util.regex.Pattern$Start.match(Ljava/util/regex/Matcher;ILjava/lang/CharSequence;)Z @ 44
Event: 4.374 Thread 0x00007f958800d000 Uncommon trap: reason=bimorphic action=maybe_recompile pc=0x00007f9584686eb0 method=java.util.regex.Pattern$Start.match(Ljava/util/regex/Matcher;ILjava/lang/CharSequence;)Z @ 44
Event: 6.866 Thread 0x00007f958800d000 Uncommon trap: reason=unreached action=reinterpret pc=0x00007f9584688db4 method=java.util.regex.Pattern.compile()V @ 249

Internal exceptions (10 events):
Event: 2.395 Thread 0x00007f958800d000 Threw 0x00000007d8410398 at /HUDSON/workspace/7u-2-build-linux-amd64/jdk7u65/1224/hotspot/src/share/vm/prims/jvm.cpp:1244
Event: 2.578 Thread 0x00007f958800d000 Threw 0x00000007d8377558 at /HUDSON/workspace/7u-2-build-linux-amd64/jdk7u65/1224/hotspot/src/share/vm/prims/jvm.cpp:1244
Event: 3.730 Thread 0x00007f958800d000 Threw 0x00000007d8ad87f8 at /HUDSON/workspace/7u-2-build-linux-amd64/jdk7u65/1224/hotspot/src/share/vm/prims/jvm.cpp:1244
Event: 3.734 Thread 0x00007f958800d000 Threw 0x00000007d8b06278 at /HUDSON/workspace/7u-2-build-linux-amd64/jdk7u65/1224/hotspot/src/share/vm/prims/jvm.cpp:1244
Event: 3.734 Thread 0x00007f958800d000 Threw 0x00000007d8b0b318 at /HUDSON/workspace/7u-2-build-linux-amd64/jdk7u65/1224/hotspot/src/share/vm/prims/jvm.cpp:1244
Event: 3.962 Thread 0x00007f958800d000 Threw 0x00000007d8b19a70 at /HUDSON/workspace/7u-2-build-linux-amd64/jdk7u65/1224/hotspot/src/share/vm/prims/jvm.cpp:1244
Event: 4.516 Thread 0x00007f958800d000 Threw 0x00000007d8b33510 at /HUDSON/workspace/7u-2-build-linux-amd64/jdk7u65/1224/hotspot/src/share/vm/prims/jvm.cpp:1244
Event: 5.949 Thread 0x00007f958800d000 Threw 0x00000007d8b46e60 at /HUDSON/workspace/7u-2-build-linux-amd64/jdk7u65/1224/hotspot/src/share/vm/prims/jvm.cpp:1244
Event: 5.949 Thread 0x00007f958800d000 Threw 0x00000007d8b4d288 at /HUDSON/workspace/7u-2-build-linux-amd64/jdk7u65/1224/hotspot/src/share/vm/prims/jvm.cpp:1244
Event: 10.263 Thread 0x00007f958800d000 Threw 0x00000007d8bf9a88 at /HUDSON/workspace/7u-2-build-linux-amd64/jdk7u65/1224/hotspot/src/share/vm/prims/jvm.cpp:1244

Events (10 events):
Event: 33.958 Executing VM operation: ChangeSingleStep done
Event: 34.100 Executing VM operation: GetOrSetLocal
Event: 34.100 Executing VM operation: GetOrSetLocal done
Event: 34.189 Executing VM operation: GetOrSetLocal
Event: 34.189 Executing VM operation: GetOrSetLocal done
Event: 34.189 Executing VM operation: GetOrSetLocal
Event: 34.189 Executing VM operation: GetOrSetLocal done
Event: 39.669 Executing VM operation: GetOrSetLocal
Event: 39.669 Executing VM operation: GetOrSetLocal done
Event: 548.387 Thread 0x00007f953c001000 Thread exited: 0x00007f953c001000


Dynamic libraries:
00400000-00401000 r-xp 00000000 fc:00 21108754                           /usr/lib/jvm/java-7-oracle/bin/java
00600000-00601000 rw-p 00000000 fc:00 21108754                           /usr/lib/jvm/java-7-oracle/bin/java
012ff000-01320000 rw-p 00000000 00:00 0                                  [heap]
77fe00000-781300000 rw-p 00000000 00:00 0 
781300000-785000000 rw-p 00000000 00:00 0 
785000000-78a200000 rw-p 00000000 00:00 0 
78a200000-7d7000000 rw-p 00000000 00:00 0 
7d7000000-7db800000 rw-p 00000000 00:00 0 
7db800000-800000000 rw-p 00000000 00:00 0 
7f9524000000-7f9524021000 rw-p 00000000 00:00 0 
7f9524021000-7f9528000000 ---p 00000000 00:00 0 
7f952c000000-7f952c48c000 rw-p 00000000 00:00 0 
7f952c48c000-7f9530000000 ---p 00000000 00:00 0 
7f9530000000-7f9530021000 rw-p 00000000 00:00 0 
7f9530021000-7f9534000000 ---p 00000000 00:00 0 
7f9534000000-7f9534021000 rw-p 00000000 00:00 0 
7f9534021000-7f9538000000 ---p 00000000 00:00 0 
7f9538000000-7f9538494000 rw-p 00000000 00:00 0 
7f9538494000-7f953c000000 ---p 00000000 00:00 0 
7f953c000000-7f953c026000 rw-p 00000000 00:00 0 
7f953c026000-7f9540000000 ---p 00000000 00:00 0 
7f9540000000-7f954002e000 rw-p 00000000 00:00 0 
7f954002e000-7f9544000000 ---p 00000000 00:00 0 
7f9544000000-7f9544021000 rw-p 00000000 00:00 0 
7f9544021000-7f9548000000 ---p 00000000 00:00 0 
7f9548000000-7f9548021000 rw-p 00000000 00:00 0 
7f9548021000-7f954c000000 ---p 00000000 00:00 0 
7f954c000000-7f954c021000 rw-p 00000000 00:00 0 
7f954c021000-7f9550000000 ---p 00000000 00:00 0 
7f9553ff0000-7f9558000000 rw-p 00000000 00:00 0 
7f9558000000-7f9558021000 rw-p 00000000 00:00 0 
7f9558021000-7f955c000000 ---p 00000000 00:00 0 
7f955c000000-7f955c021000 rw-p 00000000 00:00 0 
7f955c021000-7f9560000000 ---p 00000000 00:00 0 
7f9560000000-7f9560021000 rw-p 00000000 00:00 0 
7f9560021000-7f9564000000 ---p 00000000 00:00 0 
7f9564000000-7f9564021000 rw-p 00000000 00:00 0 
7f9564021000-7f9568000000 ---p 00000000 00:00 0 
7f9568000000-7f9568021000 rw-p 00000000 00:00 0 
7f9568021000-7f956c000000 ---p 00000000 00:00 0 
7f956c000000-7f956c021000 rw-p 00000000 00:00 0 
7f956c021000-7f9570000000 ---p 00000000 00:00 0 
7f9573cf4000-7f9573d05000 r-xp 00000000 fc:00 23725856                   /home/sr/NetBeansProjects/MirPara4j/libRNAFold.so
7f9573d05000-7f9573f04000 ---p 00011000 fc:00 23725856                   /home/sr/NetBeansProjects/MirPara4j/libRNAFold.so
7f9573f04000-7f9573f05000 r--p 00010000 fc:00 23725856                   /home/sr/NetBeansProjects/MirPara4j/libRNAFold.so
7f9573f05000-7f9573f67000 rw-p 00011000 fc:00 23725856                   /home/sr/NetBeansProjects/MirPara4j/libRNAFold.so
7f9573f67000-7f9574000000 rw-p 00000000 00:00 0 
7f9574000000-7f9574021000 rw-p 00000000 00:00 0 
7f9574021000-7f9578000000 ---p 00000000 00:00 0 
7f9578000000-7f9578021000 rw-p 00000000 00:00 0 
7f9578021000-7f957c000000 ---p 00000000 00:00 0 
7f957c000000-7f957c021000 rw-p 00000000 00:00 0 
7f957c021000-7f9580000000 ---p 00000000 00:00 0 
7f95801e8000-7f95801f2000 r--s 00251000 fc:00 118233088                  /usr/lib/jvm/java-7-oracle/jre/lib/resources.jar
7f95801f2000-7f9580208000 r-xp 00000000 fc:00 118359929                  /usr/lib/jvm/java-7-oracle/jre/lib/amd64/libnet.so
7f9580208000-7f9580408000 ---p 00016000 fc:00 118359929                  /usr/lib/jvm/java-7-oracle/jre/lib/amd64/libnet.so
7f9580408000-7f9580409000 rw-p 00016000 fc:00 118359929                  /usr/lib/jvm/java-7-oracle/jre/lib/amd64/libnet.so
7f9580409000-7f9580419000 r-xp 00000000 fc:00 118363267                  /usr/lib/jvm/java-7-oracle/jre/lib/amd64/libnio.so
7f9580419000-7f9580619000 ---p 00010000 fc:00 118363267                  /usr/lib/jvm/java-7-oracle/jre/lib/amd64/libnio.so
7f9580619000-7f958061a000 rw-p 00010000 fc:00 118363267                  /usr/lib/jvm/java-7-oracle/jre/lib/amd64/libnio.so
7f958061a000-7f9580622000 r-xp 00000000 fc:00 118359932                  /usr/lib/jvm/java-7-oracle/jre/lib/amd64/libmanagement.so
7f9580622000-7f9580821000 ---p 00008000 fc:00 118359932                  /usr/lib/jvm/java-7-oracle/jre/lib/amd64/libmanagement.so
7f9580821000-7f9580822000 rw-p 00007000 fc:00 118359932                  /usr/lib/jvm/java-7-oracle/jre/lib/amd64/libmanagement.so
7f9580822000-7f9580829000 r--s 00064000 fc:00 23725032                   /home/sr/.m2/repository/org/apache/commons/commons-lang3/3.4/commons-lang3-3.4.jar
7f9580829000-7f958082f000 r--s 0003c000 fc:00 23724880                   /home/sr/.m2/repository/org/yaml/snakeyaml/1.15/snakeyaml-1.15.jar
7f958082f000-7f9580830000 r--s 0000e000 fc:00 23724566                   /home/sr/.m2/repository/tw/edu/ntu/csie/libsvm/3.17/libsvm-3.17.jar
7f9580830000-7f9580832000 r--s 00009000 fc:00 23594295                   /home/sr/.m2/repository/commons-cli/commons-cli/1.2/commons-cli-1.2.jar
7f9580832000-7f9580843000 r--s 000b9000 fc:00 23593128                   /home/sr/.m2/repository/org/apache/logging/log4j/log4j-core/2.2/log4j-core-2.2.jar
7f9580843000-7f9580846000 r--s 0001e000 fc:00 23593127                   /home/sr/.m2/repository/org/apache/logging/log4j/log4j-api/2.2/log4j-api-2.2.jar
7f9580846000-7f9580847000 r--s 00002000 fc:00 23593160                   /home/sr/.m2/repository/org/apache/maven/maven-plugin-api/2.0/maven-plugin-api-2.0.jar
7f9580847000-7f9580849000 r--s 00008000 fc:00 23593155                   /home/sr/.m2/repository/classworlds/classworlds/1.1-alpha-2/classworlds-1.1-alpha-2.jar
7f9580849000-7f958084c000 r--s 0001b000 fc:00 23593153                   /home/sr/.m2/repository/junit/junit/3.8.1/junit-3.8.1.jar
7f958084c000-7f9580853000 r--s 00029000 fc:00 23593152                   /home/sr/.m2/repository/org/codehaus/plexus/plexus-container-default/1.0-alpha-9/plexus-container-default-1.0-alpha-9.jar
7f9580853000-7f9580856000 r--s 00011000 fc:00 23593150                   /home/sr/.m2/repository/org/apache/maven/maven-artifact/2.0.4/maven-artifact-2.0.4.jar
7f9580856000-7f9580859000 r--s 00027000 fc:00 23593149                   /home/sr/.m2/repository/org/codehaus/plexus/plexus-utils/1.1/plexus-utils-1.1.jar
7f9580859000-7f958085b000 r--s 00009000 fc:00 23593147                   /home/sr/.m2/repository/org/apache/maven/wagon/wagon-provider-api/1.0-alpha-6/wagon-provider-api-1.0-alpha-6.jar
7f958085b000-7f958085d000 r--s 0000a000 fc:00 23593141                   /home/sr/.m2/repository/org/apache/maven/maven-artifact-manager/2.0.4/maven-artifact-manager-2.0.4.jar
7f958085d000-7f958085e000 ---p 00000000 00:00 0 
7f958085e000-7f958095e000 rw-p 00000000 00:00 0                          [stack:23604]
7f958095e000-7f9580961000 ---p 00000000 00:00 0 
7f9580961000-7f9580a5f000 rw-p 00000000 00:00 0                          [stack:23603]
7f9580a5f000-7f9580a62000 ---p 00000000 00:00 0 
7f9580a62000-7f9580b60000 rw-p 00000000 00:00 0                          [stack:23602]
7f9580b60000-7f9580b63000 ---p 00000000 00:00 0 
7f9580b63000-7f9580c61000 rw-p 00000000 00:00 0                          [stack:23601]
7f9580c61000-7f9580c64000 ---p 00000000 00:00 0 
7f9580c64000-7f9580d62000 rw-p 00000000 00:00 0 
7f9580d62000-7f9580d65000 ---p 00000000 00:00 0 
7f9580d65000-7f9580e63000 rw-p 00000000 00:00 0                          [stack:23597]
7f9580e63000-7f9580e66000 ---p 00000000 00:00 0 
7f9580e66000-7f9580f64000 rw-p 00000000 00:00 0                          [stack:23595]
7f9580f64000-7f9580f68000 r-xp 00000000 fc:00 118360012                  /usr/lib/jvm/java-7-oracle/jre/lib/amd64/libdt_socket.so
7f9580f68000-7f9581167000 ---p 00004000 fc:00 118360012                  /usr/lib/jvm/java-7-oracle/jre/lib/amd64/libdt_socket.so
7f9581167000-7f9581168000 rw-p 00003000 fc:00 118360012                  /usr/lib/jvm/java-7-oracle/jre/lib/amd64/libdt_socket.so
7f9581168000-7f958116b000 ---p 00000000 00:00 0 
7f958116b000-7f9581269000 rw-p 00000000 00:00 0                          [stack:23594]
7f9581269000-7f958126c000 ---p 00000000 00:00 0 
7f958126c000-7f958136a000 rw-p 00000000 00:00 0                          [stack:23593]
7f958136a000-7f958136d000 ---p 00000000 00:00 0 
7f958136d000-7f958146b000 rw-p 00000000 00:00 0                          [stack:23592]
7f958146b000-7f958146c000 ---p 00000000 00:00 0 
7f958146c000-7f95831da000 rw-p 00000000 00:00 0                          [stack:23591]
7f95831da000-7f9583399000 r--s 039e5000 fc:00 118232631                  /usr/lib/jvm/java-7-oracle/jre/lib/rt.jar
7f9583399000-7f9583810000 rw-p 00000000 00:00 0 
7f9583810000-7f9583811000 ---p 00000000 00:00 0 
7f9583811000-7f9583911000 rw-p 00000000 00:00 0                          [stack:23590]
7f9583911000-7f9583912000 ---p 00000000 00:00 0 
7f9583912000-7f9583a12000 rw-p 00000000 00:00 0                          [stack:23589]
7f9583a12000-7f9583a13000 ---p 00000000 00:00 0 
7f9583a13000-7f9583b13000 rw-p 00000000 00:00 0                          [stack:23588]
7f9583b13000-7f9583b14000 ---p 00000000 00:00 0 
7f9583b14000-7f9583c14000 rw-p 00000000 00:00 0                          [stack:23587]
7f9583c14000-7f9583c15000 ---p 00000000 00:00 0 
7f9583c15000-7f9583d15000 rw-p 00000000 00:00 0                          [stack:23586]
7f9583d15000-7f9583d16000 ---p 00000000 00:00 0 
7f9583d16000-7f9583e16000 rw-p 00000000 00:00 0                          [stack:23585]
7f9583e16000-7f9583e17000 ---p 00000000 00:00 0 
7f9583e17000-7f9583f40000 rw-p 00000000 00:00 0                          [stack:23584]
7f9583f40000-7f95841a7000 rw-p 00000000 00:00 0 
7f95841a7000-7f95841b2000 rw-p 00000000 00:00 0 
7f95841b2000-7f95841d0000 rw-p 00000000 00:00 0 
7f95841d0000-7f95841f9000 rw-p 00000000 00:00 0 
7f95841f9000-7f9584460000 rw-p 00000000 00:00 0 
7f9584460000-7f9584484000 rw-p 00000000 00:00 0 
7f9584484000-7f95845a8000 rw-p 00000000 00:00 0 
7f95845a8000-7f95845a9000 rw-p 00000000 00:00 0 
7f95845a9000-7f9584819000 rwxp 00000000 00:00 0 
7f9584819000-7f95875a9000 rw-p 00000000 00:00 0 
7f95875a9000-7f95875c3000 r-xp 00000000 fc:00 118362883                  /usr/lib/jvm/java-7-oracle/jre/lib/amd64/libzip.so
7f95875c3000-7f95877c3000 ---p 0001a000 fc:00 118362883                  /usr/lib/jvm/java-7-oracle/jre/lib/amd64/libzip.so
7f95877c3000-7f95877c4000 rw-p 0001a000 fc:00 118362883                  /usr/lib/jvm/java-7-oracle/jre/lib/amd64/libzip.so
7f95877c4000-7f95877cf000 r-xp 00000000 fc:00 11796735                   /lib/x86_64-linux-gnu/libnss_files-2.19.so
7f95877cf000-7f95879ce000 ---p 0000b000 fc:00 11796735                   /lib/x86_64-linux-gnu/libnss_files-2.19.so
7f95879ce000-7f95879cf000 r--p 0000a000 fc:00 11796735                   /lib/x86_64-linux-gnu/libnss_files-2.19.so
7f95879cf000-7f95879d0000 rw-p 0000b000 fc:00 11796735                   /lib/x86_64-linux-gnu/libnss_files-2.19.so
7f95879d0000-7f95879db000 r-xp 00000000 fc:00 11796811                   /lib/x86_64-linux-gnu/libnss_nis-2.19.so
7f95879db000-7f9587bda000 ---p 0000b000 fc:00 11796811                   /lib/x86_64-linux-gnu/libnss_nis-2.19.so
7f9587bda000-7f9587bdb000 r--p 0000a000 fc:00 11796811                   /lib/x86_64-linux-gnu/libnss_nis-2.19.so
7f9587bdb000-7f9587bdc000 rw-p 0000b000 fc:00 11796811                   /lib/x86_64-linux-gnu/libnss_nis-2.19.so
7f9587bdc000-7f9587bf3000 r-xp 00000000 fc:00 11796753                   /lib/x86_64-linux-gnu/libnsl-2.19.so
7f9587bf3000-7f9587df2000 ---p 00017000 fc:00 11796753                   /lib/x86_64-linux-gnu/libnsl-2.19.so
7f9587df2000-7f9587df3000 r--p 00016000 fc:00 11796753                   /lib/x86_64-linux-gnu/libnsl-2.19.so
7f9587df3000-7f9587df4000 rw-p 00017000 fc:00 11796753                   /lib/x86_64-linux-gnu/libnsl-2.19.so
7f9587df4000-7f9587df6000 rw-p 00000000 00:00 0 
7f9587df6000-7f9587dff000 r-xp 00000000 fc:00 11796751                   /lib/x86_64-linux-gnu/libnss_compat-2.19.so
7f9587dff000-7f9587ffe000 ---p 00009000 fc:00 11796751                   /lib/x86_64-linux-gnu/libnss_compat-2.19.so
7f9587ffe000-7f9587fff000 r--p 00008000 fc:00 11796751                   /lib/x86_64-linux-gnu/libnss_compat-2.19.so
7f9587fff000-7f9588000000 rw-p 00009000 fc:00 11796751                   /lib/x86_64-linux-gnu/libnss_compat-2.19.so
7f9588000000-7f95884c7000 rw-p 00000000 00:00 0 
7f95884c7000-7f958c000000 ---p 00000000 00:00 0 
7f958c000000-7f958c002000 r--s 00012000 fc:00 23593140                   /home/sr/.m2/repository/org/apache/maven/maven-model/2.0.4/maven-model-2.0.4.jar
7f958c002000-7f958c004000 r--s 00006000 fc:00 23593137                   /home/sr/.m2/repository/org/apache/maven/maven-profile/2.0.4/maven-profile-2.0.4.jar
7f958c004000-7f958c006000 r--s 00009000 fc:00 23593136                   /home/sr/.m2/repository/org/apache/maven/maven-settings/2.0.4/maven-settings-2.0.4.jar
7f958c006000-7f958c009000 r--s 00018000 fc:00 23593131                   /home/sr/.m2/repository/org/apache/maven/maven-project/2.0.4/maven-project-2.0.4.jar
7f958c009000-7f958c0b5000 rw-p 00000000 00:00 0 
7f958c0b5000-7f958c0b6000 ---p 00000000 00:00 0 
7f958c0b6000-7f958c1c1000 rw-p 00000000 00:00 0                          [stack:23583]
7f958c1c1000-7f958c1df000 rw-p 00000000 00:00 0 
7f958c1df000-7f958ceb6000 r--p 00000000 fc:00 117834354                  /usr/lib/locale/locale-archive
7f958ceb6000-7f958ceb9000 r-xp 00000000 fc:00 118361918                  /usr/lib/jvm/java-7-oracle/jre/lib/amd64/libnpt.so
7f958ceb9000-7f958d0b8000 ---p 00003000 fc:00 118361918                  /usr/lib/jvm/java-7-oracle/jre/lib/amd64/libnpt.so
7f958d0b8000-7f958d0b9000 rw-p 00002000 fc:00 118361918                  /usr/lib/jvm/java-7-oracle/jre/lib/amd64/libnpt.so
7f958d0b9000-7f958d0f2000 r-xp 00000000 fc:00 118363269                  /usr/lib/jvm/java-7-oracle/jre/lib/amd64/libjdwp.so
7f958d0f2000-7f958d2f2000 ---p 00039000 fc:00 118363269                  /usr/lib/jvm/java-7-oracle/jre/lib/amd64/libjdwp.so
7f958d2f2000-7f958d2f3000 rw-p 00039000 fc:00 118363269                  /usr/lib/jvm/java-7-oracle/jre/lib/amd64/libjdwp.so
7f958d2f3000-7f958d2f4000 rw-p 00000000 00:00 0 
7f958d2f4000-7f958d31d000 r-xp 00000000 fc:00 118361915                  /usr/lib/jvm/java-7-oracle/jre/lib/amd64/libjava.so
7f958d31d000-7f958d51d000 ---p 00029000 fc:00 118361915                  /usr/lib/jvm/java-7-oracle/jre/lib/amd64/libjava.so
7f958d51d000-7f958d51f000 rw-p 00029000 fc:00 118361915                  /usr/lib/jvm/java-7-oracle/jre/lib/amd64/libjava.so
7f958d51f000-7f958d52c000 r-xp 00000000 fc:00 118363286                  /usr/lib/jvm/java-7-oracle/jre/lib/amd64/libverify.so
7f958d52c000-7f958d72b000 ---p 0000d000 fc:00 118363286                  /usr/lib/jvm/java-7-oracle/jre/lib/amd64/libverify.so
7f958d72b000-7f958d72d000 rw-p 0000c000 fc:00 118363286                  /usr/lib/jvm/java-7-oracle/jre/lib/amd64/libverify.so
7f958d72d000-7f958d734000 r-xp 00000000 fc:00 11796807                   /lib/x86_64-linux-gnu/librt-2.19.so
7f958d734000-7f958d933000 ---p 00007000 fc:00 11796807                   /lib/x86_64-linux-gnu/librt-2.19.so
7f958d933000-7f958d934000 r--p 00006000 fc:00 11796807                   /lib/x86_64-linux-gnu/librt-2.19.so
7f958d934000-7f958d935000 rw-p 00007000 fc:00 11796807                   /lib/x86_64-linux-gnu/librt-2.19.so
7f958d935000-7f958da3a000 r-xp 00000000 fc:00 11796733                   /lib/x86_64-linux-gnu/libm-2.19.so
7f958da3a000-7f958dc39000 ---p 00105000 fc:00 11796733                   /lib/x86_64-linux-gnu/libm-2.19.so
7f958dc39000-7f958dc3a000 r--p 00104000 fc:00 11796733                   /lib/x86_64-linux-gnu/libm-2.19.so
7f958dc3a000-7f958dc3b000 rw-p 00105000 fc:00 11796733                   /lib/x86_64-linux-gnu/libm-2.19.so
7f958dc3b000-7f958e7ab000 r-xp 00000000 fc:00 118360000                  /usr/lib/jvm/java-7-oracle/jre/lib/amd64/server/libjvm.so
7f958e7ab000-7f958e9aa000 ---p 00b70000 fc:00 118360000                  /usr/lib/jvm/java-7-oracle/jre/lib/amd64/server/libjvm.so
7f958e9aa000-7f958ea6f000 rw-p 00b6f000 fc:00 118360000                  /usr/lib/jvm/java-7-oracle/jre/lib/amd64/server/libjvm.so
7f958ea6f000-7f958eaaf000 rw-p 00000000 00:00 0 
7f958eaaf000-7f958ec6a000 r-xp 00000000 fc:00 11796801                   /lib/x86_64-linux-gnu/libc-2.19.so
7f958ec6a000-7f958ee69000 ---p 001bb000 fc:00 11796801                   /lib/x86_64-linux-gnu/libc-2.19.so
7f958ee69000-7f958ee6d000 r--p 001ba000 fc:00 11796801                   /lib/x86_64-linux-gnu/libc-2.19.so
7f958ee6d000-7f958ee6f000 rw-p 001be000 fc:00 11796801                   /lib/x86_64-linux-gnu/libc-2.19.so
7f958ee6f000-7f958ee74000 rw-p 00000000 00:00 0 
7f958ee74000-7f958ee77000 r-xp 00000000 fc:00 11796741                   /lib/x86_64-linux-gnu/libdl-2.19.so
7f958ee77000-7f958f076000 ---p 00003000 fc:00 11796741                   /lib/x86_64-linux-gnu/libdl-2.19.so
7f958f076000-7f958f077000 r--p 00002000 fc:00 11796741                   /lib/x86_64-linux-gnu/libdl-2.19.so
7f958f077000-7f958f078000 rw-p 00003000 fc:00 11796741                   /lib/x86_64-linux-gnu/libdl-2.19.so
7f958f078000-7f958f08e000 r-xp 00000000 fc:00 21107598                   /usr/lib/jvm/java-7-oracle/lib/amd64/jli/libjli.so
7f958f08e000-7f958f28e000 ---p 00016000 fc:00 21107598                   /usr/lib/jvm/java-7-oracle/lib/amd64/jli/libjli.so
7f958f28e000-7f958f28f000 rw-p 00016000 fc:00 21107598                   /usr/lib/jvm/java-7-oracle/lib/amd64/jli/libjli.so
7f958f28f000-7f958f2a8000 r-xp 00000000 fc:00 11796803                   /lib/x86_64-linux-gnu/libpthread-2.19.so
7f958f2a8000-7f958f4a7000 ---p 00019000 fc:00 11796803                   /lib/x86_64-linux-gnu/libpthread-2.19.so
7f958f4a7000-7f958f4a8000 r--p 00018000 fc:00 11796803                   /lib/x86_64-linux-gnu/libpthread-2.19.so
7f958f4a8000-7f958f4a9000 rw-p 00019000 fc:00 11796803                   /lib/x86_64-linux-gnu/libpthread-2.19.so
7f958f4a9000-7f958f4ad000 rw-p 00000000 00:00 0 
7f958f4ad000-7f958f4d0000 r-xp 00000000 fc:00 11796795                   /lib/x86_64-linux-gnu/ld-2.19.so
7f958f4d0000-7f958f4d1000 r--s 00004000 fc:00 23593144                   /home/sr/.m2/repository/org/apache/maven/maven-repository-metadata/2.0.4/maven-repository-metadata-2.0.4.jar
7f958f4d1000-7f958f4d6000 r--s 00021000 fc:00 23593129                   /home/sr/.m2/repository/args4j/args4j/2.32/args4j-2.32.jar
7f958f4d6000-7f958f4dc000 r--s 00027000 fc:00 23593133                   /home/sr/.m2/repository/args4j/args4j-tools/2.32/args4j-tools-2.32-all.jar
7f958f4dc000-7f958f4dd000 r--s 00001000 fc:00 23593132                   /home/sr/.m2/repository/org/kohsuke/args4j/args4j-maven-plugin/2.32/args4j-maven-plugin-2.32.jar
7f958f4dd000-7f958f4e7000 rw-p 00000000 00:00 0 
7f958f4e7000-7f958f59d000 rw-p 00000000 00:00 0 
7f958f59d000-7f958f5a0000 ---p 00000000 00:00 0 
7f958f5a0000-7f958f6c3000 rw-p 00000000 00:00 0                          [stack:23582]
7f958f6c3000-7f958f6cb000 rw-s 00000000 fc:00 13895328                   /tmp/hsperfdata_sr/23578
7f958f6cb000-7f958f6cc000 rw-p 00000000 00:00 0 
7f958f6cc000-7f958f6cd000 r--p 00000000 00:00 0 
7f958f6cd000-7f958f6cf000 rw-p 00000000 00:00 0 
7f958f6cf000-7f958f6d0000 r--p 00022000 fc:00 11796795                   /lib/x86_64-linux-gnu/ld-2.19.so
7f958f6d0000-7f958f6d1000 rw-p 00023000 fc:00 11796795                   /lib/x86_64-linux-gnu/ld-2.19.so
7f958f6d1000-7f958f6d2000 rw-p 00000000 00:00 0 
7fffdeb52000-7fffdeb74000 rw-p 00000000 00:00 0                          [stack]
7fffdebd2000-7fffdebd4000 r-xp 00000000 00:00 0                          [vdso]
ffffffffff600000-ffffffffff601000 r-xp 00000000 00:00 0                  [vsyscall]

VM Arguments:
jvm_args: -Xdebug -Xrunjdwp:transport=dt_socket,server=n,address=51981 -Dlog4j.configurationFile=file:log4j2.xml -Djava.library.path=/home/sr/NetBeansProjects/MirPara4j 
java_command: no.uio.medisin.bag.jmirpara.JmiCMD -l 11 -s 150 -w 500 -d 60 -b 0.80 -m overall -c /home/sr/NetBeansProjects/MirPara4j/config.yaml -i src/main/test/demo.fas -o src/main/test/demo -r /home/sr/NetBeansProjects/MirPara4j
Launcher Type: SUN_STANDARD

Environment Variables:
JAVA_HOME=/usr/lib/jvm/java-7-oracle
PATH=/usr/local/sbin:/usr/local/bin:/usr/sbin:/usr/bin:/sbin:/bin:/usr/games:/usr/local/games
USERNAME=sr
LD_LIBRARY_PATH=/usr/lib/jvm/java-7-oracle/jre/lib/amd64:/usr/lib/jvm/java-7-oracle/jre/lib/i386:
SHELL=/bin/bash
DISPLAY=:0

Signal Handlers:
SIGSEGV: [libjvm.so+0x99f4a0], sa_mask[0]=0x7ffbfeff, sa_flags=0x10000004
SIGBUS: [libjvm.so+0x99f4a0], sa_mask[0]=0x7ffbfeff, sa_flags=0x10000004
SIGFPE: [libjvm.so+0x81a860], sa_mask[0]=0x7ffbfeff, sa_flags=0x10000004
SIGPIPE: [libjvm.so+0x81a860], sa_mask[0]=0x7ffbfeff, sa_flags=0x10000004
SIGXFSZ: [libjvm.so+0x81a860], sa_mask[0]=0x7ffbfeff, sa_flags=0x10000004
SIGILL: [libjvm.so+0x81a860], sa_mask[0]=0x7ffbfeff, sa_flags=0x10000004
SIGUSR1: SIG_DFL, sa_mask[0]=0x00000000, sa_flags=0x00000000
SIGUSR2: [libjvm.so+0x81c060], sa_mask[0]=0x00000004, sa_flags=0x10000004
SIGHUP: [libjvm.so+0x81d160], sa_mask[0]=0x7ffbfeff, sa_flags=0x10000004
SIGINT: SIG_IGN, sa_mask[0]=0x00000000, sa_flags=0x00000000
SIGTERM: [libjvm.so+0x81d160], sa_mask[0]=0x7ffbfeff, sa_flags=0x10000004
SIGQUIT: [libjvm.so+0x81d160], sa_mask[0]=0x7ffbfeff, sa_flags=0x10000004


---------------  S Y S T E M  ---------------

OS:jessie/sid

uname:Linux 3.13.0-24-generic #47-Ubuntu SMP Fri May 2 23:30:00 UTC 2014 x86_64
libc:glibc 2.19 NPTL 2.19 
rlimit: STACK 8192k, CORE 0k, NPROC 62730, NOFILE 4096, AS infinity
load average:0.09 0.18 0.22

/proc/meminfo:
MemTotal:        8060620 kB
MemFree:          276268 kB
Buffers:          194656 kB
Cached:          1668788 kB
SwapCached:       238436 kB
Active:          5347328 kB
Inactive:        1947028 kB
Active(anon):    4713712 kB
Inactive(anon):  1401000 kB
Active(file):     633616 kB
Inactive(file):   546028 kB
Unevictable:          48 kB
Mlocked:              48 kB
SwapTotal:       8269820 kB
SwapFree:        7104252 kB
Dirty:               136 kB
Writeback:             4 kB
AnonPages:       5327336 kB
Mapped:           417852 kB
Shmem:            683800 kB
Slab:             298168 kB
SReclaimable:     248660 kB
SUnreclaim:        49508 kB
KernelStack:        6496 kB
PageTables:        65792 kB
NFS_Unstable:          0 kB
Bounce:                0 kB
WritebackTmp:          0 kB
CommitLimit:    12300128 kB
Committed_AS:   13906720 kB
VmallocTotal:   34359738367 kB
VmallocUsed:      361380 kB
VmallocChunk:   34359369832 kB
HardwareCorrupted:     0 kB
AnonHugePages:   2856960 kB
HugePages_Total:       0
HugePages_Free:        0
HugePages_Rsvd:        0
HugePages_Surp:        0
Hugepagesize:       2048 kB
DirectMap4k:      115640 kB
DirectMap2M:     8157184 kB


CPU:total 8 (4 cores per cpu, 2 threads per core) family 6 model 58 stepping 9, cmov, cx8, fxsr, mmx, sse, sse2, sse3, ssse3, sse4.1, sse4.2, popcnt, avx, aes, erms, ht, tsc, tscinvbit, tscinv

/proc/cpuinfo:
processor	: 0
vendor_id	: GenuineIntel
cpu family	: 6
model		: 58
model name	: Intel(R) Core(TM) i7-3770 CPU @ 3.40GHz
stepping	: 9
microcode	: 0x12
cpu MHz		: 1600.000
cache size	: 8192 KB
physical id	: 0
siblings	: 8
core id		: 0
cpu cores	: 4
apicid		: 0
initial apicid	: 0
fpu		: yes
fpu_exception	: yes
cpuid level	: 13
wp		: yes
flags		: fpu vme de pse tsc msr pae mce cx8 apic sep mtrr pge mca cmov pat pse36 clflush dts acpi mmx fxsr sse sse2 ss ht tm pbe syscall nx rdtscp lm constant_tsc arch_perfmon pebs bts rep_good nopl xtopology nonstop_tsc aperfmperf eagerfpu pni pclmulqdq dtes64 monitor ds_cpl vmx smx est tm2 ssse3 cx16 xtpr pdcm pcid sse4_1 sse4_2 x2apic popcnt tsc_deadline_timer aes xsave avx f16c rdrand lahf_lm ida arat epb xsaveopt pln pts dtherm tpr_shadow vnmi flexpriority ept vpid fsgsbase smep erms
bogomips	: 6784.27
clflush size	: 64
cache_alignment	: 64
address sizes	: 36 bits physical, 48 bits virtual
power management:

processor	: 1
vendor_id	: GenuineIntel
cpu family	: 6
model		: 58
model name	: Intel(R) Core(TM) i7-3770 CPU @ 3.40GHz
stepping	: 9
microcode	: 0x12
cpu MHz		: 1600.000
cache size	: 8192 KB
physical id	: 0
siblings	: 8
core id		: 1
cpu cores	: 4
apicid		: 2
initial apicid	: 2
fpu		: yes
fpu_exception	: yes
cpuid level	: 13
wp		: yes
flags		: fpu vme de pse tsc msr pae mce cx8 apic sep mtrr pge mca cmov pat pse36 clflush dts acpi mmx fxsr sse sse2 ss ht tm pbe syscall nx rdtscp lm constant_tsc arch_perfmon pebs bts rep_good nopl xtopology nonstop_tsc aperfmperf eagerfpu pni pclmulqdq dtes64 monitor ds_cpl vmx smx est tm2 ssse3 cx16 xtpr pdcm pcid sse4_1 sse4_2 x2apic popcnt tsc_deadline_timer aes xsave avx f16c rdrand lahf_lm ida arat epb xsaveopt pln pts dtherm tpr_shadow vnmi flexpriority ept vpid fsgsbase smep erms
bogomips	: 6784.27
clflush size	: 64
cache_alignment	: 64
address sizes	: 36 bits physical, 48 bits virtual
power management:

processor	: 2
vendor_id	: GenuineIntel
cpu family	: 6
model		: 58
model name	: Intel(R) Core(TM) i7-3770 CPU @ 3.40GHz
stepping	: 9
microcode	: 0x12
cpu MHz		: 3300.000
cache size	: 8192 KB
physical id	: 0
siblings	: 8
core id		: 2
cpu cores	: 4
apicid		: 4
initial apicid	: 4
fpu		: yes
fpu_exception	: yes
cpuid level	: 13
wp		: yes
flags		: fpu vme de pse tsc msr pae mce cx8 apic sep mtrr pge mca cmov pat pse36 clflush dts acpi mmx fxsr sse sse2 ss ht tm pbe syscall nx rdtscp lm constant_tsc arch_perfmon pebs bts rep_good nopl xtopology nonstop_tsc aperfmperf eagerfpu pni pclmulqdq dtes64 monitor ds_cpl vmx smx est tm2 ssse3 cx16 xtpr pdcm pcid sse4_1 sse4_2 x2apic popcnt tsc_deadline_timer aes xsave avx f16c rdrand lahf_lm ida arat epb xsaveopt pln pts dtherm tpr_shadow vnmi flexpriority ept vpid fsgsbase smep erms
bogomips	: 6784.27
clflush size	: 64
cache_alignment	: 64
address sizes	: 36 bits physical, 48 bits virtual
power management:

processor	: 3
vendor_id	: GenuineIntel
cpu family	: 6
model		: 58
model name	: Intel(R) Core(TM) i7-3770 CPU @ 3.40GHz
stepping	: 9
microcode	: 0x12
cpu MHz		: 2800.000
cache size	: 8192 KB
physical id	: 0
siblings	: 8
core id		: 3
cpu cores	: 4
apicid		: 6
initial apicid	: 6
fpu		: yes
fpu_exception	: yes
cpuid level	: 13
wp		: yes
flags		: fpu vme de pse tsc msr pae mce cx8 apic sep mtrr pge mca cmov pat pse36 clflush dts acpi mmx fxsr sse sse2 ss ht tm pbe syscall nx rdtscp lm constant_tsc arch_perfmon pebs bts rep_good nopl xtopology nonstop_tsc aperfmperf eagerfpu pni pclmulqdq dtes64 monitor ds_cpl vmx smx est tm2 ssse3 cx16 xtpr pdcm pcid sse4_1 sse4_2 x2apic popcnt tsc_deadline_timer aes xsave avx f16c rdrand lahf_lm ida arat epb xsaveopt pln pts dtherm tpr_shadow vnmi flexpriority ept vpid fsgsbase smep erms
bogomips	: 6784.27
clflush size	: 64
cache_alignment	: 64
address sizes	: 36 bits physical, 48 bits virtual
power management:

processor	: 4
vendor_id	: GenuineIntel
cpu family	: 6
model		: 58
model name	: Intel(R) Core(TM) i7-3770 CPU @ 3.40GHz
stepping	: 9
microcode	: 0x12
cpu MHz		: 2500.000
cache size	: 8192 KB
physical id	: 0
siblings	: 8
core id		: 0
cpu cores	: 4
apicid		: 1
initial apicid	: 1
fpu		: yes
fpu_exception	: yes
cpuid level	: 13
wp		: yes
flags		: fpu vme de pse tsc msr pae mce cx8 apic sep mtrr pge mca cmov pat pse36 clflush dts acpi mmx fxsr sse sse2 ss ht tm pbe syscall nx rdtscp lm constant_tsc arch_perfmon pebs bts rep_good nopl xtopology nonstop_tsc aperfmperf eagerfpu pni pclmulqdq dtes64 monitor ds_cpl vmx smx est tm2 ssse3 cx16 xtpr pdcm pcid sse4_1 sse4_2 x2apic popcnt tsc_deadline_timer aes xsave avx f16c rdrand lahf_lm ida arat epb xsaveopt pln pts dtherm tpr_shadow vnmi flexpriority ept vpid fsgsbase smep erms
bogomips	: 6784.27
clflush size	: 64
cache_alignment	: 64
address sizes	: 36 bits physical, 48 bits virtual
power management:

processor	: 5
vendor_id	: GenuineIntel
cpu family	: 6
model		: 58
model name	: Intel(R) Core(TM) i7-3770 CPU @ 3.40GHz
stepping	: 9
microcode	: 0x12
cpu MHz		: 1600.000
cache size	: 8192 KB
physical id	: 0
siblings	: 8
core id		: 1
cpu cores	: 4
apicid		: 3
initial apicid	: 3
fpu		: yes
fpu_exception	: yes
cpuid level	: 13
wp		: yes
flags		: fpu vme de pse tsc msr pae mce cx8 apic sep mtrr pge mca cmov pat pse36 clflush dts acpi mmx fxsr sse sse2 ss ht tm pbe syscall nx rdtscp lm constant_tsc arch_perfmon pebs bts rep_good nopl xtopology nonstop_tsc aperfmperf eagerfpu pni pclmulqdq dtes64 monitor ds_cpl vmx smx est tm2 ssse3 cx16 xtpr pdcm pcid sse4_1 sse4_2 x2apic popcnt tsc_deadline_timer aes xsave avx f16c rdrand lahf_lm ida arat epb xsaveopt pln pts dtherm tpr_shadow vnmi flexpriority ept vpid fsgsbase smep erms
bogomips	: 6784.27
clflush size	: 64
cache_alignment	: 64
address sizes	: 36 bits physical, 48 bits virtual
power management:

processor	: 6
vendor_id	: GenuineIntel
cpu family	: 6
model		: 58
model name	: Intel(R) Core(TM) i7-3770 CPU @ 3.40GHz
stepping	: 9
microcode	: 0x12
cpu MHz		: 1600.000
cache size	: 8192 KB
physical id	: 0
siblings	: 8
core id		: 2
cpu cores	: 4
apicid		: 5
initial apicid	: 5
fpu		: yes
fpu_exception	: yes
cpuid level	: 13
wp		: yes
flags		: fpu vme de pse tsc msr pae mce cx8 apic sep mtrr pge mca cmov pat pse36 clflush dts acpi mmx fxsr sse sse2 ss ht tm pbe syscall nx rdtscp lm constant_tsc arch_perfmon pebs bts rep_good nopl xtopology nonstop_tsc aperfmperf eagerfpu pni pclmulqdq dtes64 monitor ds_cpl vmx smx est tm2 ssse3 cx16 xtpr pdcm pcid sse4_1 sse4_2 x2apic popcnt tsc_deadline_timer aes xsave avx f16c rdrand lahf_lm ida arat epb xsaveopt pln pts dtherm tpr_shadow vnmi flexpriority ept vpid fsgsbase smep erms
bogomips	: 6784.27
clflush size	: 64
cache_alignment	: 64
address sizes	: 36 bits physical, 48 bits virtual
power management:

processor	: 7
vendor_id	: GenuineIntel
cpu family	: 6
model		: 58
model name	: Intel(R) Core(TM) i7-3770 CPU @ 3.40GHz
stepping	: 9
microcode	: 0x12
cpu MHz		: 3401.000
cache size	: 8192 KB
physical id	: 0
siblings	: 8
core id		: 3
cpu cores	: 4
apicid		: 7
initial apicid	: 7
fpu		: yes
fpu_exception	: yes
cpuid level	: 13
wp		: yes
flags		: fpu vme de pse tsc msr pae mce cx8 apic sep mtrr pge mca cmov pat pse36 clflush dts acpi mmx fxsr sse sse2 ss ht tm pbe syscall nx rdtscp lm constant_tsc arch_perfmon pebs bts rep_good nopl xtopology nonstop_tsc aperfmperf eagerfpu pni pclmulqdq dtes64 monitor ds_cpl vmx smx est tm2 ssse3 cx16 xtpr pdcm pcid sse4_1 sse4_2 x2apic popcnt tsc_deadline_timer aes xsave avx f16c rdrand lahf_lm ida arat epb xsaveopt pln pts dtherm tpr_shadow vnmi flexpriority ept vpid fsgsbase smep erms
bogomips	: 6784.27
clflush size	: 64
cache_alignment	: 64
address sizes	: 36 bits physical, 48 bits virtual
power management:



Memory: 4k page, physical 8060620k(276268k free), swap 8269820k(7104252k free)

vm_info: Java HotSpot(TM) 64-Bit Server VM (24.65-b04) for linux-amd64 JRE (1.7.0_65-b17), built on Jun 16 2014 20:55:34 by "java_re" with gcc 4.3.0 20080428 (Red Hat 4.3.0-8)

time: Fri Jul  3 11:23:27 2015
elapsed time: 548 seconds

