#
# A fatal error has been detected by the Java Runtime Environment:
#
#  SIGSEGV (0xb) at pc=0x0000000000002a20, pid=30921, tid=140635177973504
#
# JRE version: Java(TM) SE Runtime Environment (7.0_65-b17) (build 1.7.0_65-b17)
# Java VM: Java HotSpot(TM) 64-Bit Server VM (24.65-b04 mixed mode linux-amd64 compressed oops)
# Problematic frame:
# C  0x0000000000002a20
#
# Failed to write core dump. Core dumps have been disabled. To enable core dumping, try "ulimit -c unlimited" before starting Java again
#
# If you would like to submit a bug report, please visit:
#   http://bugreport.sun.com/bugreport/crash.jsp
# The crash happened outside the Java Virtual Machine in native code.
# See problematic frame for where to report the bug.
#

---------------  T H R E A D  ---------------

Current thread (0x00007fe84c0af800):  JavaThread "JDWP Transport Listener: dt_socket" daemon [_thread_in_native, id=30938, stack(0x00007fe82dc37000,0x00007fe82dd38000)]

siginfo:si_signo=SIGSEGV: si_errno=0, si_code=1 (SEGV_MAPERR), si_addr=0x0000000000002a20

Registers:
RAX=0x00007fe82cecfca0, RBX=0x00007fe84c432ab0, RCX=0x0000000000000000, RDX=0x0000000000000000
RSP=0x00007fe82dd36708, RBP=0x00007fe82dd36840, RSI=0x0000000000000000, RDI=0x00007fe85428b2f0
R8 =0x0000000000000000, R9 =0x00007fe853c53e88, R10=0x00007fe85428b270, R11=0x00007fe8538ce550
R12=0x00007fe82cecfc30, R13=0x0000000000000014, R14=0x0000000000000000, R15=0x00007fe82dd36710
RIP=0x0000000000002a20, EFLAGS=0x0000000000010202, CSGSFS=0x0000000000000033, ERR=0x0000000000000014
  TRAPNO=0x000000000000000e

Top of Stack: (sp=0x00007fe82dd36708)
0x00007fe82dd36708:   00007fe8542a073a 00007fe8544b41c8
0x00007fe82dd36718:   00007fe8544b4760 00007fe854484000
0x00007fe82dd36728:   00007fe84c0009a0 00007fe84c004100
0x00007fe82dd36738:   00007fe84c004e30 00007fe84c00b640
0x00007fe82dd36748:   00007fe84c00c190 00007fe84c00baf0
0x00007fe82dd36758:   00007fe84c00c6a0 00007fe84c019600
0x00007fe82dd36768:   00007fe84c0a6c10 00007fe84c1bd0e0
0x00007fe82dd36778:   00007fe84c2718d0 00007fe84c271da0
0x00007fe82dd36788:   00007fe84c002210 00007fe84c001b90
0x00007fe82dd36798:   0000000001469580 00007fe854484508
0x00007fe82dd367a8:   00007fe8544b1750 00007fe84c432ab0
0x00007fe82dd367b8:   0000000001469a60 00007fe8544849f0
0x00007fe82dd367c8:   00007fe8544b39f8 000000000000000a
0x00007fe82dd367d8:   00007fe8542a05ed 0000000000000000
0x00007fe82dd367e8:   ffffffffffffffff 00000000000000c0
0x00007fe82dd367f8:   0000000000000000 00007fe8544b3068
0x00007fe82dd36808:   0000001800000000 00007fe853868008
0x00007fe82dd36818:   0000000000000000 0000000000000001
0x00007fe82dd36828:   00007fe853c51e80 00007fe8520d6120
0x00007fe82dd36838:   000000000000000a 00007fe853c506c8
0x00007fe82dd36848:   00007fe8538ce259 0000000000000000
0x00007fe82dd36858:   0000000000000000 00007fe82dd368a0
0x00007fe82dd36868:   00007fe82dd36910 0000000000000000
0x00007fe82dd36878:   00007fe8538ce2a5 0000000000000006
0x00007fe82dd36888:   00007fe851eaad47 0000000000060b00
0x00007fe82dd36898:   00007fe82dd36aa0 00007fe82dd368d0
0x00007fe82dd368a8:   00007fe851ea82fd 0000000000000001
0x00007fe82dd368b8:   000000000000000a 0000000000000001
0x00007fe82dd368c8:   00000000000a0100 00007fe82dd36b20
0x00007fe82dd368d8:   00007fe851ead976 0003adae0000000f
0x00007fe82dd368e8:   00007fe8530a0100 00007fe8000010f0
0x00007fe82dd368f8:   00007fe84c0af800 00007fe82dd36910 

Instructions: (pc=0x0000000000002a20)
0x0000000000002a00:   
[error occurred during error reporting (printing registers, top of stack, instructions near pc), id 0xb]

Register to memory mapping:

RAX=
[error occurred during error reporting (printing register info), id 0xb]

Stack: [0x00007fe82dc37000,0x00007fe82dd38000],  sp=0x00007fe82dd36708,  free space=1021k
Native frames: (J=compiled Java code, j=interpreted, Vv=VM code, C=native code)
C  0x0000000000002a20


---------------  P R O C E S S  ---------------

Java Threads: ( => current thread )
  0x00007fe84c0ba800 JavaThread "Service Thread" daemon [_thread_blocked, id=30946, stack(0x00007fe82d732000,0x00007fe82d833000)]
  0x00007fe84c0b8000 JavaThread "C2 CompilerThread1" daemon [_thread_blocked, id=30945, stack(0x00007fe82d833000,0x00007fe82d934000)]
  0x00007fe84c0b5000 JavaThread "C2 CompilerThread0" daemon [_thread_blocked, id=30944, stack(0x00007fe82d934000,0x00007fe82da35000)]
  0x00007fe84c0b3000 JavaThread "JDWP Event Helper Thread" daemon [_thread_blocked, id=30940, stack(0x00007fe82db36000,0x00007fe82dc37000)]
=>0x00007fe84c0af800 JavaThread "JDWP Transport Listener: dt_socket" daemon [_thread_in_native, id=30938, stack(0x00007fe82dc37000,0x00007fe82dd38000)]
  0x00007fe84c0a2800 JavaThread "Signal Dispatcher" daemon [_thread_blocked, id=30937, stack(0x00007fe82df3c000,0x00007fe82e03d000)]
  0x00007fe84c07c000 JavaThread "Finalizer" daemon [_thread_blocked, id=30936, stack(0x00007fe82e03d000,0x00007fe82e13e000)]
  0x00007fe84c07a000 JavaThread "Reference Handler" daemon [_thread_blocked, id=30935, stack(0x00007fe82e13e000,0x00007fe82e23f000)]
  0x00007fe84c00d000 JavaThread "main" [_thread_blocked, id=30925, stack(0x00007fe854380000,0x00007fe854481000)]

Other Threads:
  0x00007fe84c075800 VMThread [stack: 0x00007fe82e23f000,0x00007fe82e340000] [id=30934]
  0x00007fe84c0cd000 WatcherThread [stack: 0x00007fe82d631000,0x00007fe82d732000] [id=30947]

VM state:not at safepoint (normal execution)

VM Mutex/Monitor currently owned by a thread: None

Heap
 PSYoungGen      total 68608K, used 34338K [0x00000007d7000000, 0x00000007db800000, 0x0000000800000000)
  eden space 63488K, 46% used [0x00000007d7000000,0x00000007d8c8eb18,0x00000007dae00000)
  from space 5120K, 99% used [0x00000007db300000,0x00000007db7f9f68,0x00000007db800000)
  to   space 5120K, 0% used [0x00000007dae00000,0x00000007dae00000,0x00000007db300000)
 ParOldGen       total 83968K, used 9102K [0x0000000785000000, 0x000000078a200000, 0x00000007d7000000)
  object space 83968K, 10% used [0x0000000785000000,0x00000007858e3808,0x000000078a200000)
 PSPermGen       total 21504K, used 10302K [0x000000077fe00000, 0x0000000781300000, 0x0000000785000000)
  object space 21504K, 47% used [0x000000077fe00000,0x000000078080fa70,0x0000000781300000)

Card table byte_map: [0x00007fe850169000,0x00007fe85056b000] byte_map_base: 0x00007fe84c56a000

Polling page: 0x00007fe8544af000

Code Cache  [0x00007fe849000000, 0x00007fe849270000, 0x00007fe84c000000)
 total_blobs=458 nmethods=166 adapters=253 free_code_cache=48219Kb largest_free_block=49328960

Compilation events (10 events):
Event: 19.185 Thread 0x00007fe84c0b5000  164             java.lang.StringBuilder::length (5 bytes)
Event: 19.185 Thread 0x00007fe84c0b8000  165             java.lang.AbstractStringBuilder::length (5 bytes)
Event: 19.185 Thread 0x00007fe84c0b8000 nmethod 165 0x00007fe8490c9e10 code [0x00007fe8490c9f40, 0x00007fe8490c9f98]
Event: 19.185 Thread 0x00007fe84c0b5000 nmethod 164 0x00007fe84907a250 code [0x00007fe84907a380, 0x00007fe84907a3d8]
Event: 20.060 Thread 0x00007fe84c0b8000  166             java.util.regex.Pattern$Curly::match0 (174 bytes)
Event: 20.075 Thread 0x00007fe84c0b8000 nmethod 166 0x00007fe8490f1810 code [0x00007fe8490f1ae0, 0x00007fe8490f34d8]
Event: 20.505 Thread 0x00007fe84c0b5000  167             java.util.regex.Pattern$Node::match (27 bytes)
Event: 20.506 Thread 0x00007fe84c0b5000 nmethod 167 0x00007fe849066fd0 code [0x00007fe849067120, 0x00007fe849067278]
Event: 22.872 Thread 0x00007fe84c0b8000  168             java.util.ArrayList$Itr::hasNext (20 bytes)
Event: 22.872 Thread 0x00007fe84c0b8000 nmethod 168 0x00007fe8490e5450 code [0x00007fe8490e55a0, 0x00007fe8490e5658]

GC Heap History (8 events):
Event: 10.634 GC heap before
{Heap before GC invocations=1 (full 0):
 PSYoungGen      total 36864K, used 31744K [0x00000007d7000000, 0x00000007d9900000, 0x0000000800000000)
  eden space 31744K, 100% used [0x00000007d7000000,0x00000007d8f00000,0x00000007d8f00000)
  from space 5120K, 0% used [0x00000007d9400000,0x00000007d9400000,0x00000007d9900000)
  to   space 5120K, 0% used [0x00000007d8f00000,0x00000007d8f00000,0x00000007d9400000)
 ParOldGen       total 83968K, used 0K [0x0000000785000000, 0x000000078a200000, 0x00000007d7000000)
  object space 83968K, 0% used [0x0000000785000000,0x0000000785000000,0x000000078a200000)
 PSPermGen       total 21504K, used 10145K [0x000000077fe00000, 0x0000000781300000, 0x0000000785000000)
  object space 21504K, 47% used [0x000000077fe00000,0x00000007807e85f0,0x0000000781300000)
Event: 10.639 GC heap after
Heap after GC invocations=1 (full 0):
 PSYoungGen      total 36864K, used 5088K [0x00000007d7000000, 0x00000007d9900000, 0x0000000800000000)
  eden space 31744K, 0% used [0x00000007d7000000,0x00000007d7000000,0x00000007d8f00000)
  from space 5120K, 99% used [0x00000007d8f00000,0x00000007d93f8048,0x00000007d9400000)
  to   space 5120K, 0% used [0x00000007d9400000,0x00000007d9400000,0x00000007d9900000)
 ParOldGen       total 83968K, used 239K [0x0000000785000000, 0x000000078a200000, 0x00000007d7000000)
  object space 83968K, 0% used [0x0000000785000000,0x000000078503bc10,0x000000078a200000)
 PSPermGen       total 21504K, used 10145K [0x000000077fe00000, 0x0000000781300000, 0x0000000785000000)
  object space 21504K, 47% used [0x000000077fe00000,0x00000007807e85f0,0x0000000781300000)
}
Event: 10.692 GC heap before
{Heap before GC invocations=2 (full 0):
 PSYoungGen      total 36864K, used 36832K [0x00000007d7000000, 0x00000007d9900000, 0x0000000800000000)
  eden space 31744K, 100% used [0x00000007d7000000,0x00000007d8f00000,0x00000007d8f00000)
  from space 5120K, 99% used [0x00000007d8f00000,0x00000007d93f8048,0x00000007d9400000)
  to   space 5120K, 0% used [0x00000007d9400000,0x00000007d9400000,0x00000007d9900000)
 ParOldGen       total 83968K, used 239K [0x0000000785000000, 0x000000078a200000, 0x00000007d7000000)
  object space 83968K, 0% used [0x0000000785000000,0x000000078503bc10,0x000000078a200000)
 PSPermGen       total 21504K, used 10148K [0x000000077fe00000, 0x0000000781300000, 0x0000000785000000)
  object space 21504K, 47% used [0x000000077fe00000,0x00000007807e91a8,0x0000000781300000)
Event: 10.697 GC heap after
Heap after GC invocations=2 (full 0):
 PSYoungGen      total 36864K, used 5094K [0x00000007d7000000, 0x00000007db800000, 0x0000000800000000)
  eden space 31744K, 0% used [0x00000007d7000000,0x00000007d7000000,0x00000007d8f00000)
  from space 5120K, 99% used [0x00000007d9400000,0x00000007d98f9b38,0x00000007d9900000)
  to   space 5120K, 0% used [0x00000007d8f00000,0x00000007d8f00000,0x00000007d9400000)
 ParOldGen       total 83968K, used 1783K [0x0000000785000000, 0x000000078a200000, 0x00000007d7000000)
  object space 83968K, 2% used [0x0000000785000000,0x00000007851bdc10,0x000000078a200000)
 PSPermGen       total 21504K, used 10148K [0x000000077fe00000, 0x0000000781300000, 0x0000000785000000)
  object space 21504K, 47% used [0x000000077fe00000,0x00000007807e91a8,0x0000000781300000)
}
Event: 10.795 GC heap before
{Heap before GC invocations=3 (full 0):
 PSYoungGen      total 36864K, used 36838K [0x00000007d7000000, 0x00000007db800000, 0x0000000800000000)
  eden space 31744K, 100% used [0x00000007d7000000,0x00000007d8f00000,0x00000007d8f00000)
  from space 5120K, 99% used [0x00000007d9400000,0x00000007d98f9b38,0x00000007d9900000)
  to   space 5120K, 0% used [0x00000007d8f00000,0x00000007d8f00000,0x00000007d9400000)
 ParOldGen       total 83968K, used 1783K [0x0000000785000000, 0x000000078a200000, 0x00000007d7000000)
  object space 83968K, 2% used [0x0000000785000000,0x00000007851bdc10,0x000000078a200000)
 PSPermGen       total 21504K, used 10174K [0x000000077fe00000, 0x0000000781300000, 0x0000000785000000)
  object space 21504K, 47% used [0x000000077fe00000,0x00000007807ef9f8,0x0000000781300000)
Event: 10.800 GC heap after
Heap after GC invocations=3 (full 0):
 PSYoungGen      total 36864K, used 5111K [0x00000007d7000000, 0x00000007db800000, 0x0000000800000000)
  eden space 31744K, 0% used [0x00000007d7000000,0x00000007d7000000,0x00000007d8f00000)
  from space 5120K, 99% used [0x00000007d8f00000,0x00000007d93fdf78,0x00000007d9400000)
  to   space 5120K, 0% used [0x00000007db300000,0x00000007db300000,0x00000007db800000)
 ParOldGen       total 83968K, used 5551K [0x0000000785000000, 0x000000078a200000, 0x00000007d7000000)
  object space 83968K, 6% used [0x0000000785000000,0x000000078556bc20,0x000000078a200000)
 PSPermGen       total 21504K, used 10174K [0x000000077fe00000, 0x0000000781300000, 0x0000000785000000)
  object space 21504K, 47% used [0x000000077fe00000,0x00000007807ef9f8,0x0000000781300000)
}
Event: 10.824 GC heap before
{Heap before GC invocations=4 (full 0):
 PSYoungGen      total 36864K, used 36855K [0x00000007d7000000, 0x00000007db800000, 0x0000000800000000)
  eden space 31744K, 100% used [0x00000007d7000000,0x00000007d8f00000,0x00000007d8f00000)
  from space 5120K, 99% used [0x00000007d8f00000,0x00000007d93fdf78,0x00000007d9400000)
  to   space 5120K, 0% used [0x00000007db300000,0x00000007db300000,0x00000007db800000)
 ParOldGen       total 83968K, used 5551K [0x0000000785000000, 0x000000078a200000, 0x00000007d7000000)
  object space 83968K, 6% used [0x0000000785000000,0x000000078556bc20,0x000000078a200000)
 PSPermGen       total 21504K, used 10174K [0x000000077fe00000, 0x0000000781300000, 0x0000000785000000)
  object space 21504K, 47% used [0x000000077fe00000,0x00000007807ef9f8,0x0000000781300000)
Event: 10.829 GC heap after
Heap after GC invocations=4 (full 0):
 PSYoungGen      total 68608K, used 5095K [0x00000007d7000000, 0x00000007db800000, 0x0000000800000000)
  eden space 63488K, 0% used [0x00000007d7000000,0x00000007d7000000,0x00000007dae00000)
  from space 5120K, 99% used [0x00000007db300000,0x00000007db7f9f68,0x00000007db800000)
  to   space 5120K, 0% used [0x00000007dae00000,0x00000007dae00000,0x00000007db300000)
 ParOldGen       total 83968K, used 9102K [0x0000000785000000, 0x000000078a200000, 0x00000007d7000000)
  object space 83968K, 10% used [0x0000000785000000,0x00000007858e3808,0x000000078a200000)
 PSPermGen       total 21504K, used 10174K [0x000000077fe00000, 0x0000000781300000, 0x0000000785000000)
  object space 21504K, 47% used [0x000000077fe00000,0x00000007807ef9f8,0x0000000781300000)
}

Deoptimization events (10 events):
Event: 14.621 Thread 0x00007fe84c00d000 Uncommon trap: reason=unreached action=reinterpret pc=0x00007fe8490d5d1c method=java.util.regex.Pattern.sequence(Ljava/util/regex/Pattern$Node;)Ljava/util/regex/Pattern$Node; @ 512
Event: 14.624 Thread 0x00007fe84c00d000 Uncommon trap: reason=class_check action=maybe_recompile pc=0x00007fe8490d7298 method=java.util.regex.Pattern$Node.study(Ljava/util/regex/Pattern$TreeInfo;)Z @ 12
Event: 14.624 Thread 0x00007fe84c00d000 Uncommon trap: reason=class_check action=maybe_recompile pc=0x00007fe8490d7298 method=java.util.regex.Pattern$Node.study(Ljava/util/regex/Pattern$TreeInfo;)Z @ 12
Event: 14.624 Thread 0x00007fe84c00d000 Uncommon trap: reason=class_check action=maybe_recompile pc=0x00007fe8490d7298 method=java.util.regex.Pattern$Node.study(Ljava/util/regex/Pattern$TreeInfo;)Z @ 12
Event: 14.624 Thread 0x00007fe84c00d000 Uncommon trap: reason=class_check action=maybe_recompile pc=0x00007fe8490d7298 method=java.util.regex.Pattern$Node.study(Ljava/util/regex/Pattern$TreeInfo;)Z @ 12
Event: 14.956 Thread 0x00007fe84c00d000 Uncommon trap: reason=bimorphic action=maybe_recompile pc=0x00007fe8490e429c method=java.util.regex.Pattern$Start.match(Ljava/util/regex/Matcher;ILjava/lang/CharSequence;)Z @ 44
Event: 14.964 Thread 0x00007fe84c00d000 Uncommon trap: reason=bimorphic action=maybe_recompile pc=0x00007fe8490e429c method=java.util.regex.Pattern$Start.match(Ljava/util/regex/Matcher;ILjava/lang/CharSequence;)Z @ 44
Event: 14.964 Thread 0x00007fe84c00d000 Uncommon trap: reason=bimorphic action=maybe_recompile pc=0x00007fe8490e429c method=java.util.regex.Pattern$Start.match(Ljava/util/regex/Matcher;ILjava/lang/CharSequence;)Z @ 44
Event: 14.964 Thread 0x00007fe84c00d000 Uncommon trap: reason=bimorphic action=maybe_recompile pc=0x00007fe8490e429c method=java.util.regex.Pattern$Start.match(Ljava/util/regex/Matcher;ILjava/lang/CharSequence;)Z @ 44
Event: 29.183 Thread 0x00007fe84c00d000 Uncommon trap: reason=unreached action=reinterpret pc=0x00007fe8490e0334 method=java.util.regex.Pattern.compile()V @ 249

Internal exceptions (10 events):
Event: 10.547 Thread 0x00007fe84c00d000 Threw 0x00000007d840dff0 at /HUDSON/workspace/7u-2-build-linux-amd64/jdk7u65/1224/hotspot/src/share/vm/prims/jvm.cpp:1244
Event: 10.728 Thread 0x00007fe84c00d000 Threw 0x00000007d8374ea0 at /HUDSON/workspace/7u-2-build-linux-amd64/jdk7u65/1224/hotspot/src/share/vm/prims/jvm.cpp:1244
Event: 10.928 Thread 0x00007fe84c00d000 Threw 0x00000007d8ad0d30 at /HUDSON/workspace/7u-2-build-linux-amd64/jdk7u65/1224/hotspot/src/share/vm/prims/jvm.cpp:1244
Event: 14.622 Thread 0x00007fe84c00d000 Threw 0x00000007d8afe7b0 at /HUDSON/workspace/7u-2-build-linux-amd64/jdk7u65/1224/hotspot/src/share/vm/prims/jvm.cpp:1244
Event: 14.623 Thread 0x00007fe84c00d000 Threw 0x00000007d8b03850 at /HUDSON/workspace/7u-2-build-linux-amd64/jdk7u65/1224/hotspot/src/share/vm/prims/jvm.cpp:1244
Event: 14.624 Thread 0x00007fe84c00d000 Threw 0x00000007d8b0ece0 at /HUDSON/workspace/7u-2-build-linux-amd64/jdk7u65/1224/hotspot/src/share/vm/prims/jvm.cpp:1244
Event: 29.173 Thread 0x00007fe84c00d000 Threw 0x00000007d8c48c38 at /HUDSON/workspace/7u-2-build-linux-amd64/jdk7u65/1224/hotspot/src/share/vm/prims/jvm.cpp:1244
Event: 29.181 Thread 0x00007fe84c00d000 Threw 0x00000007d8c5a1a8 at /HUDSON/workspace/7u-2-build-linux-amd64/jdk7u65/1224/hotspot/src/share/vm/prims/jvm.cpp:1244
Event: 29.182 Thread 0x00007fe84c00d000 Threw 0x00000007d8c605d0 at /HUDSON/workspace/7u-2-build-linux-amd64/jdk7u65/1224/hotspot/src/share/vm/prims/jvm.cpp:1244
Event: 32.390 Thread 0x00007fe84c00d000 Threw 0x00000007d8c69e68 at /HUDSON/workspace/7u-2-build-linux-amd64/jdk7u65/1224/hotspot/src/share/vm/prims/jvm.cpp:1244

Events (10 events):
Event: 52.671 Executing VM operation: ChangeSingleStep done
Event: 52.671 Executing VM operation: ChangeSingleStep
Event: 52.671 Executing VM operation: ChangeSingleStep done
Event: 52.672 Executing VM operation: GetCurrentLocation
Event: 52.672 Executing VM operation: GetCurrentLocation done
Event: 52.672 Executing VM operation: ChangeSingleStep
Event: 52.672 Executing VM operation: ChangeSingleStep done
Event: 52.672 Executing VM operation: ChangeSingleStep
Event: 52.672 Executing VM operation: ChangeSingleStep done
Event: 192.352 Thread 0x00007fe808001000 Thread exited: 0x00007fe808001000


Dynamic libraries:
00400000-00401000 r-xp 00000000 fc:00 21108754                           /usr/lib/jvm/java-7-oracle/bin/java
00600000-00601000 rw-p 00000000 fc:00 21108754                           /usr/lib/jvm/java-7-oracle/bin/java
01469000-0148a000 rw-p 00000000 00:00 0                                  [heap]
77fe00000-781300000 rw-p 00000000 00:00 0 
781300000-785000000 rw-p 00000000 00:00 0 
785000000-78a200000 rw-p 00000000 00:00 0 
78a200000-7d7000000 rw-p 00000000 00:00 0 
7d7000000-7db800000 rw-p 00000000 00:00 0 
7db800000-800000000 rw-p 00000000 00:00 0 
7fe7ec000000-7fe7ec021000 rw-p 00000000 00:00 0 
7fe7ec021000-7fe7f0000000 ---p 00000000 00:00 0 
7fe7f0000000-7fe7f0021000 rw-p 00000000 00:00 0 
7fe7f0021000-7fe7f4000000 ---p 00000000 00:00 0 
7fe7f4000000-7fe7f4497000 rw-p 00000000 00:00 0 
7fe7f4497000-7fe7f8000000 ---p 00000000 00:00 0 
7fe7f8000000-7fe7f847a000 rw-p 00000000 00:00 0 
7fe7f847a000-7fe7fc000000 ---p 00000000 00:00 0 
7fe7fc000000-7fe7fc028000 rw-p 00000000 00:00 0 
7fe7fc028000-7fe800000000 ---p 00000000 00:00 0 
7fe800000000-7fe800021000 rw-p 00000000 00:00 0 
7fe800021000-7fe804000000 ---p 00000000 00:00 0 
7fe804000000-7fe804021000 rw-p 00000000 00:00 0 
7fe804021000-7fe808000000 ---p 00000000 00:00 0 
7fe808000000-7fe808021000 rw-p 00000000 00:00 0 
7fe808021000-7fe80c000000 ---p 00000000 00:00 0 
7fe80c000000-7fe80c021000 rw-p 00000000 00:00 0 
7fe80c021000-7fe810000000 ---p 00000000 00:00 0 
7fe810000000-7fe810021000 rw-p 00000000 00:00 0 
7fe810021000-7fe814000000 ---p 00000000 00:00 0 
7fe814000000-7fe814021000 rw-p 00000000 00:00 0 
7fe814021000-7fe818000000 ---p 00000000 00:00 0 
7fe81bff0000-7fe820000000 rw-p 00000000 00:00 0 
7fe820000000-7fe820021000 rw-p 00000000 00:00 0 
7fe820021000-7fe824000000 ---p 00000000 00:00 0 
7fe828000000-7fe828021000 rw-p 00000000 00:00 0 
7fe828021000-7fe82c000000 ---p 00000000 00:00 0 
7fe82ccbe000-7fe82ccbf000 rw-p 00000000 00:00 0 
7fe82ccbf000-7fe82ccd0000 r-xp 00000000 fc:00 23725856                   /home/sr/NetBeansProjects/MirPara4j/libRNAFold.so
7fe82ccd0000-7fe82cecf000 ---p 00011000 fc:00 23725856                   /home/sr/NetBeansProjects/MirPara4j/libRNAFold.so
7fe82cecf000-7fe82ced0000 r--p 00010000 fc:00 23725856                   /home/sr/NetBeansProjects/MirPara4j/libRNAFold.so
7fe82ced0000-7fe82cf32000 rw-p 00011000 fc:00 23725856                   /home/sr/NetBeansProjects/MirPara4j/libRNAFold.so
7fe82cf32000-7fe82cfcb000 rw-p 00000000 00:00 0 
7fe82cfcb000-7fe82cfd5000 r--s 00251000 fc:00 118233088                  /usr/lib/jvm/java-7-oracle/jre/lib/resources.jar
7fe82cfd5000-7fe82cfeb000 r-xp 00000000 fc:00 118359929                  /usr/lib/jvm/java-7-oracle/jre/lib/amd64/libnet.so
7fe82cfeb000-7fe82d1eb000 ---p 00016000 fc:00 118359929                  /usr/lib/jvm/java-7-oracle/jre/lib/amd64/libnet.so
7fe82d1eb000-7fe82d1ec000 rw-p 00016000 fc:00 118359929                  /usr/lib/jvm/java-7-oracle/jre/lib/amd64/libnet.so
7fe82d1ec000-7fe82d1fc000 r-xp 00000000 fc:00 118363267                  /usr/lib/jvm/java-7-oracle/jre/lib/amd64/libnio.so
7fe82d1fc000-7fe82d3fc000 ---p 00010000 fc:00 118363267                  /usr/lib/jvm/java-7-oracle/jre/lib/amd64/libnio.so
7fe82d3fc000-7fe82d3fd000 rw-p 00010000 fc:00 118363267                  /usr/lib/jvm/java-7-oracle/jre/lib/amd64/libnio.so
7fe82d3fd000-7fe82d405000 r-xp 00000000 fc:00 118359932                  /usr/lib/jvm/java-7-oracle/jre/lib/amd64/libmanagement.so
7fe82d405000-7fe82d604000 ---p 00008000 fc:00 118359932                  /usr/lib/jvm/java-7-oracle/jre/lib/amd64/libmanagement.so
7fe82d604000-7fe82d605000 rw-p 00007000 fc:00 118359932                  /usr/lib/jvm/java-7-oracle/jre/lib/amd64/libmanagement.so
7fe82d605000-7fe82d60c000 r--s 00064000 fc:00 23725032                   /home/sr/.m2/repository/org/apache/commons/commons-lang3/3.4/commons-lang3-3.4.jar
7fe82d60c000-7fe82d612000 r--s 0003c000 fc:00 23724880                   /home/sr/.m2/repository/org/yaml/snakeyaml/1.15/snakeyaml-1.15.jar
7fe82d612000-7fe82d613000 r--s 0000e000 fc:00 23724566                   /home/sr/.m2/repository/tw/edu/ntu/csie/libsvm/3.17/libsvm-3.17.jar
7fe82d613000-7fe82d615000 r--s 00009000 fc:00 23594295                   /home/sr/.m2/repository/commons-cli/commons-cli/1.2/commons-cli-1.2.jar
7fe82d615000-7fe82d626000 r--s 000b9000 fc:00 23593128                   /home/sr/.m2/repository/org/apache/logging/log4j/log4j-core/2.2/log4j-core-2.2.jar
7fe82d626000-7fe82d629000 r--s 0001e000 fc:00 23593127                   /home/sr/.m2/repository/org/apache/logging/log4j/log4j-api/2.2/log4j-api-2.2.jar
7fe82d629000-7fe82d62a000 r--s 00002000 fc:00 23593160                   /home/sr/.m2/repository/org/apache/maven/maven-plugin-api/2.0/maven-plugin-api-2.0.jar
7fe82d62a000-7fe82d631000 r--s 00029000 fc:00 23593152                   /home/sr/.m2/repository/org/codehaus/plexus/plexus-container-default/1.0-alpha-9/plexus-container-default-1.0-alpha-9.jar
7fe82d631000-7fe82d632000 ---p 00000000 00:00 0 
7fe82d632000-7fe82d732000 rw-p 00000000 00:00 0                          [stack:30947]
7fe82d732000-7fe82d735000 ---p 00000000 00:00 0 
7fe82d735000-7fe82d833000 rw-p 00000000 00:00 0                          [stack:30946]
7fe82d833000-7fe82d836000 ---p 00000000 00:00 0 
7fe82d836000-7fe82d934000 rw-p 00000000 00:00 0                          [stack:30945]
7fe82d934000-7fe82d937000 ---p 00000000 00:00 0 
7fe82d937000-7fe82da35000 rw-p 00000000 00:00 0                          [stack:30944]
7fe82da35000-7fe82da38000 ---p 00000000 00:00 0 
7fe82da38000-7fe82db36000 rw-p 00000000 00:00 0 
7fe82db36000-7fe82db39000 ---p 00000000 00:00 0 
7fe82db39000-7fe82dc37000 rw-p 00000000 00:00 0                          [stack:30940]
7fe82dc37000-7fe82dc3a000 ---p 00000000 00:00 0 
7fe82dc3a000-7fe82dd38000 rw-p 00000000 00:00 0                          [stack:30938]
7fe82dd38000-7fe82dd3c000 r-xp 00000000 fc:00 118360012                  /usr/lib/jvm/java-7-oracle/jre/lib/amd64/libdt_socket.so
7fe82dd3c000-7fe82df3b000 ---p 00004000 fc:00 118360012                  /usr/lib/jvm/java-7-oracle/jre/lib/amd64/libdt_socket.so
7fe82df3b000-7fe82df3c000 rw-p 00003000 fc:00 118360012                  /usr/lib/jvm/java-7-oracle/jre/lib/amd64/libdt_socket.so
7fe82df3c000-7fe82df3f000 ---p 00000000 00:00 0 
7fe82df3f000-7fe82e03d000 rw-p 00000000 00:00 0                          [stack:30937]
7fe82e03d000-7fe82e040000 ---p 00000000 00:00 0 
7fe82e040000-7fe82e13e000 rw-p 00000000 00:00 0                          [stack:30936]
7fe82e13e000-7fe82e141000 ---p 00000000 00:00 0 
7fe82e141000-7fe82e23f000 rw-p 00000000 00:00 0                          [stack:30935]
7fe82e23f000-7fe82e240000 ---p 00000000 00:00 0 
7fe82e240000-7fe82fe41000 rw-p 00000000 00:00 0                          [stack:30934]
7fe82fe41000-7fe830000000 r--s 039e5000 fc:00 118232631                  /usr/lib/jvm/java-7-oracle/jre/lib/rt.jar
7fe830000000-7fe830021000 rw-p 00000000 00:00 0 
7fe830021000-7fe834000000 ---p 00000000 00:00 0 
7fe834000000-7fe834021000 rw-p 00000000 00:00 0 
7fe834021000-7fe838000000 ---p 00000000 00:00 0 
7fe838000000-7fe838021000 rw-p 00000000 00:00 0 
7fe838021000-7fe83c000000 ---p 00000000 00:00 0 
7fe83c000000-7fe83c021000 rw-p 00000000 00:00 0 
7fe83c021000-7fe840000000 ---p 00000000 00:00 0 
7fe840000000-7fe840021000 rw-p 00000000 00:00 0 
7fe840021000-7fe844000000 ---p 00000000 00:00 0 
7fe844000000-7fe844021000 rw-p 00000000 00:00 0 
7fe844021000-7fe848000000 ---p 00000000 00:00 0 
7fe848000000-7fe848002000 r--s 00008000 fc:00 23593155                   /home/sr/.m2/repository/classworlds/classworlds/1.1-alpha-2/classworlds-1.1-alpha-2.jar
7fe848002000-7fe848669000 rw-p 00000000 00:00 0 
7fe848669000-7fe84866a000 ---p 00000000 00:00 0 
7fe84866a000-7fe84876a000 rw-p 00000000 00:00 0                          [stack:30933]
7fe84876a000-7fe84876b000 ---p 00000000 00:00 0 
7fe84876b000-7fe84886b000 rw-p 00000000 00:00 0                          [stack:30932]
7fe84886b000-7fe84886c000 ---p 00000000 00:00 0 
7fe84886c000-7fe84896c000 rw-p 00000000 00:00 0                          [stack:30931]
7fe84896c000-7fe84896d000 ---p 00000000 00:00 0 
7fe84896d000-7fe848a6d000 rw-p 00000000 00:00 0                          [stack:30930]
7fe848a6d000-7fe848a6e000 ---p 00000000 00:00 0 
7fe848a6e000-7fe848b6e000 rw-p 00000000 00:00 0                          [stack:30929]
7fe848b6e000-7fe848b6f000 ---p 00000000 00:00 0 
7fe848b6f000-7fe848c6f000 rw-p 00000000 00:00 0                          [stack:30928]
7fe848c6f000-7fe848c70000 ---p 00000000 00:00 0 
7fe848c70000-7fe848d99000 rw-p 00000000 00:00 0                          [stack:30927]
7fe848d99000-7fe849000000 rw-p 00000000 00:00 0 
7fe849000000-7fe849270000 rwxp 00000000 00:00 0 
7fe849270000-7fe84c4b7000 rw-p 00000000 00:00 0 
7fe84c4b7000-7fe850000000 ---p 00000000 00:00 0 
7fe850000000-7fe850003000 r--s 0001b000 fc:00 23593153                   /home/sr/.m2/repository/junit/junit/3.8.1/junit-3.8.1.jar
7fe850003000-7fe850006000 r--s 00011000 fc:00 23593150                   /home/sr/.m2/repository/org/apache/maven/maven-artifact/2.0.4/maven-artifact-2.0.4.jar
7fe850006000-7fe850009000 r--s 00027000 fc:00 23593149                   /home/sr/.m2/repository/org/codehaus/plexus/plexus-utils/1.1/plexus-utils-1.1.jar
7fe850009000-7fe85000b000 r--s 00009000 fc:00 23593147                   /home/sr/.m2/repository/org/apache/maven/wagon/wagon-provider-api/1.0-alpha-6/wagon-provider-api-1.0-alpha-6.jar
7fe85000b000-7fe85000d000 r--s 0000a000 fc:00 23593141                   /home/sr/.m2/repository/org/apache/maven/maven-artifact-manager/2.0.4/maven-artifact-manager-2.0.4.jar
7fe85000d000-7fe85000f000 r--s 00012000 fc:00 23593140                   /home/sr/.m2/repository/org/apache/maven/maven-model/2.0.4/maven-model-2.0.4.jar
7fe85000f000-7fe850011000 r--s 00006000 fc:00 23593137                   /home/sr/.m2/repository/org/apache/maven/maven-profile/2.0.4/maven-profile-2.0.4.jar
7fe850011000-7fe850013000 r--s 00009000 fc:00 23593136                   /home/sr/.m2/repository/org/apache/maven/maven-settings/2.0.4/maven-settings-2.0.4.jar
7fe850013000-7fe850016000 r--s 00018000 fc:00 23593131                   /home/sr/.m2/repository/org/apache/maven/maven-project/2.0.4/maven-project-2.0.4.jar
7fe850016000-7fe85003f000 rw-p 00000000 00:00 0 
7fe85003f000-7fe850040000 ---p 00000000 00:00 0 
7fe850040000-7fe85014b000 rw-p 00000000 00:00 0                          [stack:30926]
7fe85014b000-7fe850169000 rw-p 00000000 00:00 0 
7fe850169000-7fe850174000 rw-p 00000000 00:00 0 
7fe850174000-7fe850192000 rw-p 00000000 00:00 0 
7fe850192000-7fe8501bb000 rw-p 00000000 00:00 0 
7fe8501bb000-7fe850422000 rw-p 00000000 00:00 0 
7fe850422000-7fe850446000 rw-p 00000000 00:00 0 
7fe850446000-7fe85056a000 rw-p 00000000 00:00 0 
7fe85056a000-7fe85056b000 rw-p 00000000 00:00 0 
7fe85056b000-7fe850585000 r-xp 00000000 fc:00 118362883                  /usr/lib/jvm/java-7-oracle/jre/lib/amd64/libzip.so
7fe850585000-7fe850785000 ---p 0001a000 fc:00 118362883                  /usr/lib/jvm/java-7-oracle/jre/lib/amd64/libzip.so
7fe850785000-7fe850786000 rw-p 0001a000 fc:00 118362883                  /usr/lib/jvm/java-7-oracle/jre/lib/amd64/libzip.so
7fe850786000-7fe850791000 r-xp 00000000 fc:00 11796735                   /lib/x86_64-linux-gnu/libnss_files-2.19.so
7fe850791000-7fe850990000 ---p 0000b000 fc:00 11796735                   /lib/x86_64-linux-gnu/libnss_files-2.19.so
7fe850990000-7fe850991000 r--p 0000a000 fc:00 11796735                   /lib/x86_64-linux-gnu/libnss_files-2.19.so
7fe850991000-7fe850992000 rw-p 0000b000 fc:00 11796735                   /lib/x86_64-linux-gnu/libnss_files-2.19.so
7fe850992000-7fe85099d000 r-xp 00000000 fc:00 11796811                   /lib/x86_64-linux-gnu/libnss_nis-2.19.so
7fe85099d000-7fe850b9c000 ---p 0000b000 fc:00 11796811                   /lib/x86_64-linux-gnu/libnss_nis-2.19.so
7fe850b9c000-7fe850b9d000 r--p 0000a000 fc:00 11796811                   /lib/x86_64-linux-gnu/libnss_nis-2.19.so
7fe850b9d000-7fe850b9e000 rw-p 0000b000 fc:00 11796811                   /lib/x86_64-linux-gnu/libnss_nis-2.19.so
7fe850b9e000-7fe850bb5000 r-xp 00000000 fc:00 11796753                   /lib/x86_64-linux-gnu/libnsl-2.19.so
7fe850bb5000-7fe850db4000 ---p 00017000 fc:00 11796753                   /lib/x86_64-linux-gnu/libnsl-2.19.so
7fe850db4000-7fe850db5000 r--p 00016000 fc:00 11796753                   /lib/x86_64-linux-gnu/libnsl-2.19.so
7fe850db5000-7fe850db6000 rw-p 00017000 fc:00 11796753                   /lib/x86_64-linux-gnu/libnsl-2.19.so
7fe850db6000-7fe850db8000 rw-p 00000000 00:00 0 
7fe850db8000-7fe850dc1000 r-xp 00000000 fc:00 11796751                   /lib/x86_64-linux-gnu/libnss_compat-2.19.so
7fe850dc1000-7fe850fc0000 ---p 00009000 fc:00 11796751                   /lib/x86_64-linux-gnu/libnss_compat-2.19.so
7fe850fc0000-7fe850fc1000 r--p 00008000 fc:00 11796751                   /lib/x86_64-linux-gnu/libnss_compat-2.19.so
7fe850fc1000-7fe850fc2000 rw-p 00009000 fc:00 11796751                   /lib/x86_64-linux-gnu/libnss_compat-2.19.so
7fe850fc2000-7fe851c99000 r--p 00000000 fc:00 117834354                  /usr/lib/locale/locale-archive
7fe851c99000-7fe851c9c000 r-xp 00000000 fc:00 118361918                  /usr/lib/jvm/java-7-oracle/jre/lib/amd64/libnpt.so
7fe851c9c000-7fe851e9b000 ---p 00003000 fc:00 118361918                  /usr/lib/jvm/java-7-oracle/jre/lib/amd64/libnpt.so
7fe851e9b000-7fe851e9c000 rw-p 00002000 fc:00 118361918                  /usr/lib/jvm/java-7-oracle/jre/lib/amd64/libnpt.so
7fe851e9c000-7fe851ed5000 r-xp 00000000 fc:00 118363269                  /usr/lib/jvm/java-7-oracle/jre/lib/amd64/libjdwp.so
7fe851ed5000-7fe8520d5000 ---p 00039000 fc:00 118363269                  /usr/lib/jvm/java-7-oracle/jre/lib/amd64/libjdwp.so
7fe8520d5000-7fe8520d6000 rw-p 00039000 fc:00 118363269                  /usr/lib/jvm/java-7-oracle/jre/lib/amd64/libjdwp.so
7fe8520d6000-7fe8520d7000 rw-p 00000000 00:00 0 
7fe8520d7000-7fe852100000 r-xp 00000000 fc:00 118361915                  /usr/lib/jvm/java-7-oracle/jre/lib/amd64/libjava.so
7fe852100000-7fe852300000 ---p 00029000 fc:00 118361915                  /usr/lib/jvm/java-7-oracle/jre/lib/amd64/libjava.so
7fe852300000-7fe852302000 rw-p 00029000 fc:00 118361915                  /usr/lib/jvm/java-7-oracle/jre/lib/amd64/libjava.so
7fe852302000-7fe85230f000 r-xp 00000000 fc:00 118363286                  /usr/lib/jvm/java-7-oracle/jre/lib/amd64/libverify.so
7fe85230f000-7fe85250e000 ---p 0000d000 fc:00 118363286                  /usr/lib/jvm/java-7-oracle/jre/lib/amd64/libverify.so
7fe85250e000-7fe852510000 rw-p 0000c000 fc:00 118363286                  /usr/lib/jvm/java-7-oracle/jre/lib/amd64/libverify.so
7fe852510000-7fe852517000 r-xp 00000000 fc:00 11796807                   /lib/x86_64-linux-gnu/librt-2.19.so
7fe852517000-7fe852716000 ---p 00007000 fc:00 11796807                   /lib/x86_64-linux-gnu/librt-2.19.so
7fe852716000-7fe852717000 r--p 00006000 fc:00 11796807                   /lib/x86_64-linux-gnu/librt-2.19.so
7fe852717000-7fe852718000 rw-p 00007000 fc:00 11796807                   /lib/x86_64-linux-gnu/librt-2.19.so
7fe852718000-7fe85281d000 r-xp 00000000 fc:00 11796733                   /lib/x86_64-linux-gnu/libm-2.19.so
7fe85281d000-7fe852a1c000 ---p 00105000 fc:00 11796733                   /lib/x86_64-linux-gnu/libm-2.19.so
7fe852a1c000-7fe852a1d000 r--p 00104000 fc:00 11796733                   /lib/x86_64-linux-gnu/libm-2.19.so
7fe852a1d000-7fe852a1e000 rw-p 00105000 fc:00 11796733                   /lib/x86_64-linux-gnu/libm-2.19.so
7fe852a1e000-7fe85358e000 r-xp 00000000 fc:00 118360000                  /usr/lib/jvm/java-7-oracle/jre/lib/amd64/server/libjvm.so
7fe85358e000-7fe85378d000 ---p 00b70000 fc:00 118360000                  /usr/lib/jvm/java-7-oracle/jre/lib/amd64/server/libjvm.so
7fe85378d000-7fe853852000 rw-p 00b6f000 fc:00 118360000                  /usr/lib/jvm/java-7-oracle/jre/lib/amd64/server/libjvm.so
7fe853852000-7fe853892000 rw-p 00000000 00:00 0 
7fe853892000-7fe853a4d000 r-xp 00000000 fc:00 11796801                   /lib/x86_64-linux-gnu/libc-2.19.so
7fe853a4d000-7fe853c4c000 ---p 001bb000 fc:00 11796801                   /lib/x86_64-linux-gnu/libc-2.19.so
7fe853c4c000-7fe853c50000 r--p 001ba000 fc:00 11796801                   /lib/x86_64-linux-gnu/libc-2.19.so
7fe853c50000-7fe853c52000 rw-p 001be000 fc:00 11796801                   /lib/x86_64-linux-gnu/libc-2.19.so
7fe853c52000-7fe853c57000 rw-p 00000000 00:00 0 
7fe853c57000-7fe853c5a000 r-xp 00000000 fc:00 11796741                   /lib/x86_64-linux-gnu/libdl-2.19.so
7fe853c5a000-7fe853e59000 ---p 00003000 fc:00 11796741                   /lib/x86_64-linux-gnu/libdl-2.19.so
7fe853e59000-7fe853e5a000 r--p 00002000 fc:00 11796741                   /lib/x86_64-linux-gnu/libdl-2.19.so
7fe853e5a000-7fe853e5b000 rw-p 00003000 fc:00 11796741                   /lib/x86_64-linux-gnu/libdl-2.19.so
7fe853e5b000-7fe853e71000 r-xp 00000000 fc:00 21107598                   /usr/lib/jvm/java-7-oracle/lib/amd64/jli/libjli.so
7fe853e71000-7fe854071000 ---p 00016000 fc:00 21107598                   /usr/lib/jvm/java-7-oracle/lib/amd64/jli/libjli.so
7fe854071000-7fe854072000 rw-p 00016000 fc:00 21107598                   /usr/lib/jvm/java-7-oracle/lib/amd64/jli/libjli.so
7fe854072000-7fe85408b000 r-xp 00000000 fc:00 11796803                   /lib/x86_64-linux-gnu/libpthread-2.19.so
7fe85408b000-7fe85428a000 ---p 00019000 fc:00 11796803                   /lib/x86_64-linux-gnu/libpthread-2.19.so
7fe85428a000-7fe85428b000 r--p 00018000 fc:00 11796803                   /lib/x86_64-linux-gnu/libpthread-2.19.so
7fe85428b000-7fe85428c000 rw-p 00019000 fc:00 11796803                   /lib/x86_64-linux-gnu/libpthread-2.19.so
7fe85428c000-7fe854290000 rw-p 00000000 00:00 0 
7fe854290000-7fe8542b3000 r-xp 00000000 fc:00 11796795                   /lib/x86_64-linux-gnu/ld-2.19.so
7fe8542b3000-7fe8542b4000 r--s 00004000 fc:00 23593144                   /home/sr/.m2/repository/org/apache/maven/maven-repository-metadata/2.0.4/maven-repository-metadata-2.0.4.jar
7fe8542b4000-7fe8542b9000 r--s 00021000 fc:00 23593129                   /home/sr/.m2/repository/args4j/args4j/2.32/args4j-2.32.jar
7fe8542b9000-7fe8542bf000 r--s 00027000 fc:00 23593133                   /home/sr/.m2/repository/args4j/args4j-tools/2.32/args4j-tools-2.32-all.jar
7fe8542bf000-7fe8542c0000 r--s 00001000 fc:00 23593132                   /home/sr/.m2/repository/org/kohsuke/args4j/args4j-maven-plugin/2.32/args4j-maven-plugin-2.32.jar
7fe8542c0000-7fe8542ca000 rw-p 00000000 00:00 0 
7fe8542ca000-7fe854380000 rw-p 00000000 00:00 0 
7fe854380000-7fe854383000 ---p 00000000 00:00 0 
7fe854383000-7fe8544a6000 rw-p 00000000 00:00 0                          [stack:30925]
7fe8544a6000-7fe8544ae000 rw-s 00000000 fc:00 13895365                   /tmp/hsperfdata_sr/30921
7fe8544ae000-7fe8544af000 rw-p 00000000 00:00 0 
7fe8544af000-7fe8544b0000 r--p 00000000 00:00 0 
7fe8544b0000-7fe8544b2000 rw-p 00000000 00:00 0 
7fe8544b2000-7fe8544b3000 r--p 00022000 fc:00 11796795                   /lib/x86_64-linux-gnu/ld-2.19.so
7fe8544b3000-7fe8544b4000 rw-p 00023000 fc:00 11796795                   /lib/x86_64-linux-gnu/ld-2.19.so
7fe8544b4000-7fe8544b5000 rw-p 00000000 00:00 0 
7fffa7424000-7fffa7446000 rw-p 00000000 00:00 0                          [stack]
7fffa75c5000-7fffa75c7000 r-xp 00000000 00:00 0                          [vdso]
ffffffffff600000-ffffffffff601000 r-xp 00000000 00:00 0                  [vsyscall]

VM Arguments:
jvm_args: -Xdebug -Xrunjdwp:transport=dt_socket,server=n,address=40623 -Dlog4j.configurationFile=file:log4j2.xml -Djava.library.path=/home/sr/NetBeansProjects/MirPara4j 
java_command: no.uio.medisin.bag.jmirpara.JmiCMD -l 11 -s 150 -w 500 -d 60 -b 0.80 -m overall -c /home/sr/NetBeansProjects/MirPara4j/config.yaml -i src/main/test/demo.fas -o src/main/test/demo -r /home/sr/NetBeansProjects/MirPara4j
Launcher Type: SUN_STANDARD

Environment Variables:
JAVA_HOME=/usr/lib/jvm/java-7-oracle
PATH=/usr/local/sbin:/usr/local/bin:/usr/sbin:/usr/bin:/sbin:/bin:/usr/games:/usr/local/games
USERNAME=sr
LD_LIBRARY_PATH=/usr/lib/jvm/java-7-oracle/jre/lib/amd64:/usr/lib/jvm/java-7-oracle/jre/lib/i386:
SHELL=/bin/bash
DISPLAY=:0

Signal Handlers:
SIGSEGV: [libjvm.so+0x99f4a0], sa_mask[0]=0x7ffbfeff, sa_flags=0x10000004
SIGBUS: [libjvm.so+0x99f4a0], sa_mask[0]=0x7ffbfeff, sa_flags=0x10000004
SIGFPE: [libjvm.so+0x81a860], sa_mask[0]=0x7ffbfeff, sa_flags=0x10000004
SIGPIPE: [libjvm.so+0x81a860], sa_mask[0]=0x7ffbfeff, sa_flags=0x10000004
SIGXFSZ: [libjvm.so+0x81a860], sa_mask[0]=0x7ffbfeff, sa_flags=0x10000004
SIGILL: [libjvm.so+0x81a860], sa_mask[0]=0x7ffbfeff, sa_flags=0x10000004
SIGUSR1: SIG_DFL, sa_mask[0]=0x00000000, sa_flags=0x00000000
SIGUSR2: [libjvm.so+0x81c060], sa_mask[0]=0x00000004, sa_flags=0x10000004
SIGHUP: [libjvm.so+0x81d160], sa_mask[0]=0x7ffbfeff, sa_flags=0x10000004
SIGINT: SIG_IGN, sa_mask[0]=0x00000000, sa_flags=0x00000000
SIGTERM: [libjvm.so+0x81d160], sa_mask[0]=0x7ffbfeff, sa_flags=0x10000004
SIGQUIT: [libjvm.so+0x81d160], sa_mask[0]=0x7ffbfeff, sa_flags=0x10000004


---------------  S Y S T E M  ---------------

OS:jessie/sid

uname:Linux 3.13.0-24-generic #47-Ubuntu SMP Fri May 2 23:30:00 UTC 2014 x86_64
libc:glibc 2.19 NPTL 2.19 
rlimit: STACK 8192k, CORE 0k, NPROC 62730, NOFILE 4096, AS infinity
load average:0.01 0.09 0.17

/proc/meminfo:
MemTotal:        8060620 kB
MemFree:          322024 kB
Buffers:          180832 kB
Cached:          1554152 kB
SwapCached:       325928 kB
Active:          5452620 kB
Inactive:        1786320 kB
Active(anon):    4815832 kB
Inactive(anon):  1360584 kB
Active(file):     636788 kB
Inactive(file):   425736 kB
Unevictable:          48 kB
Mlocked:              48 kB
SwapTotal:       8269820 kB
SwapFree:        6980780 kB
Dirty:              1208 kB
Writeback:             0 kB
AnonPages:       5313276 kB
Mapped:           413500 kB
Shmem:            672460 kB
Slab:             302052 kB
SReclaimable:     252416 kB
SUnreclaim:        49636 kB
KernelStack:        6512 kB
PageTables:        66944 kB
NFS_Unstable:          0 kB
Bounce:                0 kB
WritebackTmp:          0 kB
CommitLimit:    12300128 kB
Committed_AS:   14224932 kB
VmallocTotal:   34359738367 kB
VmallocUsed:      361380 kB
VmallocChunk:   34359369832 kB
HardwareCorrupted:     0 kB
AnonHugePages:   2828288 kB
HugePages_Total:       0
HugePages_Free:        0
HugePages_Rsvd:        0
HugePages_Surp:        0
Hugepagesize:       2048 kB
DirectMap4k:      115640 kB
DirectMap2M:     8157184 kB


CPU:total 8 (4 cores per cpu, 2 threads per core) family 6 model 58 stepping 9, cmov, cx8, fxsr, mmx, sse, sse2, sse3, ssse3, sse4.1, sse4.2, popcnt, avx, aes, erms, ht, tsc, tscinvbit, tscinv

/proc/cpuinfo:
processor	: 0
vendor_id	: GenuineIntel
cpu family	: 6
model		: 58
model name	: Intel(R) Core(TM) i7-3770 CPU @ 3.40GHz
stepping	: 9
microcode	: 0x12
cpu MHz		: 1600.000
cache size	: 8192 KB
physical id	: 0
siblings	: 8
core id		: 0
cpu cores	: 4
apicid		: 0
initial apicid	: 0
fpu		: yes
fpu_exception	: yes
cpuid level	: 13
wp		: yes
flags		: fpu vme de pse tsc msr pae mce cx8 apic sep mtrr pge mca cmov pat pse36 clflush dts acpi mmx fxsr sse sse2 ss ht tm pbe syscall nx rdtscp lm constant_tsc arch_perfmon pebs bts rep_good nopl xtopology nonstop_tsc aperfmperf eagerfpu pni pclmulqdq dtes64 monitor ds_cpl vmx smx est tm2 ssse3 cx16 xtpr pdcm pcid sse4_1 sse4_2 x2apic popcnt tsc_deadline_timer aes xsave avx f16c rdrand lahf_lm ida arat epb xsaveopt pln pts dtherm tpr_shadow vnmi flexpriority ept vpid fsgsbase smep erms
bogomips	: 6784.27
clflush size	: 64
cache_alignment	: 64
address sizes	: 36 bits physical, 48 bits virtual
power management:

processor	: 1
vendor_id	: GenuineIntel
cpu family	: 6
model		: 58
model name	: Intel(R) Core(TM) i7-3770 CPU @ 3.40GHz
stepping	: 9
microcode	: 0x12
cpu MHz		: 1600.000
cache size	: 8192 KB
physical id	: 0
siblings	: 8
core id		: 1
cpu cores	: 4
apicid		: 2
initial apicid	: 2
fpu		: yes
fpu_exception	: yes
cpuid level	: 13
wp		: yes
flags		: fpu vme de pse tsc msr pae mce cx8 apic sep mtrr pge mca cmov pat pse36 clflush dts acpi mmx fxsr sse sse2 ss ht tm pbe syscall nx rdtscp lm constant_tsc arch_perfmon pebs bts rep_good nopl xtopology nonstop_tsc aperfmperf eagerfpu pni pclmulqdq dtes64 monitor ds_cpl vmx smx est tm2 ssse3 cx16 xtpr pdcm pcid sse4_1 sse4_2 x2apic popcnt tsc_deadline_timer aes xsave avx f16c rdrand lahf_lm ida arat epb xsaveopt pln pts dtherm tpr_shadow vnmi flexpriority ept vpid fsgsbase smep erms
bogomips	: 6784.27
clflush size	: 64
cache_alignment	: 64
address sizes	: 36 bits physical, 48 bits virtual
power management:

processor	: 2
vendor_id	: GenuineIntel
cpu family	: 6
model		: 58
model name	: Intel(R) Core(TM) i7-3770 CPU @ 3.40GHz
stepping	: 9
microcode	: 0x12
cpu MHz		: 3300.000
cache size	: 8192 KB
physical id	: 0
siblings	: 8
core id		: 2
cpu cores	: 4
apicid		: 4
initial apicid	: 4
fpu		: yes
fpu_exception	: yes
cpuid level	: 13
wp		: yes
flags		: fpu vme de pse tsc msr pae mce cx8 apic sep mtrr pge mca cmov pat pse36 clflush dts acpi mmx fxsr sse sse2 ss ht tm pbe syscall nx rdtscp lm constant_tsc arch_perfmon pebs bts rep_good nopl xtopology nonstop_tsc aperfmperf eagerfpu pni pclmulqdq dtes64 monitor ds_cpl vmx smx est tm2 ssse3 cx16 xtpr pdcm pcid sse4_1 sse4_2 x2apic popcnt tsc_deadline_timer aes xsave avx f16c rdrand lahf_lm ida arat epb xsaveopt pln pts dtherm tpr_shadow vnmi flexpriority ept vpid fsgsbase smep erms
bogomips	: 6784.27
clflush size	: 64
cache_alignment	: 64
address sizes	: 36 bits physical, 48 bits virtual
power management:

processor	: 3
vendor_id	: GenuineIntel
cpu family	: 6
model		: 58
model name	: Intel(R) Core(TM) i7-3770 CPU @ 3.40GHz
stepping	: 9
microcode	: 0x12
cpu MHz		: 3401.000
cache size	: 8192 KB
physical id	: 0
siblings	: 8
core id		: 3
cpu cores	: 4
apicid		: 6
initial apicid	: 6
fpu		: yes
fpu_exception	: yes
cpuid level	: 13
wp		: yes
flags		: fpu vme de pse tsc msr pae mce cx8 apic sep mtrr pge mca cmov pat pse36 clflush dts acpi mmx fxsr sse sse2 ss ht tm pbe syscall nx rdtscp lm constant_tsc arch_perfmon pebs bts rep_good nopl xtopology nonstop_tsc aperfmperf eagerfpu pni pclmulqdq dtes64 monitor ds_cpl vmx smx est tm2 ssse3 cx16 xtpr pdcm pcid sse4_1 sse4_2 x2apic popcnt tsc_deadline_timer aes xsave avx f16c rdrand lahf_lm ida arat epb xsaveopt pln pts dtherm tpr_shadow vnmi flexpriority ept vpid fsgsbase smep erms
bogomips	: 6784.27
clflush size	: 64
cache_alignment	: 64
address sizes	: 36 bits physical, 48 bits virtual
power management:

processor	: 4
vendor_id	: GenuineIntel
cpu family	: 6
model		: 58
model name	: Intel(R) Core(TM) i7-3770 CPU @ 3.40GHz
stepping	: 9
microcode	: 0x12
cpu MHz		: 1600.000
cache size	: 8192 KB
physical id	: 0
siblings	: 8
core id		: 0
cpu cores	: 4
apicid		: 1
initial apicid	: 1
fpu		: yes
fpu_exception	: yes
cpuid level	: 13
wp		: yes
flags		: fpu vme de pse tsc msr pae mce cx8 apic sep mtrr pge mca cmov pat pse36 clflush dts acpi mmx fxsr sse sse2 ss ht tm pbe syscall nx rdtscp lm constant_tsc arch_perfmon pebs bts rep_good nopl xtopology nonstop_tsc aperfmperf eagerfpu pni pclmulqdq dtes64 monitor ds_cpl vmx smx est tm2 ssse3 cx16 xtpr pdcm pcid sse4_1 sse4_2 x2apic popcnt tsc_deadline_timer aes xsave avx f16c rdrand lahf_lm ida arat epb xsaveopt pln pts dtherm tpr_shadow vnmi flexpriority ept vpid fsgsbase smep erms
bogomips	: 6784.27
clflush size	: 64
cache_alignment	: 64
address sizes	: 36 bits physical, 48 bits virtual
power management:

processor	: 5
vendor_id	: GenuineIntel
cpu family	: 6
model		: 58
model name	: Intel(R) Core(TM) i7-3770 CPU @ 3.40GHz
stepping	: 9
microcode	: 0x12
cpu MHz		: 1600.000
cache size	: 8192 KB
physical id	: 0
siblings	: 8
core id		: 1
cpu cores	: 4
apicid		: 3
initial apicid	: 3
fpu		: yes
fpu_exception	: yes
cpuid level	: 13
wp		: yes
flags		: fpu vme de pse tsc msr pae mce cx8 apic sep mtrr pge mca cmov pat pse36 clflush dts acpi mmx fxsr sse sse2 ss ht tm pbe syscall nx rdtscp lm constant_tsc arch_perfmon pebs bts rep_good nopl xtopology nonstop_tsc aperfmperf eagerfpu pni pclmulqdq dtes64 monitor ds_cpl vmx smx est tm2 ssse3 cx16 xtpr pdcm pcid sse4_1 sse4_2 x2apic popcnt tsc_deadline_timer aes xsave avx f16c rdrand lahf_lm ida arat epb xsaveopt pln pts dtherm tpr_shadow vnmi flexpriority ept vpid fsgsbase smep erms
bogomips	: 6784.27
clflush size	: 64
cache_alignment	: 64
address sizes	: 36 bits physical, 48 bits virtual
power management:

processor	: 6
vendor_id	: GenuineIntel
cpu family	: 6
model		: 58
model name	: Intel(R) Core(TM) i7-3770 CPU @ 3.40GHz
stepping	: 9
microcode	: 0x12
cpu MHz		: 1600.000
cache size	: 8192 KB
physical id	: 0
siblings	: 8
core id		: 2
cpu cores	: 4
apicid		: 5
initial apicid	: 5
fpu		: yes
fpu_exception	: yes
cpuid level	: 13
wp		: yes
flags		: fpu vme de pse tsc msr pae mce cx8 apic sep mtrr pge mca cmov pat pse36 clflush dts acpi mmx fxsr sse sse2 ss ht tm pbe syscall nx rdtscp lm constant_tsc arch_perfmon pebs bts rep_good nopl xtopology nonstop_tsc aperfmperf eagerfpu pni pclmulqdq dtes64 monitor ds_cpl vmx smx est tm2 ssse3 cx16 xtpr pdcm pcid sse4_1 sse4_2 x2apic popcnt tsc_deadline_timer aes xsave avx f16c rdrand lahf_lm ida arat epb xsaveopt pln pts dtherm tpr_shadow vnmi flexpriority ept vpid fsgsbase smep erms
bogomips	: 6784.27
clflush size	: 64
cache_alignment	: 64
address sizes	: 36 bits physical, 48 bits virtual
power management:

processor	: 7
vendor_id	: GenuineIntel
cpu family	: 6
model		: 58
model name	: Intel(R) Core(TM) i7-3770 CPU @ 3.40GHz
stepping	: 9
microcode	: 0x12
cpu MHz		: 2800.000
cache size	: 8192 KB
physical id	: 0
siblings	: 8
core id		: 3
cpu cores	: 4
apicid		: 7
initial apicid	: 7
fpu		: yes
fpu_exception	: yes
cpuid level	: 13
wp		: yes
flags		: fpu vme de pse tsc msr pae mce cx8 apic sep mtrr pge mca cmov pat pse36 clflush dts acpi mmx fxsr sse sse2 ss ht tm pbe syscall nx rdtscp lm constant_tsc arch_perfmon pebs bts rep_good nopl xtopology nonstop_tsc aperfmperf eagerfpu pni pclmulqdq dtes64 monitor ds_cpl vmx smx est tm2 ssse3 cx16 xtpr pdcm pcid sse4_1 sse4_2 x2apic popcnt tsc_deadline_timer aes xsave avx f16c rdrand lahf_lm ida arat epb xsaveopt pln pts dtherm tpr_shadow vnmi flexpriority ept vpid fsgsbase smep erms
bogomips	: 6784.27
clflush size	: 64
cache_alignment	: 64
address sizes	: 36 bits physical, 48 bits virtual
power management:



Memory: 4k page, physical 8060620k(322024k free), swap 8269820k(6980780k free)

vm_info: Java HotSpot(TM) 64-Bit Server VM (24.65-b04) for linux-amd64 JRE (1.7.0_65-b17), built on Jun 16 2014 20:55:34 by "java_re" with gcc 4.3.0 20080428 (Red Hat 4.3.0-8)

time: Fri Jul  3 16:02:51 2015
elapsed time: 192 seconds

