#
# A fatal error has been detected by the Java Runtime Environment:
#
#  SIGSEGV (0xb) at pc=0x00000000000029a0, pid=24431, tid=139800897955584
#
# JRE version: Java(TM) SE Runtime Environment (7.0_65-b17) (build 1.7.0_65-b17)
# Java VM: Java HotSpot(TM) 64-Bit Server VM (24.65-b04 mixed mode linux-amd64 compressed oops)
# Problematic frame:
# C  0x00000000000029a0
#
# Failed to write core dump. Core dumps have been disabled. To enable core dumping, try "ulimit -c unlimited" before starting Java again
#
# If you would like to submit a bug report, please visit:
#   http://bugreport.sun.com/bugreport/crash.jsp
# The crash happened outside the Java Virtual Machine in native code.
# See problematic frame for where to report the bug.
#

---------------  T H R E A D  ---------------

Current thread (0x00007f26100a7800):  JavaThread "JDWP Transport Listener: dt_socket" daemon [_thread_in_native, id=24448, stack(0x00007f25eecca000,0x00007f25eedcb000)]

siginfo:si_signo=SIGSEGV: si_errno=0, si_code=1 (SEGV_MAPERR), si_addr=0x00000000000029a0

Registers:
RAX=0x00007f25edf52ca8, RBX=0x00007f26103d70e0, RCX=0x0000000000000000, RDX=0x0000000000000000
RSP=0x00007f25eedc9808, RBP=0x00007f25eedc9940, RSI=0x0000000000000000, RDI=0x00007f261930e2f0
R8 =0x0000000000000000, R9 =0x00007f2618cd6e88, R10=0x00007f261930e270, R11=0x00007f2618951550
R12=0x00007f25edf52c38, R13=0x0000000000000014, R14=0x0000000000000000, R15=0x00007f25eedc9810
RIP=0x00000000000029a0, EFLAGS=0x0000000000010202, CSGSFS=0x0000000000000033, ERR=0x0000000000000014
  TRAPNO=0x000000000000000e

Top of Stack: (sp=0x00007f25eedc9808)
0x00007f25eedc9808:   00007f261932373a 00007f26195371c8
0x00007f25eedc9818:   00007f2619537760 00007f2619507000
0x00007f25eedc9828:   00007f26100009a0 00007f2610004100
0x00007f25eedc9838:   00007f2610004e30 00007f261000b640
0x00007f25eedc9848:   00007f261000c190 00007f261000baf0
0x00007f25eedc9858:   00007f261000c6a0 00007f2610019600
0x00007f25eedc9868:   00007f261009ec40 00007f26101d5a90
0x00007f25eedc9878:   00007f2610289550 00007f2610289a20
0x00007f25eedc9888:   00007f2610002210 00007f2610001b90
0x00007f25eedc9898:   0000000001582580 00007f2619507508
0x00007f25eedc98a8:   00007f2619534750 00007f26103d70e0
0x00007f25eedc98b8:   0000000001582a60 00007f26195079f0
0x00007f25eedc98c8:   00007f26195369f8 000000000000000a
0x00007f25eedc98d8:   00007f26193235ed 00007f2617159120
0x00007f25eedc98e8:   000000000000000a 00000000000000c0
0x00007f25eedc98f8:   0000000000000000 00007f2619536068
0x00007f25eedc9908:   0000001800000000 00007f26188eb008
0x00007f25eedc9918:   0000000000000000 0000000000000001
0x00007f25eedc9928:   00007f2618cd4e80 00007f2617159120
0x00007f25eedc9938:   000000000000000a 00007f2618cd36c8
0x00007f25eedc9948:   00007f2618951259 0000000000000000
0x00007f25eedc9958:   0000000000000000 00007f25eedc99a0
0x00007f25eedc9968:   00007f25eedc9a10 0000000000000000
0x00007f25eedc9978:   00007f26189512a5 0000000000000006
0x00007f25eedc9988:   00007f2616f2dd47 0000000000010d00
0x00007f25eedc9998:   00007f25eedc9ba0 00007f25eedc99d0
0x00007f25eedc99a8:   00007f2616f2b2fd 0000000000000001
0x00007f25eedc99b8:   000000000000000a 0000000000000001
0x00007f25eedc99c8:   00000000000a0100 00007f25eedc9c20
0x00007f25eedc99d8:   00007f2616f30976 00026a440000000f
0x00007f25eedc99e8:   00007f26180a0100 00007f25c8000fb0
0x00007f25eedc99f8:   00007f26100a7800 00007f25eedc9a10 

Instructions: (pc=0x00000000000029a0)
0x0000000000002980:   
[error occurred during error reporting (printing registers, top of stack, instructions near pc), id 0xb]

Register to memory mapping:

RAX=
[error occurred during error reporting (printing register info), id 0xb]

Stack: [0x00007f25eecca000,0x00007f25eedcb000],  sp=0x00007f25eedc9808,  free space=1022k
Native frames: (J=compiled Java code, j=interpreted, Vv=VM code, C=native code)
C  0x00000000000029a0


---------------  P R O C E S S  ---------------

Java Threads: ( => current thread )
  0x00007f26100b2800 JavaThread "Service Thread" daemon [_thread_blocked, id=24456, stack(0x00007f25ee7c5000,0x00007f25ee8c6000)]
  0x00007f26100b0000 JavaThread "C2 CompilerThread1" daemon [_thread_blocked, id=24455, stack(0x00007f25ee8c6000,0x00007f25ee9c7000)]
  0x00007f26100ad000 JavaThread "C2 CompilerThread0" daemon [_thread_blocked, id=24454, stack(0x00007f25ee9c7000,0x00007f25eeac8000)]
  0x00007f26100ab000 JavaThread "JDWP Event Helper Thread" daemon [_thread_blocked, id=24450, stack(0x00007f25eebc9000,0x00007f25eecca000)]
=>0x00007f26100a7800 JavaThread "JDWP Transport Listener: dt_socket" daemon [_thread_in_native, id=24448, stack(0x00007f25eecca000,0x00007f25eedcb000)]
  0x00007f261009a800 JavaThread "Signal Dispatcher" daemon [_thread_blocked, id=24447, stack(0x00007f25eefcf000,0x00007f25ef0d0000)]
  0x00007f261007c000 JavaThread "Finalizer" daemon [_thread_blocked, id=24446, stack(0x00007f25ef0d0000,0x00007f25ef1d1000)]
  0x00007f261007a000 JavaThread "Reference Handler" daemon [_thread_blocked, id=24445, stack(0x00007f25ef1d1000,0x00007f25ef2d2000)]
  0x00007f261000d000 JavaThread "main" [_thread_blocked, id=24435, stack(0x00007f2619403000,0x00007f2619504000)]

Other Threads:
  0x00007f2610075800 VMThread [stack: 0x00007f25ef2d2000,0x00007f25ef3d3000] [id=24444]
  0x00007f26100bd800 WatcherThread [stack: 0x00007f25ee6c4000,0x00007f25ee7c5000] [id=24457]

VM state:not at safepoint (normal execution)

VM Mutex/Monitor currently owned by a thread: None

Heap
 PSYoungGen      total 36864K, used 19087K [0x00000007d7000000, 0x00000007d9900000, 0x0000000800000000)
  eden space 31744K, 60% used [0x00000007d7000000,0x00000007d82a3fe0,0x00000007d8f00000)
  from space 5120K, 0% used [0x00000007d9400000,0x00000007d9400000,0x00000007d9900000)
  to   space 5120K, 0% used [0x00000007d8f00000,0x00000007d8f00000,0x00000007d9400000)
 ParOldGen       total 83968K, used 0K [0x0000000785000000, 0x000000078a200000, 0x00000007d7000000)
  object space 83968K, 0% used [0x0000000785000000,0x0000000785000000,0x000000078a200000)
 PSPermGen       total 21504K, used 9820K [0x000000077fe00000, 0x0000000781300000, 0x0000000785000000)
  object space 21504K, 45% used [0x000000077fe00000,0x00000007807971e0,0x0000000781300000)

Card table byte_map: [0x00007f26151ec000,0x00007f26155ee000] byte_map_base: 0x00007f26115ed000

Polling page: 0x00007f2619532000

Code Cache  [0x00007f260d000000, 0x00007f260d270000, 0x00007f2610000000)
 total_blobs=344 nmethods=60 adapters=245 free_code_cache=48534Kb largest_free_block=49648448

Compilation events (10 events):
Event: 0.488 Thread 0x00007f26100ad000 nmethod 56 0x00007f260d08f010 code [0x00007f260d08f160, 0x00007f260d08f2a8]
Event: 0.489 Thread 0x00007f26100b0000 nmethod 55 0x00007f260d08ea90 code [0x00007f260d08ec00, 0x00007f260d08ee28]
Event: 0.492 Thread 0x00007f26100ad000   57             sun.misc.URLClassPath::getResource (74 bytes)
Event: 0.503 Thread 0x00007f26100b0000   58   !         sun.misc.URLClassPath$JarLoader::getResource (91 bytes)
Event: 0.531 Thread 0x00007f26100b0000 nmethod 58 0x00007f260d095fd0 code [0x00007f260d096400, 0x00007f260d098618]
Event: 0.531 Thread 0x00007f26100b0000   59             java.util.Arrays::copyOf (19 bytes)
Event: 0.532 Thread 0x00007f26100b0000 nmethod 59 0x00007f260d08e690 code [0x00007f260d08e7e0, 0x00007f260d08e978]
Event: 0.532 Thread 0x00007f26100b0000   60             sun.misc.MetaIndex::mayContain (51 bytes)
Event: 0.532 Thread 0x00007f26100ad000 nmethod 57 0x00007f260d09f890 code [0x00007f260d09fe20, 0x00007f260d0a26b8]
Event: 0.536 Thread 0x00007f26100b0000 nmethod 60 0x00007f260d089d50 code [0x00007f260d089ee0, 0x00007f260d08a388]

GC Heap History (0 events):
No events

Deoptimization events (3 events):
Event: 0.347 Thread 0x00007f261000d000 Uncommon trap: reason=null_check action=make_not_entrant pc=0x00007f260d06ad48 method=java.lang.String.equals(Ljava/lang/Object;)Z @ 8
Event: 0.371 Thread 0x00007f261000d000 Uncommon trap: reason=range_check action=make_not_entrant pc=0x00007f260d073c74 method=sun.reflect.generics.parser.SignatureParser.current()C @ 34
Event: 0.524 Thread 0x00007f261000d000 Uncommon trap: reason=unreached action=reinterpret pc=0x00007f260d084024 method=java.util.HashMap.get(Ljava/lang/Object;)Ljava/lang/Object; @ 1

Internal exceptions (10 events):
Event: 0.526 Thread 0x00007f261000d000 Threw 0x00000007d820de68 at /HUDSON/workspace/7u-2-build-linux-amd64/jdk7u65/1224/hotspot/src/share/vm/prims/jvm.cpp:1244
Event: 0.527 Thread 0x00007f261000d000 Threw 0x00000007d8216168 at /HUDSON/workspace/7u-2-build-linux-amd64/jdk7u65/1224/hotspot/src/share/vm/prims/jvm.cpp:1244
Event: 0.527 Thread 0x00007f261000d000 Threw 0x00000007d821c550 at /HUDSON/workspace/7u-2-build-linux-amd64/jdk7u65/1224/hotspot/src/share/vm/prims/jvm.cpp:1244
Event: 0.527 Thread 0x00007f261000d000 Threw 0x00000007d82203c0 at /HUDSON/workspace/7u-2-build-linux-amd64/jdk7u65/1224/hotspot/src/share/vm/prims/jvm.cpp:1244
Event: 0.528 Thread 0x00007f261000d000 Threw 0x00000007d8227e20 at /HUDSON/workspace/7u-2-build-linux-amd64/jdk7u65/1224/hotspot/src/share/vm/prims/jvm.cpp:1244
Event: 0.529 Thread 0x00007f261000d000 Threw 0x00000007d822ca18 at /HUDSON/workspace/7u-2-build-linux-amd64/jdk7u65/1224/hotspot/src/share/vm/prims/jvm.cpp:1244
Event: 0.529 Thread 0x00007f261000d000 Threw 0x00000007d8231740 at /HUDSON/workspace/7u-2-build-linux-amd64/jdk7u65/1224/hotspot/src/share/vm/prims/jvm.cpp:1244
Event: 0.529 Thread 0x00007f261000d000 Threw 0x00000007d82369e8 at /HUDSON/workspace/7u-2-build-linux-amd64/jdk7u65/1224/hotspot/src/share/vm/prims/jvm.cpp:1244
Event: 0.530 Thread 0x00007f261000d000 Threw 0x00000007d823e6a8 at /HUDSON/workspace/7u-2-build-linux-amd64/jdk7u65/1224/hotspot/src/share/vm/prims/jvm.cpp:1244
Event: 0.533 Thread 0x00007f261000d000 Threw 0x00000007d824cf18 at /HUDSON/workspace/7u-2-build-linux-amd64/jdk7u65/1224/hotspot/src/share/vm/prims/jvm.cpp:1244

Events (10 events):
Event: 0.991 Executing VM operation: GetOrSetLocal done
Event: 0.991 Executing VM operation: GetOrSetLocal
Event: 0.991 Executing VM operation: GetOrSetLocal done
Event: 0.992 Executing VM operation: GetOrSetLocal
Event: 0.992 Executing VM operation: GetOrSetLocal done
Event: 0.992 Executing VM operation: GetOrSetLocal
Event: 0.992 Executing VM operation: GetOrSetLocal done
Event: 4.102 Executing VM operation: EnableBiasedLocking
Event: 4.102 Executing VM operation: EnableBiasedLocking done
Event: 111.613 Thread 0x00007f25d0001000 Thread exited: 0x00007f25d0001000


Dynamic libraries:
00400000-00401000 r-xp 00000000 fc:00 21108754                           /usr/lib/jvm/java-7-oracle/bin/java
00600000-00601000 rw-p 00000000 fc:00 21108754                           /usr/lib/jvm/java-7-oracle/bin/java
01582000-015a3000 rw-p 00000000 00:00 0                                  [heap]
77fe00000-781300000 rw-p 00000000 00:00 0 
781300000-785000000 rw-p 00000000 00:00 0 
785000000-78a200000 rw-p 00000000 00:00 0 
78a200000-7d7000000 rw-p 00000000 00:00 0 
7d7000000-7d9900000 rw-p 00000000 00:00 0 
7d9900000-800000000 rw-p 00000000 00:00 0 
7f25b4000000-7f25b4021000 rw-p 00000000 00:00 0 
7f25b4021000-7f25b8000000 ---p 00000000 00:00 0 
7f25b8000000-7f25b8021000 rw-p 00000000 00:00 0 
7f25b8021000-7f25bc000000 ---p 00000000 00:00 0 
7f25bc000000-7f25bc46d000 rw-p 00000000 00:00 0 
7f25bc46d000-7f25c0000000 ---p 00000000 00:00 0 
7f25c0000000-7f25c0465000 rw-p 00000000 00:00 0 
7f25c0465000-7f25c4000000 ---p 00000000 00:00 0 
7f25c4000000-7f25c4026000 rw-p 00000000 00:00 0 
7f25c4026000-7f25c8000000 ---p 00000000 00:00 0 
7f25c8000000-7f25c8021000 rw-p 00000000 00:00 0 
7f25c8021000-7f25cc000000 ---p 00000000 00:00 0 
7f25cc000000-7f25cc021000 rw-p 00000000 00:00 0 
7f25cc021000-7f25d0000000 ---p 00000000 00:00 0 
7f25d0000000-7f25d0021000 rw-p 00000000 00:00 0 
7f25d0021000-7f25d4000000 ---p 00000000 00:00 0 
7f25d4000000-7f25d4021000 rw-p 00000000 00:00 0 
7f25d4021000-7f25d8000000 ---p 00000000 00:00 0 
7f25d8000000-7f25d8021000 rw-p 00000000 00:00 0 
7f25d8021000-7f25dc000000 ---p 00000000 00:00 0 
7f25dc000000-7f25dc021000 rw-p 00000000 00:00 0 
7f25dc021000-7f25e0000000 ---p 00000000 00:00 0 
7f25e3ff0000-7f25e8000000 rw-p 00000000 00:00 0 
7f25e8000000-7f25e8021000 rw-p 00000000 00:00 0 
7f25e8021000-7f25ec000000 ---p 00000000 00:00 0 
7f25edd41000-7f25edd42000 rw-p 00000000 00:00 0 
7f25edd42000-7f25edd53000 r-xp 00000000 fc:00 23725856                   /home/sr/NetBeansProjects/MirPara4j/libRNAFold.so
7f25edd53000-7f25edf52000 ---p 00011000 fc:00 23725856                   /home/sr/NetBeansProjects/MirPara4j/libRNAFold.so
7f25edf52000-7f25edf53000 r--p 00010000 fc:00 23725856                   /home/sr/NetBeansProjects/MirPara4j/libRNAFold.so
7f25edf53000-7f25edfb5000 rw-p 00011000 fc:00 23725856                   /home/sr/NetBeansProjects/MirPara4j/libRNAFold.so
7f25edfb5000-7f25ee04e000 rw-p 00000000 00:00 0 
7f25ee04e000-7f25ee058000 r--s 00251000 fc:00 118233088                  /usr/lib/jvm/java-7-oracle/jre/lib/resources.jar
7f25ee058000-7f25ee06e000 r-xp 00000000 fc:00 118359929                  /usr/lib/jvm/java-7-oracle/jre/lib/amd64/libnet.so
7f25ee06e000-7f25ee26e000 ---p 00016000 fc:00 118359929                  /usr/lib/jvm/java-7-oracle/jre/lib/amd64/libnet.so
7f25ee26e000-7f25ee26f000 rw-p 00016000 fc:00 118359929                  /usr/lib/jvm/java-7-oracle/jre/lib/amd64/libnet.so
7f25ee26f000-7f25ee27f000 r-xp 00000000 fc:00 118363267                  /usr/lib/jvm/java-7-oracle/jre/lib/amd64/libnio.so
7f25ee27f000-7f25ee47f000 ---p 00010000 fc:00 118363267                  /usr/lib/jvm/java-7-oracle/jre/lib/amd64/libnio.so
7f25ee47f000-7f25ee480000 rw-p 00010000 fc:00 118363267                  /usr/lib/jvm/java-7-oracle/jre/lib/amd64/libnio.so
7f25ee480000-7f25ee488000 r-xp 00000000 fc:00 118359932                  /usr/lib/jvm/java-7-oracle/jre/lib/amd64/libmanagement.so
7f25ee488000-7f25ee687000 ---p 00008000 fc:00 118359932                  /usr/lib/jvm/java-7-oracle/jre/lib/amd64/libmanagement.so
7f25ee687000-7f25ee688000 rw-p 00007000 fc:00 118359932                  /usr/lib/jvm/java-7-oracle/jre/lib/amd64/libmanagement.so
7f25ee688000-7f25ee68f000 r--s 00064000 fc:00 23725032                   /home/sr/.m2/repository/org/apache/commons/commons-lang3/3.4/commons-lang3-3.4.jar
7f25ee68f000-7f25ee695000 r--s 0003c000 fc:00 23724880                   /home/sr/.m2/repository/org/yaml/snakeyaml/1.15/snakeyaml-1.15.jar
7f25ee695000-7f25ee696000 r--s 0000e000 fc:00 23724566                   /home/sr/.m2/repository/tw/edu/ntu/csie/libsvm/3.17/libsvm-3.17.jar
7f25ee696000-7f25ee698000 r--s 00009000 fc:00 23594295                   /home/sr/.m2/repository/commons-cli/commons-cli/1.2/commons-cli-1.2.jar
7f25ee698000-7f25ee6a9000 r--s 000b9000 fc:00 23593128                   /home/sr/.m2/repository/org/apache/logging/log4j/log4j-core/2.2/log4j-core-2.2.jar
7f25ee6a9000-7f25ee6ac000 r--s 0001e000 fc:00 23593127                   /home/sr/.m2/repository/org/apache/logging/log4j/log4j-api/2.2/log4j-api-2.2.jar
7f25ee6ac000-7f25ee6ae000 r--s 00008000 fc:00 23593155                   /home/sr/.m2/repository/classworlds/classworlds/1.1-alpha-2/classworlds-1.1-alpha-2.jar
7f25ee6ae000-7f25ee6b1000 r--s 0001b000 fc:00 23593153                   /home/sr/.m2/repository/junit/junit/3.8.1/junit-3.8.1.jar
7f25ee6b1000-7f25ee6b8000 r--s 00029000 fc:00 23593152                   /home/sr/.m2/repository/org/codehaus/plexus/plexus-container-default/1.0-alpha-9/plexus-container-default-1.0-alpha-9.jar
7f25ee6b8000-7f25ee6bb000 r--s 00011000 fc:00 23593150                   /home/sr/.m2/repository/org/apache/maven/maven-artifact/2.0.4/maven-artifact-2.0.4.jar
7f25ee6bb000-7f25ee6be000 r--s 00027000 fc:00 23593149                   /home/sr/.m2/repository/org/codehaus/plexus/plexus-utils/1.1/plexus-utils-1.1.jar
7f25ee6be000-7f25ee6c0000 r--s 00009000 fc:00 23593147                   /home/sr/.m2/repository/org/apache/maven/wagon/wagon-provider-api/1.0-alpha-6/wagon-provider-api-1.0-alpha-6.jar
7f25ee6c0000-7f25ee6c2000 r--s 0000a000 fc:00 23593141                   /home/sr/.m2/repository/org/apache/maven/maven-artifact-manager/2.0.4/maven-artifact-manager-2.0.4.jar
7f25ee6c2000-7f25ee6c4000 r--s 00012000 fc:00 23593140                   /home/sr/.m2/repository/org/apache/maven/maven-model/2.0.4/maven-model-2.0.4.jar
7f25ee6c4000-7f25ee6c5000 ---p 00000000 00:00 0 
7f25ee6c5000-7f25ee7c5000 rw-p 00000000 00:00 0                          [stack:24457]
7f25ee7c5000-7f25ee7c8000 ---p 00000000 00:00 0 
7f25ee7c8000-7f25ee8c6000 rw-p 00000000 00:00 0                          [stack:24456]
7f25ee8c6000-7f25ee8c9000 ---p 00000000 00:00 0 
7f25ee8c9000-7f25ee9c7000 rw-p 00000000 00:00 0                          [stack:24455]
7f25ee9c7000-7f25ee9ca000 ---p 00000000 00:00 0 
7f25ee9ca000-7f25eeac8000 rw-p 00000000 00:00 0                          [stack:24454]
7f25eeac8000-7f25eeacb000 ---p 00000000 00:00 0 
7f25eeacb000-7f25eebc9000 rw-p 00000000 00:00 0 
7f25eebc9000-7f25eebcc000 ---p 00000000 00:00 0 
7f25eebcc000-7f25eecca000 rw-p 00000000 00:00 0                          [stack:24450]
7f25eecca000-7f25eeccd000 ---p 00000000 00:00 0 
7f25eeccd000-7f25eedcb000 rw-p 00000000 00:00 0                          [stack:24448]
7f25eedcb000-7f25eedcf000 r-xp 00000000 fc:00 118360012                  /usr/lib/jvm/java-7-oracle/jre/lib/amd64/libdt_socket.so
7f25eedcf000-7f25eefce000 ---p 00004000 fc:00 118360012                  /usr/lib/jvm/java-7-oracle/jre/lib/amd64/libdt_socket.so
7f25eefce000-7f25eefcf000 rw-p 00003000 fc:00 118360012                  /usr/lib/jvm/java-7-oracle/jre/lib/amd64/libdt_socket.so
7f25eefcf000-7f25eefd2000 ---p 00000000 00:00 0 
7f25eefd2000-7f25ef0d0000 rw-p 00000000 00:00 0                          [stack:24447]
7f25ef0d0000-7f25ef0d3000 ---p 00000000 00:00 0 
7f25ef0d3000-7f25ef1d1000 rw-p 00000000 00:00 0                          [stack:24446]
7f25ef1d1000-7f25ef1d4000 ---p 00000000 00:00 0 
7f25ef1d4000-7f25ef2d2000 rw-p 00000000 00:00 0                          [stack:24445]
7f25ef2d2000-7f25ef2d3000 ---p 00000000 00:00 0 
7f25ef2d3000-7f25f0000000 rw-p 00000000 00:00 0                          [stack:24444]
7f25f0000000-7f25f0021000 rw-p 00000000 00:00 0 
7f25f0021000-7f25f4000000 ---p 00000000 00:00 0 
7f25f4000000-7f25f4021000 rw-p 00000000 00:00 0 
7f25f4021000-7f25f8000000 ---p 00000000 00:00 0 
7f25f8000000-7f25f8021000 rw-p 00000000 00:00 0 
7f25f8021000-7f25fc000000 ---p 00000000 00:00 0 
7f25fc000000-7f25fc021000 rw-p 00000000 00:00 0 
7f25fc021000-7f2600000000 ---p 00000000 00:00 0 
7f2600000000-7f2600021000 rw-p 00000000 00:00 0 
7f2600021000-7f2604000000 ---p 00000000 00:00 0 
7f2604000000-7f2604021000 rw-p 00000000 00:00 0 
7f2604021000-7f2608000000 ---p 00000000 00:00 0 
7f2608000000-7f2608021000 rw-p 00000000 00:00 0 
7f2608021000-7f260c000000 ---p 00000000 00:00 0 
7f260c000000-7f260c001000 r--s 00002000 fc:00 23593160                   /home/sr/.m2/repository/org/apache/maven/maven-plugin-api/2.0/maven-plugin-api-2.0.jar
7f260c001000-7f260d000000 rw-p 00000000 00:00 0 
7f260d000000-7f260d270000 rwxp 00000000 00:00 0 
7f260d270000-7f2610489000 rw-p 00000000 00:00 0 
7f2610489000-7f2614000000 ---p 00000000 00:00 0 
7f2614000000-7f2614002000 r--s 00006000 fc:00 23593137                   /home/sr/.m2/repository/org/apache/maven/maven-profile/2.0.4/maven-profile-2.0.4.jar
7f2614002000-7f2614004000 r--s 00009000 fc:00 23593136                   /home/sr/.m2/repository/org/apache/maven/maven-settings/2.0.4/maven-settings-2.0.4.jar
7f2614004000-7f2614007000 r--s 00018000 fc:00 23593131                   /home/sr/.m2/repository/org/apache/maven/maven-project/2.0.4/maven-project-2.0.4.jar
7f2614007000-7f2614049000 rw-p 00000000 00:00 0 
7f2614049000-7f2614208000 r--s 039e5000 fc:00 118232631                  /usr/lib/jvm/java-7-oracle/jre/lib/rt.jar
7f2614208000-7f261472b000 rw-p 00000000 00:00 0 
7f261472b000-7f261472c000 ---p 00000000 00:00 0 
7f261472c000-7f261482c000 rw-p 00000000 00:00 0                          [stack:24443]
7f261482c000-7f261482d000 ---p 00000000 00:00 0 
7f261482d000-7f261492d000 rw-p 00000000 00:00 0                          [stack:24442]
7f261492d000-7f261492e000 ---p 00000000 00:00 0 
7f261492e000-7f2614a2e000 rw-p 00000000 00:00 0                          [stack:24441]
7f2614a2e000-7f2614a2f000 ---p 00000000 00:00 0 
7f2614a2f000-7f2614b2f000 rw-p 00000000 00:00 0                          [stack:24440]
7f2614b2f000-7f2614b30000 ---p 00000000 00:00 0 
7f2614b30000-7f2614c30000 rw-p 00000000 00:00 0                          [stack:24439]
7f2614c30000-7f2614c31000 ---p 00000000 00:00 0 
7f2614c31000-7f2614d31000 rw-p 00000000 00:00 0                          [stack:24438]
7f2614d31000-7f2614d32000 ---p 00000000 00:00 0 
7f2614d32000-7f2614e32000 rw-p 00000000 00:00 0                          [stack:24437]
7f2614e32000-7f2614e33000 ---p 00000000 00:00 0 
7f2614e33000-7f2614f3e000 rw-p 00000000 00:00 0                          [stack:24436]
7f2614f3e000-7f2614f5c000 rw-p 00000000 00:00 0 
7f2614f5c000-7f2614f85000 rw-p 00000000 00:00 0 
7f2614f85000-7f26151ec000 rw-p 00000000 00:00 0 
7f26151ec000-7f26151f7000 rw-p 00000000 00:00 0 
7f26151f7000-7f2615215000 rw-p 00000000 00:00 0 
7f2615215000-7f261523e000 rw-p 00000000 00:00 0 
7f261523e000-7f26154a5000 rw-p 00000000 00:00 0 
7f26154a5000-7f26154ba000 rw-p 00000000 00:00 0 
7f26154ba000-7f26155ed000 rw-p 00000000 00:00 0 
7f26155ed000-7f26155ee000 rw-p 00000000 00:00 0 
7f26155ee000-7f2615608000 r-xp 00000000 fc:00 118362883                  /usr/lib/jvm/java-7-oracle/jre/lib/amd64/libzip.so
7f2615608000-7f2615808000 ---p 0001a000 fc:00 118362883                  /usr/lib/jvm/java-7-oracle/jre/lib/amd64/libzip.so
7f2615808000-7f2615809000 rw-p 0001a000 fc:00 118362883                  /usr/lib/jvm/java-7-oracle/jre/lib/amd64/libzip.so
7f2615809000-7f2615814000 r-xp 00000000 fc:00 11796735                   /lib/x86_64-linux-gnu/libnss_files-2.19.so
7f2615814000-7f2615a13000 ---p 0000b000 fc:00 11796735                   /lib/x86_64-linux-gnu/libnss_files-2.19.so
7f2615a13000-7f2615a14000 r--p 0000a000 fc:00 11796735                   /lib/x86_64-linux-gnu/libnss_files-2.19.so
7f2615a14000-7f2615a15000 rw-p 0000b000 fc:00 11796735                   /lib/x86_64-linux-gnu/libnss_files-2.19.so
7f2615a15000-7f2615a20000 r-xp 00000000 fc:00 11796811                   /lib/x86_64-linux-gnu/libnss_nis-2.19.so
7f2615a20000-7f2615c1f000 ---p 0000b000 fc:00 11796811                   /lib/x86_64-linux-gnu/libnss_nis-2.19.so
7f2615c1f000-7f2615c20000 r--p 0000a000 fc:00 11796811                   /lib/x86_64-linux-gnu/libnss_nis-2.19.so
7f2615c20000-7f2615c21000 rw-p 0000b000 fc:00 11796811                   /lib/x86_64-linux-gnu/libnss_nis-2.19.so
7f2615c21000-7f2615c38000 r-xp 00000000 fc:00 11796753                   /lib/x86_64-linux-gnu/libnsl-2.19.so
7f2615c38000-7f2615e37000 ---p 00017000 fc:00 11796753                   /lib/x86_64-linux-gnu/libnsl-2.19.so
7f2615e37000-7f2615e38000 r--p 00016000 fc:00 11796753                   /lib/x86_64-linux-gnu/libnsl-2.19.so
7f2615e38000-7f2615e39000 rw-p 00017000 fc:00 11796753                   /lib/x86_64-linux-gnu/libnsl-2.19.so
7f2615e39000-7f2615e3b000 rw-p 00000000 00:00 0 
7f2615e3b000-7f2615e44000 r-xp 00000000 fc:00 11796751                   /lib/x86_64-linux-gnu/libnss_compat-2.19.so
7f2615e44000-7f2616043000 ---p 00009000 fc:00 11796751                   /lib/x86_64-linux-gnu/libnss_compat-2.19.so
7f2616043000-7f2616044000 r--p 00008000 fc:00 11796751                   /lib/x86_64-linux-gnu/libnss_compat-2.19.so
7f2616044000-7f2616045000 rw-p 00009000 fc:00 11796751                   /lib/x86_64-linux-gnu/libnss_compat-2.19.so
7f2616045000-7f2616d1c000 r--p 00000000 fc:00 117834354                  /usr/lib/locale/locale-archive
7f2616d1c000-7f2616d1f000 r-xp 00000000 fc:00 118361918                  /usr/lib/jvm/java-7-oracle/jre/lib/amd64/libnpt.so
7f2616d1f000-7f2616f1e000 ---p 00003000 fc:00 118361918                  /usr/lib/jvm/java-7-oracle/jre/lib/amd64/libnpt.so
7f2616f1e000-7f2616f1f000 rw-p 00002000 fc:00 118361918                  /usr/lib/jvm/java-7-oracle/jre/lib/amd64/libnpt.so
7f2616f1f000-7f2616f58000 r-xp 00000000 fc:00 118363269                  /usr/lib/jvm/java-7-oracle/jre/lib/amd64/libjdwp.so
7f2616f58000-7f2617158000 ---p 00039000 fc:00 118363269                  /usr/lib/jvm/java-7-oracle/jre/lib/amd64/libjdwp.so
7f2617158000-7f2617159000 rw-p 00039000 fc:00 118363269                  /usr/lib/jvm/java-7-oracle/jre/lib/amd64/libjdwp.so
7f2617159000-7f261715a000 rw-p 00000000 00:00 0 
7f261715a000-7f2617183000 r-xp 00000000 fc:00 118361915                  /usr/lib/jvm/java-7-oracle/jre/lib/amd64/libjava.so
7f2617183000-7f2617383000 ---p 00029000 fc:00 118361915                  /usr/lib/jvm/java-7-oracle/jre/lib/amd64/libjava.so
7f2617383000-7f2617385000 rw-p 00029000 fc:00 118361915                  /usr/lib/jvm/java-7-oracle/jre/lib/amd64/libjava.so
7f2617385000-7f2617392000 r-xp 00000000 fc:00 118363286                  /usr/lib/jvm/java-7-oracle/jre/lib/amd64/libverify.so
7f2617392000-7f2617591000 ---p 0000d000 fc:00 118363286                  /usr/lib/jvm/java-7-oracle/jre/lib/amd64/libverify.so
7f2617591000-7f2617593000 rw-p 0000c000 fc:00 118363286                  /usr/lib/jvm/java-7-oracle/jre/lib/amd64/libverify.so
7f2617593000-7f261759a000 r-xp 00000000 fc:00 11796807                   /lib/x86_64-linux-gnu/librt-2.19.so
7f261759a000-7f2617799000 ---p 00007000 fc:00 11796807                   /lib/x86_64-linux-gnu/librt-2.19.so
7f2617799000-7f261779a000 r--p 00006000 fc:00 11796807                   /lib/x86_64-linux-gnu/librt-2.19.so
7f261779a000-7f261779b000 rw-p 00007000 fc:00 11796807                   /lib/x86_64-linux-gnu/librt-2.19.so
7f261779b000-7f26178a0000 r-xp 00000000 fc:00 11796733                   /lib/x86_64-linux-gnu/libm-2.19.so
7f26178a0000-7f2617a9f000 ---p 00105000 fc:00 11796733                   /lib/x86_64-linux-gnu/libm-2.19.so
7f2617a9f000-7f2617aa0000 r--p 00104000 fc:00 11796733                   /lib/x86_64-linux-gnu/libm-2.19.so
7f2617aa0000-7f2617aa1000 rw-p 00105000 fc:00 11796733                   /lib/x86_64-linux-gnu/libm-2.19.so
7f2617aa1000-7f2618611000 r-xp 00000000 fc:00 118360000                  /usr/lib/jvm/java-7-oracle/jre/lib/amd64/server/libjvm.so
7f2618611000-7f2618810000 ---p 00b70000 fc:00 118360000                  /usr/lib/jvm/java-7-oracle/jre/lib/amd64/server/libjvm.so
7f2618810000-7f26188d5000 rw-p 00b6f000 fc:00 118360000                  /usr/lib/jvm/java-7-oracle/jre/lib/amd64/server/libjvm.so
7f26188d5000-7f2618915000 rw-p 00000000 00:00 0 
7f2618915000-7f2618ad0000 r-xp 00000000 fc:00 11796801                   /lib/x86_64-linux-gnu/libc-2.19.so
7f2618ad0000-7f2618ccf000 ---p 001bb000 fc:00 11796801                   /lib/x86_64-linux-gnu/libc-2.19.so
7f2618ccf000-7f2618cd3000 r--p 001ba000 fc:00 11796801                   /lib/x86_64-linux-gnu/libc-2.19.so
7f2618cd3000-7f2618cd5000 rw-p 001be000 fc:00 11796801                   /lib/x86_64-linux-gnu/libc-2.19.so
7f2618cd5000-7f2618cda000 rw-p 00000000 00:00 0 
7f2618cda000-7f2618cdd000 r-xp 00000000 fc:00 11796741                   /lib/x86_64-linux-gnu/libdl-2.19.so
7f2618cdd000-7f2618edc000 ---p 00003000 fc:00 11796741                   /lib/x86_64-linux-gnu/libdl-2.19.so
7f2618edc000-7f2618edd000 r--p 00002000 fc:00 11796741                   /lib/x86_64-linux-gnu/libdl-2.19.so
7f2618edd000-7f2618ede000 rw-p 00003000 fc:00 11796741                   /lib/x86_64-linux-gnu/libdl-2.19.so
7f2618ede000-7f2618ef4000 r-xp 00000000 fc:00 21107598                   /usr/lib/jvm/java-7-oracle/lib/amd64/jli/libjli.so
7f2618ef4000-7f26190f4000 ---p 00016000 fc:00 21107598                   /usr/lib/jvm/java-7-oracle/lib/amd64/jli/libjli.so
7f26190f4000-7f26190f5000 rw-p 00016000 fc:00 21107598                   /usr/lib/jvm/java-7-oracle/lib/amd64/jli/libjli.so
7f26190f5000-7f261910e000 r-xp 00000000 fc:00 11796803                   /lib/x86_64-linux-gnu/libpthread-2.19.so
7f261910e000-7f261930d000 ---p 00019000 fc:00 11796803                   /lib/x86_64-linux-gnu/libpthread-2.19.so
7f261930d000-7f261930e000 r--p 00018000 fc:00 11796803                   /lib/x86_64-linux-gnu/libpthread-2.19.so
7f261930e000-7f261930f000 rw-p 00019000 fc:00 11796803                   /lib/x86_64-linux-gnu/libpthread-2.19.so
7f261930f000-7f2619313000 rw-p 00000000 00:00 0 
7f2619313000-7f2619336000 r-xp 00000000 fc:00 11796795                   /lib/x86_64-linux-gnu/ld-2.19.so
7f2619336000-7f2619337000 r--s 00004000 fc:00 23593144                   /home/sr/.m2/repository/org/apache/maven/maven-repository-metadata/2.0.4/maven-repository-metadata-2.0.4.jar
7f2619337000-7f261933c000 r--s 00021000 fc:00 23593129                   /home/sr/.m2/repository/args4j/args4j/2.32/args4j-2.32.jar
7f261933c000-7f2619342000 r--s 00027000 fc:00 23593133                   /home/sr/.m2/repository/args4j/args4j-tools/2.32/args4j-tools-2.32-all.jar
7f2619342000-7f2619343000 r--s 00001000 fc:00 23593132                   /home/sr/.m2/repository/org/kohsuke/args4j/args4j-maven-plugin/2.32/args4j-maven-plugin-2.32.jar
7f2619343000-7f261934d000 rw-p 00000000 00:00 0 
7f261934d000-7f2619403000 rw-p 00000000 00:00 0 
7f2619403000-7f2619406000 ---p 00000000 00:00 0 
7f2619406000-7f2619529000 rw-p 00000000 00:00 0                          [stack:24435]
7f2619529000-7f2619531000 rw-s 00000000 fc:00 13895328                   /tmp/hsperfdata_sr/24431
7f2619531000-7f2619532000 rw-p 00000000 00:00 0 
7f2619532000-7f2619533000 r--p 00000000 00:00 0 
7f2619533000-7f2619535000 rw-p 00000000 00:00 0 
7f2619535000-7f2619536000 r--p 00022000 fc:00 11796795                   /lib/x86_64-linux-gnu/ld-2.19.so
7f2619536000-7f2619537000 rw-p 00023000 fc:00 11796795                   /lib/x86_64-linux-gnu/ld-2.19.so
7f2619537000-7f2619538000 rw-p 00000000 00:00 0 
7fff8edf9000-7fff8ee1b000 rw-p 00000000 00:00 0                          [stack]
7fff8efeb000-7fff8efed000 r-xp 00000000 00:00 0                          [vdso]
ffffffffff600000-ffffffffff601000 r-xp 00000000 00:00 0                  [vsyscall]

VM Arguments:
jvm_args: -Xdebug -Xrunjdwp:transport=dt_socket,server=n,address=38822 -Dlog4j.configurationFile=file:log4j2.xml -Djava.library.path=/home/sr/NetBeansProjects/MirPara4j 
java_command: no.uio.medisin.bag.jmirpara.JmiCMD -l 11 -s 150 -w 500 -d 60 -b 0.80 -m overall -c /home/sr/NetBeansProjects/MirPara4j/config.yaml -i src/main/test/demo.fas -o src/main/test/demo -r /home/sr/NetBeansProjects/MirPara4j
Launcher Type: SUN_STANDARD

Environment Variables:
JAVA_HOME=/usr/lib/jvm/java-7-oracle
PATH=/usr/local/sbin:/usr/local/bin:/usr/sbin:/usr/bin:/sbin:/bin:/usr/games:/usr/local/games
USERNAME=sr
LD_LIBRARY_PATH=/usr/lib/jvm/java-7-oracle/jre/lib/amd64:/usr/lib/jvm/java-7-oracle/jre/lib/i386:
SHELL=/bin/bash
DISPLAY=:0

Signal Handlers:
SIGSEGV: [libjvm.so+0x99f4a0], sa_mask[0]=0x7ffbfeff, sa_flags=0x10000004
SIGBUS: [libjvm.so+0x99f4a0], sa_mask[0]=0x7ffbfeff, sa_flags=0x10000004
SIGFPE: [libjvm.so+0x81a860], sa_mask[0]=0x7ffbfeff, sa_flags=0x10000004
SIGPIPE: [libjvm.so+0x81a860], sa_mask[0]=0x7ffbfeff, sa_flags=0x10000004
SIGXFSZ: [libjvm.so+0x81a860], sa_mask[0]=0x7ffbfeff, sa_flags=0x10000004
SIGILL: [libjvm.so+0x81a860], sa_mask[0]=0x7ffbfeff, sa_flags=0x10000004
SIGUSR1: SIG_DFL, sa_mask[0]=0x00000000, sa_flags=0x00000000
SIGUSR2: [libjvm.so+0x81c060], sa_mask[0]=0x00000004, sa_flags=0x10000004
SIGHUP: [libjvm.so+0x81d160], sa_mask[0]=0x7ffbfeff, sa_flags=0x10000004
SIGINT: SIG_IGN, sa_mask[0]=0x00000000, sa_flags=0x00000000
SIGTERM: [libjvm.so+0x81d160], sa_mask[0]=0x7ffbfeff, sa_flags=0x10000004
SIGQUIT: [libjvm.so+0x81d160], sa_mask[0]=0x7ffbfeff, sa_flags=0x10000004


---------------  S Y S T E M  ---------------

OS:jessie/sid

uname:Linux 3.13.0-24-generic #47-Ubuntu SMP Fri May 2 23:30:00 UTC 2014 x86_64
libc:glibc 2.19 NPTL 2.19 
rlimit: STACK 8192k, CORE 0k, NPROC 62730, NOFILE 4096, AS infinity
load average:0.11 0.12 0.14

/proc/meminfo:
MemTotal:        8060620 kB
MemFree:          266744 kB
Buffers:          195776 kB
Cached:          1696940 kB
SwapCached:       238528 kB
Active:          5325540 kB
Inactive:        1972752 kB
Active(anon):    4688320 kB
Inactive(anon):  1425540 kB
Active(file):     637220 kB
Inactive(file):   547212 kB
Unevictable:          48 kB
Mlocked:              48 kB
SwapTotal:       8269820 kB
SwapFree:        7104328 kB
Dirty:               744 kB
Writeback:             0 kB
AnonPages:       5302024 kB
Mapped:           452692 kB
Shmem:            708280 kB
Slab:             298420 kB
SReclaimable:     248864 kB
SUnreclaim:        49556 kB
KernelStack:        6536 kB
PageTables:        66468 kB
NFS_Unstable:          0 kB
Bounce:                0 kB
WritebackTmp:          0 kB
CommitLimit:    12300128 kB
Committed_AS:   13988780 kB
VmallocTotal:   34359738367 kB
VmallocUsed:      361380 kB
VmallocChunk:   34359369832 kB
HardwareCorrupted:     0 kB
AnonHugePages:   2840576 kB
HugePages_Total:       0
HugePages_Free:        0
HugePages_Rsvd:        0
HugePages_Surp:        0
Hugepagesize:       2048 kB
DirectMap4k:      115640 kB
DirectMap2M:     8157184 kB


CPU:total 8 (4 cores per cpu, 2 threads per core) family 6 model 58 stepping 9, cmov, cx8, fxsr, mmx, sse, sse2, sse3, ssse3, sse4.1, sse4.2, popcnt, avx, aes, erms, ht, tsc, tscinvbit, tscinv

/proc/cpuinfo:
processor	: 0
vendor_id	: GenuineIntel
cpu family	: 6
model		: 58
model name	: Intel(R) Core(TM) i7-3770 CPU @ 3.40GHz
stepping	: 9
microcode	: 0x12
cpu MHz		: 1700.000
cache size	: 8192 KB
physical id	: 0
siblings	: 8
core id		: 0
cpu cores	: 4
apicid		: 0
initial apicid	: 0
fpu		: yes
fpu_exception	: yes
cpuid level	: 13
wp		: yes
flags		: fpu vme de pse tsc msr pae mce cx8 apic sep mtrr pge mca cmov pat pse36 clflush dts acpi mmx fxsr sse sse2 ss ht tm pbe syscall nx rdtscp lm constant_tsc arch_perfmon pebs bts rep_good nopl xtopology nonstop_tsc aperfmperf eagerfpu pni pclmulqdq dtes64 monitor ds_cpl vmx smx est tm2 ssse3 cx16 xtpr pdcm pcid sse4_1 sse4_2 x2apic popcnt tsc_deadline_timer aes xsave avx f16c rdrand lahf_lm ida arat epb xsaveopt pln pts dtherm tpr_shadow vnmi flexpriority ept vpid fsgsbase smep erms
bogomips	: 6784.27
clflush size	: 64
cache_alignment	: 64
address sizes	: 36 bits physical, 48 bits virtual
power management:

processor	: 1
vendor_id	: GenuineIntel
cpu family	: 6
model		: 58
model name	: Intel(R) Core(TM) i7-3770 CPU @ 3.40GHz
stepping	: 9
microcode	: 0x12
cpu MHz		: 1600.000
cache size	: 8192 KB
physical id	: 0
siblings	: 8
core id		: 1
cpu cores	: 4
apicid		: 2
initial apicid	: 2
fpu		: yes
fpu_exception	: yes
cpuid level	: 13
wp		: yes
flags		: fpu vme de pse tsc msr pae mce cx8 apic sep mtrr pge mca cmov pat pse36 clflush dts acpi mmx fxsr sse sse2 ss ht tm pbe syscall nx rdtscp lm constant_tsc arch_perfmon pebs bts rep_good nopl xtopology nonstop_tsc aperfmperf eagerfpu pni pclmulqdq dtes64 monitor ds_cpl vmx smx est tm2 ssse3 cx16 xtpr pdcm pcid sse4_1 sse4_2 x2apic popcnt tsc_deadline_timer aes xsave avx f16c rdrand lahf_lm ida arat epb xsaveopt pln pts dtherm tpr_shadow vnmi flexpriority ept vpid fsgsbase smep erms
bogomips	: 6784.27
clflush size	: 64
cache_alignment	: 64
address sizes	: 36 bits physical, 48 bits virtual
power management:

processor	: 2
vendor_id	: GenuineIntel
cpu family	: 6
model		: 58
model name	: Intel(R) Core(TM) i7-3770 CPU @ 3.40GHz
stepping	: 9
microcode	: 0x12
cpu MHz		: 2200.000
cache size	: 8192 KB
physical id	: 0
siblings	: 8
core id		: 2
cpu cores	: 4
apicid		: 4
initial apicid	: 4
fpu		: yes
fpu_exception	: yes
cpuid level	: 13
wp		: yes
flags		: fpu vme de pse tsc msr pae mce cx8 apic sep mtrr pge mca cmov pat pse36 clflush dts acpi mmx fxsr sse sse2 ss ht tm pbe syscall nx rdtscp lm constant_tsc arch_perfmon pebs bts rep_good nopl xtopology nonstop_tsc aperfmperf eagerfpu pni pclmulqdq dtes64 monitor ds_cpl vmx smx est tm2 ssse3 cx16 xtpr pdcm pcid sse4_1 sse4_2 x2apic popcnt tsc_deadline_timer aes xsave avx f16c rdrand lahf_lm ida arat epb xsaveopt pln pts dtherm tpr_shadow vnmi flexpriority ept vpid fsgsbase smep erms
bogomips	: 6784.27
clflush size	: 64
cache_alignment	: 64
address sizes	: 36 bits physical, 48 bits virtual
power management:

processor	: 3
vendor_id	: GenuineIntel
cpu family	: 6
model		: 58
model name	: Intel(R) Core(TM) i7-3770 CPU @ 3.40GHz
stepping	: 9
microcode	: 0x12
cpu MHz		: 2800.000
cache size	: 8192 KB
physical id	: 0
siblings	: 8
core id		: 3
cpu cores	: 4
apicid		: 6
initial apicid	: 6
fpu		: yes
fpu_exception	: yes
cpuid level	: 13
wp		: yes
flags		: fpu vme de pse tsc msr pae mce cx8 apic sep mtrr pge mca cmov pat pse36 clflush dts acpi mmx fxsr sse sse2 ss ht tm pbe syscall nx rdtscp lm constant_tsc arch_perfmon pebs bts rep_good nopl xtopology nonstop_tsc aperfmperf eagerfpu pni pclmulqdq dtes64 monitor ds_cpl vmx smx est tm2 ssse3 cx16 xtpr pdcm pcid sse4_1 sse4_2 x2apic popcnt tsc_deadline_timer aes xsave avx f16c rdrand lahf_lm ida arat epb xsaveopt pln pts dtherm tpr_shadow vnmi flexpriority ept vpid fsgsbase smep erms
bogomips	: 6784.27
clflush size	: 64
cache_alignment	: 64
address sizes	: 36 bits physical, 48 bits virtual
power management:

processor	: 4
vendor_id	: GenuineIntel
cpu family	: 6
model		: 58
model name	: Intel(R) Core(TM) i7-3770 CPU @ 3.40GHz
stepping	: 9
microcode	: 0x12
cpu MHz		: 3100.000
cache size	: 8192 KB
physical id	: 0
siblings	: 8
core id		: 0
cpu cores	: 4
apicid		: 1
initial apicid	: 1
fpu		: yes
fpu_exception	: yes
cpuid level	: 13
wp		: yes
flags		: fpu vme de pse tsc msr pae mce cx8 apic sep mtrr pge mca cmov pat pse36 clflush dts acpi mmx fxsr sse sse2 ss ht tm pbe syscall nx rdtscp lm constant_tsc arch_perfmon pebs bts rep_good nopl xtopology nonstop_tsc aperfmperf eagerfpu pni pclmulqdq dtes64 monitor ds_cpl vmx smx est tm2 ssse3 cx16 xtpr pdcm pcid sse4_1 sse4_2 x2apic popcnt tsc_deadline_timer aes xsave avx f16c rdrand lahf_lm ida arat epb xsaveopt pln pts dtherm tpr_shadow vnmi flexpriority ept vpid fsgsbase smep erms
bogomips	: 6784.27
clflush size	: 64
cache_alignment	: 64
address sizes	: 36 bits physical, 48 bits virtual
power management:

processor	: 5
vendor_id	: GenuineIntel
cpu family	: 6
model		: 58
model name	: Intel(R) Core(TM) i7-3770 CPU @ 3.40GHz
stepping	: 9
microcode	: 0x12
cpu MHz		: 1600.000
cache size	: 8192 KB
physical id	: 0
siblings	: 8
core id		: 1
cpu cores	: 4
apicid		: 3
initial apicid	: 3
fpu		: yes
fpu_exception	: yes
cpuid level	: 13
wp		: yes
flags		: fpu vme de pse tsc msr pae mce cx8 apic sep mtrr pge mca cmov pat pse36 clflush dts acpi mmx fxsr sse sse2 ss ht tm pbe syscall nx rdtscp lm constant_tsc arch_perfmon pebs bts rep_good nopl xtopology nonstop_tsc aperfmperf eagerfpu pni pclmulqdq dtes64 monitor ds_cpl vmx smx est tm2 ssse3 cx16 xtpr pdcm pcid sse4_1 sse4_2 x2apic popcnt tsc_deadline_timer aes xsave avx f16c rdrand lahf_lm ida arat epb xsaveopt pln pts dtherm tpr_shadow vnmi flexpriority ept vpid fsgsbase smep erms
bogomips	: 6784.27
clflush size	: 64
cache_alignment	: 64
address sizes	: 36 bits physical, 48 bits virtual
power management:

processor	: 6
vendor_id	: GenuineIntel
cpu family	: 6
model		: 58
model name	: Intel(R) Core(TM) i7-3770 CPU @ 3.40GHz
stepping	: 9
microcode	: 0x12
cpu MHz		: 1600.000
cache size	: 8192 KB
physical id	: 0
siblings	: 8
core id		: 2
cpu cores	: 4
apicid		: 5
initial apicid	: 5
fpu		: yes
fpu_exception	: yes
cpuid level	: 13
wp		: yes
flags		: fpu vme de pse tsc msr pae mce cx8 apic sep mtrr pge mca cmov pat pse36 clflush dts acpi mmx fxsr sse sse2 ss ht tm pbe syscall nx rdtscp lm constant_tsc arch_perfmon pebs bts rep_good nopl xtopology nonstop_tsc aperfmperf eagerfpu pni pclmulqdq dtes64 monitor ds_cpl vmx smx est tm2 ssse3 cx16 xtpr pdcm pcid sse4_1 sse4_2 x2apic popcnt tsc_deadline_timer aes xsave avx f16c rdrand lahf_lm ida arat epb xsaveopt pln pts dtherm tpr_shadow vnmi flexpriority ept vpid fsgsbase smep erms
bogomips	: 6784.27
clflush size	: 64
cache_alignment	: 64
address sizes	: 36 bits physical, 48 bits virtual
power management:

processor	: 7
vendor_id	: GenuineIntel
cpu family	: 6
model		: 58
model name	: Intel(R) Core(TM) i7-3770 CPU @ 3.40GHz
stepping	: 9
microcode	: 0x12
cpu MHz		: 1600.000
cache size	: 8192 KB
physical id	: 0
siblings	: 8
core id		: 3
cpu cores	: 4
apicid		: 7
initial apicid	: 7
fpu		: yes
fpu_exception	: yes
cpuid level	: 13
wp		: yes
flags		: fpu vme de pse tsc msr pae mce cx8 apic sep mtrr pge mca cmov pat pse36 clflush dts acpi mmx fxsr sse sse2 ss ht tm pbe syscall nx rdtscp lm constant_tsc arch_perfmon pebs bts rep_good nopl xtopology nonstop_tsc aperfmperf eagerfpu pni pclmulqdq dtes64 monitor ds_cpl vmx smx est tm2 ssse3 cx16 xtpr pdcm pcid sse4_1 sse4_2 x2apic popcnt tsc_deadline_timer aes xsave avx f16c rdrand lahf_lm ida arat epb xsaveopt pln pts dtherm tpr_shadow vnmi flexpriority ept vpid fsgsbase smep erms
bogomips	: 6784.27
clflush size	: 64
cache_alignment	: 64
address sizes	: 36 bits physical, 48 bits virtual
power management:



Memory: 4k page, physical 8060620k(266744k free), swap 8269820k(7104328k free)

vm_info: Java HotSpot(TM) 64-Bit Server VM (24.65-b04) for linux-amd64 JRE (1.7.0_65-b17), built on Jun 16 2014 20:55:34 by "java_re" with gcc 4.3.0 20080428 (Red Hat 4.3.0-8)

time: Fri Jul  3 11:43:32 2015
elapsed time: 111 seconds

