#
# A fatal error has been detected by the Java Runtime Environment:
#
#  SIGSEGV (0xb) at pc=0x0000000000002a20, pid=31372, tid=140607439247104
#
# JRE version: Java(TM) SE Runtime Environment (7.0_65-b17) (build 1.7.0_65-b17)
# Java VM: Java HotSpot(TM) 64-Bit Server VM (24.65-b04 mixed mode linux-amd64 compressed oops)
# Problematic frame:
# C  0x0000000000002a20
#
# Failed to write core dump. Core dumps have been disabled. To enable core dumping, try "ulimit -c unlimited" before starting Java again
#
# If you would like to submit a bug report, please visit:
#   http://bugreport.sun.com/bugreport/crash.jsp
# The crash happened outside the Java Virtual Machine in native code.
# See problematic frame for where to report the bug.
#

---------------  T H R E A D  ---------------

Current thread (0x00007fe1c00a7800):  JavaThread "JDWP Transport Listener: dt_socket" daemon [_thread_in_native, id=31389, stack(0x00007fe1b8681000,0x00007fe1b8782000)]

siginfo:si_signo=SIGSEGV: si_errno=0, si_code=1 (SEGV_MAPERR), si_addr=0x0000000000002a20

Registers:
RAX=0x00007fe1a38d4ca0, RBX=0x00007fe1c02e4800, RCX=0x0000000000000000, RDX=0x0000000000000000
RSP=0x00007fe1b8780988, RBP=0x00007fe1b8780ac0, RSI=0x0000000000000000, RDI=0x00007fe1c6cdd2f0
R8 =0x0000000000000000, R9 =0x00007fe1c66a5e88, R10=0x00007fe1c6cdd270, R11=0x00007fe1c6320550
R12=0x00007fe1a38d4c30, R13=0x0000000000000014, R14=0x0000000000000000, R15=0x00007fe1b8780990
RIP=0x0000000000002a20, EFLAGS=0x0000000000010202, CSGSFS=0x0000000000000033, ERR=0x0000000000000014
  TRAPNO=0x000000000000000e

Top of Stack: (sp=0x00007fe1b8780988)
0x00007fe1b8780988:   00007fe1c6cf273a 00007fe1c6f061c8
0x00007fe1b8780998:   00007fe1c6f06760 00007fe1c6ed6000
0x00007fe1b87809a8:   00007fe1c00009a0 00007fe1c0004100
0x00007fe1b87809b8:   00007fe1c0004e30 00007fe1c000b640
0x00007fe1b87809c8:   00007fe1c000c190 00007fe1c000baf0
0x00007fe1b87809d8:   00007fe1c000c6a0 00007fe1c0019600
0x00007fe1b87809e8:   00007fe1c009ecc0 00007fe1c01bd0f0
0x00007fe1b87809f8:   00007fe1c0269390 00007fe1c0269860
0x00007fe1b8780a08:   00007fe1c0002210 00007fe1c0001b90
0x00007fe1b8780a18:   0000000000745580 00007fe1c6ed6508
0x00007fe1b8780a28:   00007fe1c6f03750 00007fe1c02e4800
0x00007fe1b8780a38:   0000000000745a60 00007fe1c6ed69f0
0x00007fe1b8780a48:   00007fe1c6f059f8 000000000000000a
0x00007fe1b8780a58:   00007fe1c6cf25ed 0000000000000000
0x00007fe1b8780a68:   ffffffffffffffff 00000000000000c0
0x00007fe1b8780a78:   0000000000000000 00007fe1c6f05068
0x00007fe1b8780a88:   0000001800000000 00007fe1c62ba008
0x00007fe1b8780a98:   0000000000000000 0000000000000001
0x00007fe1b8780aa8:   00007fe1c66a3e80 00007fe1c4b28120
0x00007fe1b8780ab8:   000000000000000a 00007fe1c66a26c8
0x00007fe1b8780ac8:   00007fe1c6320259 0000000000000000
0x00007fe1b8780ad8:   0000000000000000 00007fe1b8780b20
0x00007fe1b8780ae8:   00007fe1b8780b90 0000000000000000
0x00007fe1b8780af8:   00007fe1c63202a5 0000000000000006
0x00007fe1b8780b08:   00007fe1c48fcd47 0000000000020100
0x00007fe1b8780b18:   00007fe1b8780d20 00007fe1b8780b50
0x00007fe1b8780b28:   00007fe1c48fa2fd 0000000000000001
0x00007fe1b8780b38:   000000000000000a 0000000000000001
0x00007fe1b8780b48:   00000000000a0100 00007fe1b8780da0
0x00007fe1b8780b58:   00007fe1c48ff976 0003c8500000000f
0x00007fe1b8780b68:   00007fe1c50a0100 00007fe168001060
0x00007fe1b8780b78:   00007fe1c00a7800 00007fe1b8780b90 

Instructions: (pc=0x0000000000002a20)
0x0000000000002a00:   
[error occurred during error reporting (printing registers, top of stack, instructions near pc), id 0xb]

Register to memory mapping:

RAX=
[error occurred during error reporting (printing register info), id 0xb]

Stack: [0x00007fe1b8681000,0x00007fe1b8782000],  sp=0x00007fe1b8780988,  free space=1022k
Native frames: (J=compiled Java code, j=interpreted, Vv=VM code, C=native code)
C  0x0000000000002a20


---------------  P R O C E S S  ---------------

Java Threads: ( => current thread )
  0x00007fe1c00b2800 JavaThread "Service Thread" daemon [_thread_blocked, id=31397, stack(0x00007fe1b817c000,0x00007fe1b827d000)]
  0x00007fe1c00b0000 JavaThread "C2 CompilerThread1" daemon [_thread_blocked, id=31396, stack(0x00007fe1b827d000,0x00007fe1b837e000)]
  0x00007fe1c00ad000 JavaThread "C2 CompilerThread0" daemon [_thread_blocked, id=31395, stack(0x00007fe1b837e000,0x00007fe1b847f000)]
  0x00007fe1c00ab000 JavaThread "JDWP Event Helper Thread" daemon [_thread_blocked, id=31391, stack(0x00007fe1b8580000,0x00007fe1b8681000)]
=>0x00007fe1c00a7800 JavaThread "JDWP Transport Listener: dt_socket" daemon [_thread_in_native, id=31389, stack(0x00007fe1b8681000,0x00007fe1b8782000)]
  0x00007fe1c009a800 JavaThread "Signal Dispatcher" daemon [_thread_blocked, id=31388, stack(0x00007fe1b8986000,0x00007fe1b8a87000)]
  0x00007fe1c007c000 JavaThread "Finalizer" daemon [_thread_blocked, id=31387, stack(0x00007fe1b8a87000,0x00007fe1b8b88000)]
  0x00007fe1c007a000 JavaThread "Reference Handler" daemon [_thread_blocked, id=31386, stack(0x00007fe1b8b88000,0x00007fe1b8c89000)]
  0x00007fe1c000d000 JavaThread "main" [_thread_blocked, id=31376, stack(0x00007fe1c6dd2000,0x00007fe1c6ed3000)]

Other Threads:
  0x00007fe1c0075800 VMThread [stack: 0x00007fe1b8c89000,0x00007fe1b8d8a000] [id=31385]
  0x00007fe1c00c5800 WatcherThread [stack: 0x00007fe1b807b000,0x00007fe1b817c000] [id=31398]

VM state:not at safepoint (normal execution)

VM Mutex/Monitor currently owned by a thread: None

Heap
 PSYoungGen      total 68608K, used 34985K [0x00000007d7000000, 0x00000007db800000, 0x0000000800000000)
  eden space 63488K, 47% used [0x00000007d7000000,0x00000007d8d30998,0x00000007dae00000)
  from space 5120K, 99% used [0x00000007db300000,0x00000007db7f9b38,0x00000007db800000)
  to   space 5120K, 0% used [0x00000007dae00000,0x00000007dae00000,0x00000007db300000)
 ParOldGen       total 83968K, used 9006K [0x0000000785000000, 0x000000078a200000, 0x00000007d7000000)
  object space 83968K, 10% used [0x0000000785000000,0x00000007858cba30,0x000000078a200000)
 PSPermGen       total 21504K, used 10302K [0x000000077fe00000, 0x0000000781300000, 0x0000000785000000)
  object space 21504K, 47% used [0x000000077fe00000,0x000000078080fa70,0x0000000781300000)

Card table byte_map: [0x00007fe1bbb00000,0x00007fe1bbf02000] byte_map_base: 0x00007fe1b7f01000

Polling page: 0x00007fe1c6f01000

Code Cache  [0x00007fe1bbf02000, 0x00007fe1bc172000, 0x00007fe1bef02000)
 total_blobs=457 nmethods=165 adapters=253 free_code_cache=48219Kb largest_free_block=49329024

Compilation events (10 events):
Event: 10.464 Thread 0x00007fe1c00ad000  163             java.lang.StringBuilder::length (5 bytes)
Event: 10.464 Thread 0x00007fe1c00b0000  164             java.lang.AbstractStringBuilder::length (5 bytes)
Event: 10.465 Thread 0x00007fe1c00b0000 nmethod 164 0x00007fe1bbf712d0 code [0x00007fe1bbf71400, 0x00007fe1bbf71458]
Event: 10.465 Thread 0x00007fe1c00ad000 nmethod 163 0x00007fe1bbf6a750 code [0x00007fe1bbf6a880, 0x00007fe1bbf6a8d8]
Event: 11.337 Thread 0x00007fe1c00b0000  165             java.util.regex.Pattern$Curly::match0 (174 bytes)
Event: 11.352 Thread 0x00007fe1c00b0000 nmethod 165 0x00007fe1bbff37d0 code [0x00007fe1bbff3aa0, 0x00007fe1bbff5498]
Event: 11.782 Thread 0x00007fe1c00ad000  166             java.util.regex.Pattern$Node::match (27 bytes)
Event: 11.783 Thread 0x00007fe1c00ad000 nmethod 166 0x00007fe1bbf6a2d0 code [0x00007fe1bbf6a420, 0x00007fe1bbf6a578]
Event: 14.137 Thread 0x00007fe1c00b0000  167             java.util.ArrayList$Itr::hasNext (20 bytes)
Event: 14.137 Thread 0x00007fe1c00b0000 nmethod 167 0x00007fe1bbfe7410 code [0x00007fe1bbfe7560, 0x00007fe1bbfe7618]

GC Heap History (8 events):
Event: 3.332 GC heap before
{Heap before GC invocations=1 (full 0):
 PSYoungGen      total 36864K, used 31744K [0x00000007d7000000, 0x00000007d9900000, 0x0000000800000000)
  eden space 31744K, 100% used [0x00000007d7000000,0x00000007d8f00000,0x00000007d8f00000)
  from space 5120K, 0% used [0x00000007d9400000,0x00000007d9400000,0x00000007d9900000)
  to   space 5120K, 0% used [0x00000007d8f00000,0x00000007d8f00000,0x00000007d9400000)
 ParOldGen       total 83968K, used 0K [0x0000000785000000, 0x000000078a200000, 0x00000007d7000000)
  object space 83968K, 0% used [0x0000000785000000,0x0000000785000000,0x000000078a200000)
 PSPermGen       total 21504K, used 10145K [0x000000077fe00000, 0x0000000781300000, 0x0000000785000000)
  object space 21504K, 47% used [0x000000077fe00000,0x00000007807e85f0,0x0000000781300000)
Event: 3.337 GC heap after
Heap after GC invocations=1 (full 0):
 PSYoungGen      total 36864K, used 5115K [0x00000007d7000000, 0x00000007d9900000, 0x0000000800000000)
  eden space 31744K, 0% used [0x00000007d7000000,0x00000007d7000000,0x00000007d8f00000)
  from space 5120K, 99% used [0x00000007d8f00000,0x00000007d93fef20,0x00000007d9400000)
  to   space 5120K, 0% used [0x00000007d9400000,0x00000007d9400000,0x00000007d9900000)
 ParOldGen       total 83968K, used 151K [0x0000000785000000, 0x000000078a200000, 0x00000007d7000000)
  object space 83968K, 0% used [0x0000000785000000,0x0000000785025e38,0x000000078a200000)
 PSPermGen       total 21504K, used 10145K [0x000000077fe00000, 0x0000000781300000, 0x0000000785000000)
  object space 21504K, 47% used [0x000000077fe00000,0x00000007807e85f0,0x0000000781300000)
}
Event: 3.391 GC heap before
{Heap before GC invocations=2 (full 0):
 PSYoungGen      total 36864K, used 36859K [0x00000007d7000000, 0x00000007d9900000, 0x0000000800000000)
  eden space 31744K, 100% used [0x00000007d7000000,0x00000007d8f00000,0x00000007d8f00000)
  from space 5120K, 99% used [0x00000007d8f00000,0x00000007d93fef20,0x00000007d9400000)
  to   space 5120K, 0% used [0x00000007d9400000,0x00000007d9400000,0x00000007d9900000)
 ParOldGen       total 83968K, used 151K [0x0000000785000000, 0x000000078a200000, 0x00000007d7000000)
  object space 83968K, 0% used [0x0000000785000000,0x0000000785025e38,0x000000078a200000)
 PSPermGen       total 21504K, used 10148K [0x000000077fe00000, 0x0000000781300000, 0x0000000785000000)
  object space 21504K, 47% used [0x000000077fe00000,0x00000007807e91a8,0x0000000781300000)
Event: 3.396 GC heap after
Heap after GC invocations=2 (full 0):
 PSYoungGen      total 36864K, used 5095K [0x00000007d7000000, 0x00000007db800000, 0x0000000800000000)
  eden space 31744K, 0% used [0x00000007d7000000,0x00000007d7000000,0x00000007d8f00000)
  from space 5120K, 99% used [0x00000007d9400000,0x00000007d98f9f68,0x00000007d9900000)
  to   space 5120K, 0% used [0x00000007d8f00000,0x00000007d8f00000,0x00000007d9400000)
 ParOldGen       total 83968K, used 1679K [0x0000000785000000, 0x000000078a200000, 0x00000007d7000000)
  object space 83968K, 2% used [0x0000000785000000,0x00000007851a3e38,0x000000078a200000)
 PSPermGen       total 21504K, used 10148K [0x000000077fe00000, 0x0000000781300000, 0x0000000785000000)
  object space 21504K, 47% used [0x000000077fe00000,0x00000007807e91a8,0x0000000781300000)
}
Event: 3.499 GC heap before
{Heap before GC invocations=3 (full 0):
 PSYoungGen      total 36864K, used 36839K [0x00000007d7000000, 0x00000007db800000, 0x0000000800000000)
  eden space 31744K, 100% used [0x00000007d7000000,0x00000007d8f00000,0x00000007d8f00000)
  from space 5120K, 99% used [0x00000007d9400000,0x00000007d98f9f68,0x00000007d9900000)
  to   space 5120K, 0% used [0x00000007d8f00000,0x00000007d8f00000,0x00000007d9400000)
 ParOldGen       total 83968K, used 1679K [0x0000000785000000, 0x000000078a200000, 0x00000007d7000000)
  object space 83968K, 2% used [0x0000000785000000,0x00000007851a3e38,0x000000078a200000)
 PSPermGen       total 21504K, used 10174K [0x000000077fe00000, 0x0000000781300000, 0x0000000785000000)
  object space 21504K, 47% used [0x000000077fe00000,0x00000007807ef9f8,0x0000000781300000)
Event: 3.504 GC heap after
Heap after GC invocations=3 (full 0):
 PSYoungGen      total 36864K, used 5095K [0x00000007d7000000, 0x00000007db800000, 0x0000000800000000)
  eden space 31744K, 0% used [0x00000007d7000000,0x00000007d7000000,0x00000007d8f00000)
  from space 5120K, 99% used [0x00000007d8f00000,0x00000007d93f9f88,0x00000007d9400000)
  to   space 5120K, 0% used [0x00000007db300000,0x00000007db300000,0x00000007db800000)
 ParOldGen       total 83968K, used 5447K [0x0000000785000000, 0x000000078a200000, 0x00000007d7000000)
  object space 83968K, 6% used [0x0000000785000000,0x0000000785551e48,0x000000078a200000)
 PSPermGen       total 21504K, used 10174K [0x000000077fe00000, 0x0000000781300000, 0x0000000785000000)
  object space 21504K, 47% used [0x000000077fe00000,0x00000007807ef9f8,0x0000000781300000)
}
Event: 3.527 GC heap before
{Heap before GC invocations=4 (full 0):
 PSYoungGen      total 36864K, used 36839K [0x00000007d7000000, 0x00000007db800000, 0x0000000800000000)
  eden space 31744K, 100% used [0x00000007d7000000,0x00000007d8f00000,0x00000007d8f00000)
  from space 5120K, 99% used [0x00000007d8f00000,0x00000007d93f9f88,0x00000007d9400000)
  to   space 5120K, 0% used [0x00000007db300000,0x00000007db300000,0x00000007db800000)
 ParOldGen       total 83968K, used 5447K [0x0000000785000000, 0x000000078a200000, 0x00000007d7000000)
  object space 83968K, 6% used [0x0000000785000000,0x0000000785551e48,0x000000078a200000)
 PSPermGen       total 21504K, used 10174K [0x000000077fe00000, 0x0000000781300000, 0x0000000785000000)
  object space 21504K, 47% used [0x000000077fe00000,0x00000007807ef9f8,0x0000000781300000)
Event: 3.532 GC heap after
Heap after GC invocations=4 (full 0):
 PSYoungGen      total 68608K, used 5094K [0x00000007d7000000, 0x00000007db800000, 0x0000000800000000)
  eden space 63488K, 0% used [0x00000007d7000000,0x00000007d7000000,0x00000007dae00000)
  from space 5120K, 99% used [0x00000007db300000,0x00000007db7f9b38,0x00000007db800000)
  to   space 5120K, 0% used [0x00000007dae00000,0x00000007dae00000,0x00000007db300000)
 ParOldGen       total 83968K, used 9006K [0x0000000785000000, 0x000000078a200000, 0x00000007d7000000)
  object space 83968K, 10% used [0x0000000785000000,0x00000007858cba30,0x000000078a200000)
 PSPermGen       total 21504K, used 10174K [0x000000077fe00000, 0x0000000781300000, 0x0000000785000000)
  object space 21504K, 47% used [0x000000077fe00000,0x00000007807ef9f8,0x0000000781300000)
}

Deoptimization events (10 events):
Event: 5.912 Thread 0x00007fe1c000d000 Uncommon trap: reason=unreached action=reinterpret pc=0x00007fe1bbfd7cdc method=java.util.regex.Pattern.sequence(Ljava/util/regex/Pattern$Node;)Ljava/util/regex/Pattern$Node; @ 512
Event: 5.915 Thread 0x00007fe1c000d000 Uncommon trap: reason=class_check action=maybe_recompile pc=0x00007fe1bbfd9258 method=java.util.regex.Pattern$Node.study(Ljava/util/regex/Pattern$TreeInfo;)Z @ 12
Event: 5.915 Thread 0x00007fe1c000d000 Uncommon trap: reason=class_check action=maybe_recompile pc=0x00007fe1bbfd9258 method=java.util.regex.Pattern$Node.study(Ljava/util/regex/Pattern$TreeInfo;)Z @ 12
Event: 5.915 Thread 0x00007fe1c000d000 Uncommon trap: reason=class_check action=maybe_recompile pc=0x00007fe1bbfd9258 method=java.util.regex.Pattern$Node.study(Ljava/util/regex/Pattern$TreeInfo;)Z @ 12
Event: 5.915 Thread 0x00007fe1c000d000 Uncommon trap: reason=class_check action=maybe_recompile pc=0x00007fe1bbfd9258 method=java.util.regex.Pattern$Node.study(Ljava/util/regex/Pattern$TreeInfo;)Z @ 12
Event: 6.244 Thread 0x00007fe1c000d000 Uncommon trap: reason=bimorphic action=maybe_recompile pc=0x00007fe1bbfe625c method=java.util.regex.Pattern$Start.match(Ljava/util/regex/Matcher;ILjava/lang/CharSequence;)Z @ 44
Event: 6.252 Thread 0x00007fe1c000d000 Uncommon trap: reason=bimorphic action=maybe_recompile pc=0x00007fe1bbfe625c method=java.util.regex.Pattern$Start.match(Ljava/util/regex/Matcher;ILjava/lang/CharSequence;)Z @ 44
Event: 6.252 Thread 0x00007fe1c000d000 Uncommon trap: reason=bimorphic action=maybe_recompile pc=0x00007fe1bbfe625c method=java.util.regex.Pattern$Start.match(Ljava/util/regex/Matcher;ILjava/lang/CharSequence;)Z @ 44
Event: 6.252 Thread 0x00007fe1c000d000 Uncommon trap: reason=bimorphic action=maybe_recompile pc=0x00007fe1bbfe625c method=java.util.regex.Pattern$Start.match(Ljava/util/regex/Matcher;ILjava/lang/CharSequence;)Z @ 44
Event: 16.140 Thread 0x00007fe1c000d000 Uncommon trap: reason=unreached action=reinterpret pc=0x00007fe1bbfe22f4 method=java.util.regex.Pattern.compile()V @ 249

Internal exceptions (10 events):
Event: 3.219 Thread 0x00007fe1c000d000 Threw 0x00000007d840e748 at /HUDSON/workspace/7u-2-build-linux-amd64/jdk7u65/1224/hotspot/src/share/vm/prims/jvm.cpp:1244
Event: 3.428 Thread 0x00007fe1c000d000 Threw 0x00000007d8375820 at /HUDSON/workspace/7u-2-build-linux-amd64/jdk7u65/1224/hotspot/src/share/vm/prims/jvm.cpp:1244
Event: 3.633 Thread 0x00007fe1c000d000 Threw 0x00000007d8ad0d48 at /HUDSON/workspace/7u-2-build-linux-amd64/jdk7u65/1224/hotspot/src/share/vm/prims/jvm.cpp:1244
Event: 5.913 Thread 0x00007fe1c000d000 Threw 0x00000007d8afe9f0 at /HUDSON/workspace/7u-2-build-linux-amd64/jdk7u65/1224/hotspot/src/share/vm/prims/jvm.cpp:1244
Event: 5.913 Thread 0x00007fe1c000d000 Threw 0x00000007d8b03a90 at /HUDSON/workspace/7u-2-build-linux-amd64/jdk7u65/1224/hotspot/src/share/vm/prims/jvm.cpp:1244
Event: 5.914 Thread 0x00007fe1c000d000 Threw 0x00000007d8b0ef20 at /HUDSON/workspace/7u-2-build-linux-amd64/jdk7u65/1224/hotspot/src/share/vm/prims/jvm.cpp:1244
Event: 16.135 Thread 0x00007fe1c000d000 Threw 0x00000007d8ceba90 at /HUDSON/workspace/7u-2-build-linux-amd64/jdk7u65/1224/hotspot/src/share/vm/prims/jvm.cpp:1244
Event: 16.139 Thread 0x00007fe1c000d000 Threw 0x00000007d8cfd000 at /HUDSON/workspace/7u-2-build-linux-amd64/jdk7u65/1224/hotspot/src/share/vm/prims/jvm.cpp:1244
Event: 16.140 Thread 0x00007fe1c000d000 Threw 0x00000007d8d03428 at /HUDSON/workspace/7u-2-build-linux-amd64/jdk7u65/1224/hotspot/src/share/vm/prims/jvm.cpp:1244
Event: 20.565 Thread 0x00007fe1c000d000 Threw 0x00000007d8d0d110 at /HUDSON/workspace/7u-2-build-linux-amd64/jdk7u65/1224/hotspot/src/share/vm/prims/jvm.cpp:1244

Events (10 events):
Event: 24.843 Executing VM operation: GetOrSetLocal done
Event: 24.843 Executing VM operation: GetOrSetLocal
Event: 24.843 Executing VM operation: GetOrSetLocal done
Event: 24.844 Executing VM operation: GetOrSetLocal
Event: 24.844 Executing VM operation: GetOrSetLocal done
Event: 24.844 Executing VM operation: GetOrSetLocal
Event: 24.844 Executing VM operation: GetOrSetLocal done
Event: 24.844 Executing VM operation: GetOrSetLocal
Event: 24.844 Executing VM operation: GetOrSetLocal done
Event: 118.558 Thread 0x00007fe170001000 Thread exited: 0x00007fe170001000


Dynamic libraries:
00400000-00401000 r-xp 00000000 fc:00 21108754                           /usr/lib/jvm/java-7-oracle/bin/java
00600000-00601000 rw-p 00000000 fc:00 21108754                           /usr/lib/jvm/java-7-oracle/bin/java
00745000-00766000 rw-p 00000000 00:00 0                                  [heap]
77fe00000-781300000 rw-p 00000000 00:00 0 
781300000-785000000 rw-p 00000000 00:00 0 
785000000-78a200000 rw-p 00000000 00:00 0 
78a200000-7d7000000 rw-p 00000000 00:00 0 
7d7000000-7db800000 rw-p 00000000 00:00 0 
7db800000-800000000 rw-p 00000000 00:00 0 
7fe158000000-7fe158021000 rw-p 00000000 00:00 0 
7fe158021000-7fe15c000000 ---p 00000000 00:00 0 
7fe160000000-7fe16048e000 rw-p 00000000 00:00 0 
7fe16048e000-7fe164000000 ---p 00000000 00:00 0 
7fe164000000-7fe164021000 rw-p 00000000 00:00 0 
7fe164021000-7fe168000000 ---p 00000000 00:00 0 
7fe168000000-7fe168021000 rw-p 00000000 00:00 0 
7fe168021000-7fe16c000000 ---p 00000000 00:00 0 
7fe16c000000-7fe16c4b8000 rw-p 00000000 00:00 0 
7fe16c4b8000-7fe170000000 ---p 00000000 00:00 0 
7fe170000000-7fe170024000 rw-p 00000000 00:00 0 
7fe170024000-7fe174000000 ---p 00000000 00:00 0 
7fe174000000-7fe174029000 rw-p 00000000 00:00 0 
7fe174029000-7fe178000000 ---p 00000000 00:00 0 
7fe178000000-7fe178021000 rw-p 00000000 00:00 0 
7fe178021000-7fe17c000000 ---p 00000000 00:00 0 
7fe17c000000-7fe17c021000 rw-p 00000000 00:00 0 
7fe17c021000-7fe180000000 ---p 00000000 00:00 0 
7fe180000000-7fe180021000 rw-p 00000000 00:00 0 
7fe180021000-7fe184000000 ---p 00000000 00:00 0 
7fe187ff0000-7fe18c000000 rw-p 00000000 00:00 0 
7fe18c000000-7fe18c021000 rw-p 00000000 00:00 0 
7fe18c021000-7fe190000000 ---p 00000000 00:00 0 
7fe190000000-7fe190021000 rw-p 00000000 00:00 0 
7fe190021000-7fe194000000 ---p 00000000 00:00 0 
7fe194000000-7fe194021000 rw-p 00000000 00:00 0 
7fe194021000-7fe198000000 ---p 00000000 00:00 0 
7fe19c000000-7fe19c021000 rw-p 00000000 00:00 0 
7fe19c021000-7fe1a0000000 ---p 00000000 00:00 0 
7fe1a36c4000-7fe1a36d5000 r-xp 00000000 fc:00 23725856                   /home/sr/NetBeansProjects/MirPara4j/libRNAFold.so
7fe1a36d5000-7fe1a38d4000 ---p 00011000 fc:00 23725856                   /home/sr/NetBeansProjects/MirPara4j/libRNAFold.so
7fe1a38d4000-7fe1a38d5000 r--p 00010000 fc:00 23725856                   /home/sr/NetBeansProjects/MirPara4j/libRNAFold.so
7fe1a38d5000-7fe1a3937000 rw-p 00011000 fc:00 23725856                   /home/sr/NetBeansProjects/MirPara4j/libRNAFold.so
7fe1a3937000-7fe1a39d0000 rw-p 00000000 00:00 0 
7fe1a39d0000-7fe1a39e6000 r-xp 00000000 fc:00 118359929                  /usr/lib/jvm/java-7-oracle/jre/lib/amd64/libnet.so
7fe1a39e6000-7fe1a3be6000 ---p 00016000 fc:00 118359929                  /usr/lib/jvm/java-7-oracle/jre/lib/amd64/libnet.so
7fe1a3be6000-7fe1a3be7000 rw-p 00016000 fc:00 118359929                  /usr/lib/jvm/java-7-oracle/jre/lib/amd64/libnet.so
7fe1a3be7000-7fe1a3bf7000 r-xp 00000000 fc:00 118363267                  /usr/lib/jvm/java-7-oracle/jre/lib/amd64/libnio.so
7fe1a3bf7000-7fe1a3df7000 ---p 00010000 fc:00 118363267                  /usr/lib/jvm/java-7-oracle/jre/lib/amd64/libnio.so
7fe1a3df7000-7fe1a3df8000 rw-p 00010000 fc:00 118363267                  /usr/lib/jvm/java-7-oracle/jre/lib/amd64/libnio.so
7fe1a3df8000-7fe1a3e00000 r-xp 00000000 fc:00 118359932                  /usr/lib/jvm/java-7-oracle/jre/lib/amd64/libmanagement.so
7fe1a3e00000-7fe1a3fff000 ---p 00008000 fc:00 118359932                  /usr/lib/jvm/java-7-oracle/jre/lib/amd64/libmanagement.so
7fe1a3fff000-7fe1a4000000 rw-p 00007000 fc:00 118359932                  /usr/lib/jvm/java-7-oracle/jre/lib/amd64/libmanagement.so
7fe1a4000000-7fe1a4021000 rw-p 00000000 00:00 0 
7fe1a4021000-7fe1a8000000 ---p 00000000 00:00 0 
7fe1a8000000-7fe1a8021000 rw-p 00000000 00:00 0 
7fe1a8021000-7fe1ac000000 ---p 00000000 00:00 0 
7fe1ac000000-7fe1ac021000 rw-p 00000000 00:00 0 
7fe1ac021000-7fe1b0000000 ---p 00000000 00:00 0 
7fe1b0000000-7fe1b0021000 rw-p 00000000 00:00 0 
7fe1b0021000-7fe1b4000000 ---p 00000000 00:00 0 
7fe1b4000000-7fe1b4021000 rw-p 00000000 00:00 0 
7fe1b4021000-7fe1b8000000 ---p 00000000 00:00 0 
7fe1b804c000-7fe1b804d000 rw-p 00000000 00:00 0 
7fe1b804d000-7fe1b8057000 r--s 00251000 fc:00 118233088                  /usr/lib/jvm/java-7-oracle/jre/lib/resources.jar
7fe1b8057000-7fe1b805e000 r--s 00064000 fc:00 23725032                   /home/sr/.m2/repository/org/apache/commons/commons-lang3/3.4/commons-lang3-3.4.jar
7fe1b805e000-7fe1b8064000 r--s 0003c000 fc:00 23724880                   /home/sr/.m2/repository/org/yaml/snakeyaml/1.15/snakeyaml-1.15.jar
7fe1b8064000-7fe1b8065000 r--s 0000e000 fc:00 23724566                   /home/sr/.m2/repository/tw/edu/ntu/csie/libsvm/3.17/libsvm-3.17.jar
7fe1b8065000-7fe1b8067000 r--s 00009000 fc:00 23594295                   /home/sr/.m2/repository/commons-cli/commons-cli/1.2/commons-cli-1.2.jar
7fe1b8067000-7fe1b8078000 r--s 000b9000 fc:00 23593128                   /home/sr/.m2/repository/org/apache/logging/log4j/log4j-core/2.2/log4j-core-2.2.jar
7fe1b8078000-7fe1b807b000 r--s 0001e000 fc:00 23593127                   /home/sr/.m2/repository/org/apache/logging/log4j/log4j-api/2.2/log4j-api-2.2.jar
7fe1b807b000-7fe1b807c000 ---p 00000000 00:00 0 
7fe1b807c000-7fe1b817c000 rw-p 00000000 00:00 0                          [stack:31398]
7fe1b817c000-7fe1b817f000 ---p 00000000 00:00 0 
7fe1b817f000-7fe1b827d000 rw-p 00000000 00:00 0                          [stack:31397]
7fe1b827d000-7fe1b8280000 ---p 00000000 00:00 0 
7fe1b8280000-7fe1b837e000 rw-p 00000000 00:00 0                          [stack:31396]
7fe1b837e000-7fe1b8381000 ---p 00000000 00:00 0 
7fe1b8381000-7fe1b847f000 rw-p 00000000 00:00 0                          [stack:31395]
7fe1b847f000-7fe1b8482000 ---p 00000000 00:00 0 
7fe1b8482000-7fe1b8580000 rw-p 00000000 00:00 0 
7fe1b8580000-7fe1b8583000 ---p 00000000 00:00 0 
7fe1b8583000-7fe1b8681000 rw-p 00000000 00:00 0                          [stack:31391]
7fe1b8681000-7fe1b8684000 ---p 00000000 00:00 0 
7fe1b8684000-7fe1b8782000 rw-p 00000000 00:00 0                          [stack:31389]
7fe1b8782000-7fe1b8786000 r-xp 00000000 fc:00 118360012                  /usr/lib/jvm/java-7-oracle/jre/lib/amd64/libdt_socket.so
7fe1b8786000-7fe1b8985000 ---p 00004000 fc:00 118360012                  /usr/lib/jvm/java-7-oracle/jre/lib/amd64/libdt_socket.so
7fe1b8985000-7fe1b8986000 rw-p 00003000 fc:00 118360012                  /usr/lib/jvm/java-7-oracle/jre/lib/amd64/libdt_socket.so
7fe1b8986000-7fe1b8989000 ---p 00000000 00:00 0 
7fe1b8989000-7fe1b8a87000 rw-p 00000000 00:00 0                          [stack:31388]
7fe1b8a87000-7fe1b8a8a000 ---p 00000000 00:00 0 
7fe1b8a8a000-7fe1b8b88000 rw-p 00000000 00:00 0                          [stack:31387]
7fe1b8b88000-7fe1b8b8b000 ---p 00000000 00:00 0 
7fe1b8b8b000-7fe1b8c89000 rw-p 00000000 00:00 0                          [stack:31386]
7fe1b8c89000-7fe1b8c8a000 ---p 00000000 00:00 0 
7fe1b8c8a000-7fe1ba9d7000 rw-p 00000000 00:00 0                          [stack:31385]
7fe1ba9d7000-7fe1bab96000 r--s 039e5000 fc:00 118232631                  /usr/lib/jvm/java-7-oracle/jre/lib/rt.jar
7fe1bab96000-7fe1bb068000 rw-p 00000000 00:00 0 
7fe1bb068000-7fe1bb069000 ---p 00000000 00:00 0 
7fe1bb069000-7fe1bb169000 rw-p 00000000 00:00 0                          [stack:31384]
7fe1bb169000-7fe1bb16a000 ---p 00000000 00:00 0 
7fe1bb16a000-7fe1bb26a000 rw-p 00000000 00:00 0                          [stack:31383]
7fe1bb26a000-7fe1bb26b000 ---p 00000000 00:00 0 
7fe1bb26b000-7fe1bb36b000 rw-p 00000000 00:00 0                          [stack:31382]
7fe1bb36b000-7fe1bb36c000 ---p 00000000 00:00 0 
7fe1bb36c000-7fe1bb46c000 rw-p 00000000 00:00 0                          [stack:31381]
7fe1bb46c000-7fe1bb46d000 ---p 00000000 00:00 0 
7fe1bb46d000-7fe1bb56d000 rw-p 00000000 00:00 0                          [stack:31380]
7fe1bb56d000-7fe1bb56e000 ---p 00000000 00:00 0 
7fe1bb56e000-7fe1bb66e000 rw-p 00000000 00:00 0                          [stack:31379]
7fe1bb66e000-7fe1bb66f000 ---p 00000000 00:00 0 
7fe1bb66f000-7fe1bb76f000 rw-p 00000000 00:00 0                          [stack:31378]
7fe1bb76f000-7fe1bb770000 ---p 00000000 00:00 0 
7fe1bb770000-7fe1bb899000 rw-p 00000000 00:00 0                          [stack:31377]
7fe1bb899000-7fe1bbb00000 rw-p 00000000 00:00 0 
7fe1bbb00000-7fe1bbb0b000 rw-p 00000000 00:00 0 
7fe1bbb0b000-7fe1bbb29000 rw-p 00000000 00:00 0 
7fe1bbb29000-7fe1bbb52000 rw-p 00000000 00:00 0 
7fe1bbb52000-7fe1bbdb9000 rw-p 00000000 00:00 0 
7fe1bbdb9000-7fe1bbddd000 rw-p 00000000 00:00 0 
7fe1bbddd000-7fe1bbf01000 rw-p 00000000 00:00 0 
7fe1bbf01000-7fe1bbf02000 rw-p 00000000 00:00 0 
7fe1bbf02000-7fe1bc172000 rwxp 00000000 00:00 0 
7fe1bc172000-7fe1bef02000 rw-p 00000000 00:00 0 
7fe1bef02000-7fe1bef1c000 r-xp 00000000 fc:00 118362883                  /usr/lib/jvm/java-7-oracle/jre/lib/amd64/libzip.so
7fe1bef1c000-7fe1bf11c000 ---p 0001a000 fc:00 118362883                  /usr/lib/jvm/java-7-oracle/jre/lib/amd64/libzip.so
7fe1bf11c000-7fe1bf11d000 rw-p 0001a000 fc:00 118362883                  /usr/lib/jvm/java-7-oracle/jre/lib/amd64/libzip.so
7fe1bf11d000-7fe1bf128000 r-xp 00000000 fc:00 11796735                   /lib/x86_64-linux-gnu/libnss_files-2.19.so
7fe1bf128000-7fe1bf327000 ---p 0000b000 fc:00 11796735                   /lib/x86_64-linux-gnu/libnss_files-2.19.so
7fe1bf327000-7fe1bf328000 r--p 0000a000 fc:00 11796735                   /lib/x86_64-linux-gnu/libnss_files-2.19.so
7fe1bf328000-7fe1bf329000 rw-p 0000b000 fc:00 11796735                   /lib/x86_64-linux-gnu/libnss_files-2.19.so
7fe1bf329000-7fe1c0000000 r--p 00000000 fc:00 117834354                  /usr/lib/locale/locale-archive
7fe1c0000000-7fe1c0566000 rw-p 00000000 00:00 0 
7fe1c0566000-7fe1c4000000 ---p 00000000 00:00 0 
7fe1c4000000-7fe1c4001000 r--s 00002000 fc:00 23593160                   /home/sr/.m2/repository/org/apache/maven/maven-plugin-api/2.0/maven-plugin-api-2.0.jar
7fe1c4001000-7fe1c4003000 r--s 00008000 fc:00 23593155                   /home/sr/.m2/repository/classworlds/classworlds/1.1-alpha-2/classworlds-1.1-alpha-2.jar
7fe1c4003000-7fe1c4006000 r--s 0001b000 fc:00 23593153                   /home/sr/.m2/repository/junit/junit/3.8.1/junit-3.8.1.jar
7fe1c4006000-7fe1c400d000 r--s 00029000 fc:00 23593152                   /home/sr/.m2/repository/org/codehaus/plexus/plexus-container-default/1.0-alpha-9/plexus-container-default-1.0-alpha-9.jar
7fe1c400d000-7fe1c4010000 r--s 00011000 fc:00 23593150                   /home/sr/.m2/repository/org/apache/maven/maven-artifact/2.0.4/maven-artifact-2.0.4.jar
7fe1c4010000-7fe1c4013000 r--s 00027000 fc:00 23593149                   /home/sr/.m2/repository/org/codehaus/plexus/plexus-utils/1.1/plexus-utils-1.1.jar
7fe1c4013000-7fe1c4015000 r--s 00009000 fc:00 23593147                   /home/sr/.m2/repository/org/apache/maven/wagon/wagon-provider-api/1.0-alpha-6/wagon-provider-api-1.0-alpha-6.jar
7fe1c4015000-7fe1c4017000 r--s 0000a000 fc:00 23593141                   /home/sr/.m2/repository/org/apache/maven/maven-artifact-manager/2.0.4/maven-artifact-manager-2.0.4.jar
7fe1c4017000-7fe1c4019000 r--s 00012000 fc:00 23593140                   /home/sr/.m2/repository/org/apache/maven/maven-model/2.0.4/maven-model-2.0.4.jar
7fe1c4019000-7fe1c401b000 r--s 00006000 fc:00 23593137                   /home/sr/.m2/repository/org/apache/maven/maven-profile/2.0.4/maven-profile-2.0.4.jar
7fe1c401b000-7fe1c401d000 r--s 00009000 fc:00 23593136                   /home/sr/.m2/repository/org/apache/maven/maven-settings/2.0.4/maven-settings-2.0.4.jar
7fe1c401d000-7fe1c4020000 r--s 00018000 fc:00 23593131                   /home/sr/.m2/repository/org/apache/maven/maven-project/2.0.4/maven-project-2.0.4.jar
7fe1c4020000-7fe1c409d000 rw-p 00000000 00:00 0 
7fe1c409d000-7fe1c40bb000 rw-p 00000000 00:00 0 
7fe1c40bb000-7fe1c40c6000 r-xp 00000000 fc:00 11796811                   /lib/x86_64-linux-gnu/libnss_nis-2.19.so
7fe1c40c6000-7fe1c42c5000 ---p 0000b000 fc:00 11796811                   /lib/x86_64-linux-gnu/libnss_nis-2.19.so
7fe1c42c5000-7fe1c42c6000 r--p 0000a000 fc:00 11796811                   /lib/x86_64-linux-gnu/libnss_nis-2.19.so
7fe1c42c6000-7fe1c42c7000 rw-p 0000b000 fc:00 11796811                   /lib/x86_64-linux-gnu/libnss_nis-2.19.so
7fe1c42c7000-7fe1c42de000 r-xp 00000000 fc:00 11796753                   /lib/x86_64-linux-gnu/libnsl-2.19.so
7fe1c42de000-7fe1c44dd000 ---p 00017000 fc:00 11796753                   /lib/x86_64-linux-gnu/libnsl-2.19.so
7fe1c44dd000-7fe1c44de000 r--p 00016000 fc:00 11796753                   /lib/x86_64-linux-gnu/libnsl-2.19.so
7fe1c44de000-7fe1c44df000 rw-p 00017000 fc:00 11796753                   /lib/x86_64-linux-gnu/libnsl-2.19.so
7fe1c44df000-7fe1c44e1000 rw-p 00000000 00:00 0 
7fe1c44e1000-7fe1c44ea000 r-xp 00000000 fc:00 11796751                   /lib/x86_64-linux-gnu/libnss_compat-2.19.so
7fe1c44ea000-7fe1c46e9000 ---p 00009000 fc:00 11796751                   /lib/x86_64-linux-gnu/libnss_compat-2.19.so
7fe1c46e9000-7fe1c46ea000 r--p 00008000 fc:00 11796751                   /lib/x86_64-linux-gnu/libnss_compat-2.19.so
7fe1c46ea000-7fe1c46eb000 rw-p 00009000 fc:00 11796751                   /lib/x86_64-linux-gnu/libnss_compat-2.19.so
7fe1c46eb000-7fe1c46ee000 r-xp 00000000 fc:00 118361918                  /usr/lib/jvm/java-7-oracle/jre/lib/amd64/libnpt.so
7fe1c46ee000-7fe1c48ed000 ---p 00003000 fc:00 118361918                  /usr/lib/jvm/java-7-oracle/jre/lib/amd64/libnpt.so
7fe1c48ed000-7fe1c48ee000 rw-p 00002000 fc:00 118361918                  /usr/lib/jvm/java-7-oracle/jre/lib/amd64/libnpt.so
7fe1c48ee000-7fe1c4927000 r-xp 00000000 fc:00 118363269                  /usr/lib/jvm/java-7-oracle/jre/lib/amd64/libjdwp.so
7fe1c4927000-7fe1c4b27000 ---p 00039000 fc:00 118363269                  /usr/lib/jvm/java-7-oracle/jre/lib/amd64/libjdwp.so
7fe1c4b27000-7fe1c4b28000 rw-p 00039000 fc:00 118363269                  /usr/lib/jvm/java-7-oracle/jre/lib/amd64/libjdwp.so
7fe1c4b28000-7fe1c4b29000 rw-p 00000000 00:00 0 
7fe1c4b29000-7fe1c4b52000 r-xp 00000000 fc:00 118361915                  /usr/lib/jvm/java-7-oracle/jre/lib/amd64/libjava.so
7fe1c4b52000-7fe1c4d52000 ---p 00029000 fc:00 118361915                  /usr/lib/jvm/java-7-oracle/jre/lib/amd64/libjava.so
7fe1c4d52000-7fe1c4d54000 rw-p 00029000 fc:00 118361915                  /usr/lib/jvm/java-7-oracle/jre/lib/amd64/libjava.so
7fe1c4d54000-7fe1c4d61000 r-xp 00000000 fc:00 118363286                  /usr/lib/jvm/java-7-oracle/jre/lib/amd64/libverify.so
7fe1c4d61000-7fe1c4f60000 ---p 0000d000 fc:00 118363286                  /usr/lib/jvm/java-7-oracle/jre/lib/amd64/libverify.so
7fe1c4f60000-7fe1c4f62000 rw-p 0000c000 fc:00 118363286                  /usr/lib/jvm/java-7-oracle/jre/lib/amd64/libverify.so
7fe1c4f62000-7fe1c4f69000 r-xp 00000000 fc:00 11796807                   /lib/x86_64-linux-gnu/librt-2.19.so
7fe1c4f69000-7fe1c5168000 ---p 00007000 fc:00 11796807                   /lib/x86_64-linux-gnu/librt-2.19.so
7fe1c5168000-7fe1c5169000 r--p 00006000 fc:00 11796807                   /lib/x86_64-linux-gnu/librt-2.19.so
7fe1c5169000-7fe1c516a000 rw-p 00007000 fc:00 11796807                   /lib/x86_64-linux-gnu/librt-2.19.so
7fe1c516a000-7fe1c526f000 r-xp 00000000 fc:00 11796733                   /lib/x86_64-linux-gnu/libm-2.19.so
7fe1c526f000-7fe1c546e000 ---p 00105000 fc:00 11796733                   /lib/x86_64-linux-gnu/libm-2.19.so
7fe1c546e000-7fe1c546f000 r--p 00104000 fc:00 11796733                   /lib/x86_64-linux-gnu/libm-2.19.so
7fe1c546f000-7fe1c5470000 rw-p 00105000 fc:00 11796733                   /lib/x86_64-linux-gnu/libm-2.19.so
7fe1c5470000-7fe1c5fe0000 r-xp 00000000 fc:00 118360000                  /usr/lib/jvm/java-7-oracle/jre/lib/amd64/server/libjvm.so
7fe1c5fe0000-7fe1c61df000 ---p 00b70000 fc:00 118360000                  /usr/lib/jvm/java-7-oracle/jre/lib/amd64/server/libjvm.so
7fe1c61df000-7fe1c62a4000 rw-p 00b6f000 fc:00 118360000                  /usr/lib/jvm/java-7-oracle/jre/lib/amd64/server/libjvm.so
7fe1c62a4000-7fe1c62e4000 rw-p 00000000 00:00 0 
7fe1c62e4000-7fe1c649f000 r-xp 00000000 fc:00 11796801                   /lib/x86_64-linux-gnu/libc-2.19.so
7fe1c649f000-7fe1c669e000 ---p 001bb000 fc:00 11796801                   /lib/x86_64-linux-gnu/libc-2.19.so
7fe1c669e000-7fe1c66a2000 r--p 001ba000 fc:00 11796801                   /lib/x86_64-linux-gnu/libc-2.19.so
7fe1c66a2000-7fe1c66a4000 rw-p 001be000 fc:00 11796801                   /lib/x86_64-linux-gnu/libc-2.19.so
7fe1c66a4000-7fe1c66a9000 rw-p 00000000 00:00 0 
7fe1c66a9000-7fe1c66ac000 r-xp 00000000 fc:00 11796741                   /lib/x86_64-linux-gnu/libdl-2.19.so
7fe1c66ac000-7fe1c68ab000 ---p 00003000 fc:00 11796741                   /lib/x86_64-linux-gnu/libdl-2.19.so
7fe1c68ab000-7fe1c68ac000 r--p 00002000 fc:00 11796741                   /lib/x86_64-linux-gnu/libdl-2.19.so
7fe1c68ac000-7fe1c68ad000 rw-p 00003000 fc:00 11796741                   /lib/x86_64-linux-gnu/libdl-2.19.so
7fe1c68ad000-7fe1c68c3000 r-xp 00000000 fc:00 21107598                   /usr/lib/jvm/java-7-oracle/lib/amd64/jli/libjli.so
7fe1c68c3000-7fe1c6ac3000 ---p 00016000 fc:00 21107598                   /usr/lib/jvm/java-7-oracle/lib/amd64/jli/libjli.so
7fe1c6ac3000-7fe1c6ac4000 rw-p 00016000 fc:00 21107598                   /usr/lib/jvm/java-7-oracle/lib/amd64/jli/libjli.so
7fe1c6ac4000-7fe1c6add000 r-xp 00000000 fc:00 11796803                   /lib/x86_64-linux-gnu/libpthread-2.19.so
7fe1c6add000-7fe1c6cdc000 ---p 00019000 fc:00 11796803                   /lib/x86_64-linux-gnu/libpthread-2.19.so
7fe1c6cdc000-7fe1c6cdd000 r--p 00018000 fc:00 11796803                   /lib/x86_64-linux-gnu/libpthread-2.19.so
7fe1c6cdd000-7fe1c6cde000 rw-p 00019000 fc:00 11796803                   /lib/x86_64-linux-gnu/libpthread-2.19.so
7fe1c6cde000-7fe1c6ce2000 rw-p 00000000 00:00 0 
7fe1c6ce2000-7fe1c6d05000 r-xp 00000000 fc:00 11796795                   /lib/x86_64-linux-gnu/ld-2.19.so
7fe1c6d05000-7fe1c6d06000 r--s 00004000 fc:00 23593144                   /home/sr/.m2/repository/org/apache/maven/maven-repository-metadata/2.0.4/maven-repository-metadata-2.0.4.jar
7fe1c6d06000-7fe1c6d0b000 r--s 00021000 fc:00 23593129                   /home/sr/.m2/repository/args4j/args4j/2.32/args4j-2.32.jar
7fe1c6d0b000-7fe1c6d11000 r--s 00027000 fc:00 23593133                   /home/sr/.m2/repository/args4j/args4j-tools/2.32/args4j-tools-2.32-all.jar
7fe1c6d11000-7fe1c6d12000 r--s 00001000 fc:00 23593132                   /home/sr/.m2/repository/org/kohsuke/args4j/args4j-maven-plugin/2.32/args4j-maven-plugin-2.32.jar
7fe1c6d12000-7fe1c6d1c000 rw-p 00000000 00:00 0 
7fe1c6d1c000-7fe1c6dd2000 rw-p 00000000 00:00 0 
7fe1c6dd2000-7fe1c6dd5000 ---p 00000000 00:00 0 
7fe1c6dd5000-7fe1c6ef8000 rw-p 00000000 00:00 0                          [stack:31376]
7fe1c6ef8000-7fe1c6f00000 rw-s 00000000 fc:00 13895365                   /tmp/hsperfdata_sr/31372
7fe1c6f00000-7fe1c6f01000 rw-p 00000000 00:00 0 
7fe1c6f01000-7fe1c6f02000 r--p 00000000 00:00 0 
7fe1c6f02000-7fe1c6f04000 rw-p 00000000 00:00 0 
7fe1c6f04000-7fe1c6f05000 r--p 00022000 fc:00 11796795                   /lib/x86_64-linux-gnu/ld-2.19.so
7fe1c6f05000-7fe1c6f06000 rw-p 00023000 fc:00 11796795                   /lib/x86_64-linux-gnu/ld-2.19.so
7fe1c6f06000-7fe1c6f07000 rw-p 00000000 00:00 0 
7fff20924000-7fff20946000 rw-p 00000000 00:00 0                          [stack]
7fff209fe000-7fff20a00000 r-xp 00000000 00:00 0                          [vdso]
ffffffffff600000-ffffffffff601000 r-xp 00000000 00:00 0                  [vsyscall]

VM Arguments:
jvm_args: -Xdebug -Xrunjdwp:transport=dt_socket,server=n,address=36675 -Dlog4j.configurationFile=file:log4j2.xml -Djava.library.path=/home/sr/NetBeansProjects/MirPara4j 
java_command: no.uio.medisin.bag.jmirpara.JmiCMD -l 11 -s 150 -w 500 -d 60 -b 0.80 -m overall -c /home/sr/NetBeansProjects/MirPara4j/config.yaml -i src/main/test/demo.fas -o src/main/test/demo -r /home/sr/NetBeansProjects/MirPara4j
Launcher Type: SUN_STANDARD

Environment Variables:
JAVA_HOME=/usr/lib/jvm/java-7-oracle
PATH=/usr/local/sbin:/usr/local/bin:/usr/sbin:/usr/bin:/sbin:/bin:/usr/games:/usr/local/games
USERNAME=sr
LD_LIBRARY_PATH=/usr/lib/jvm/java-7-oracle/jre/lib/amd64:/usr/lib/jvm/java-7-oracle/jre/lib/i386:
SHELL=/bin/bash
DISPLAY=:0

Signal Handlers:
SIGSEGV: [libjvm.so+0x99f4a0], sa_mask[0]=0x7ffbfeff, sa_flags=0x10000004
SIGBUS: [libjvm.so+0x99f4a0], sa_mask[0]=0x7ffbfeff, sa_flags=0x10000004
SIGFPE: [libjvm.so+0x81a860], sa_mask[0]=0x7ffbfeff, sa_flags=0x10000004
SIGPIPE: [libjvm.so+0x81a860], sa_mask[0]=0x7ffbfeff, sa_flags=0x10000004
SIGXFSZ: [libjvm.so+0x81a860], sa_mask[0]=0x7ffbfeff, sa_flags=0x10000004
SIGILL: [libjvm.so+0x81a860], sa_mask[0]=0x7ffbfeff, sa_flags=0x10000004
SIGUSR1: SIG_DFL, sa_mask[0]=0x00000000, sa_flags=0x00000000
SIGUSR2: [libjvm.so+0x81c060], sa_mask[0]=0x00000004, sa_flags=0x10000004
SIGHUP: [libjvm.so+0x81d160], sa_mask[0]=0x7ffbfeff, sa_flags=0x10000004
SIGINT: SIG_IGN, sa_mask[0]=0x00000000, sa_flags=0x00000000
SIGTERM: [libjvm.so+0x81d160], sa_mask[0]=0x7ffbfeff, sa_flags=0x10000004
SIGQUIT: [libjvm.so+0x81d160], sa_mask[0]=0x7ffbfeff, sa_flags=0x10000004


---------------  S Y S T E M  ---------------

OS:jessie/sid

uname:Linux 3.13.0-24-generic #47-Ubuntu SMP Fri May 2 23:30:00 UTC 2014 x86_64
libc:glibc 2.19 NPTL 2.19 
rlimit: STACK 8192k, CORE 0k, NPROC 62730, NOFILE 4096, AS infinity
load average:0.11 0.10 0.13

/proc/meminfo:
MemTotal:        8060620 kB
MemFree:          382916 kB
Buffers:          182232 kB
Cached:          1564096 kB
SwapCached:       326012 kB
Active:          5382988 kB
Inactive:        1795148 kB
Active(anon):    4743428 kB
Inactive(anon):  1360204 kB
Active(file):     639560 kB
Inactive(file):   434944 kB
Unevictable:          48 kB
Mlocked:              48 kB
SwapTotal:       8269820 kB
SwapFree:        6980944 kB
Dirty:              1264 kB
Writeback:             4 kB
AnonPages:       5240920 kB
Mapped:           414568 kB
Shmem:            671836 kB
Slab:             302380 kB
SReclaimable:     252736 kB
SUnreclaim:        49644 kB
KernelStack:        6488 kB
PageTables:        66980 kB
NFS_Unstable:          0 kB
Bounce:                0 kB
WritebackTmp:          0 kB
CommitLimit:    12300128 kB
Committed_AS:   14163816 kB
VmallocTotal:   34359738367 kB
VmallocUsed:      361412 kB
VmallocChunk:   34359369832 kB
HardwareCorrupted:     0 kB
AnonHugePages:   2813952 kB
HugePages_Total:       0
HugePages_Free:        0
HugePages_Rsvd:        0
HugePages_Surp:        0
Hugepagesize:       2048 kB
DirectMap4k:      115640 kB
DirectMap2M:     8157184 kB


CPU:total 8 (4 cores per cpu, 2 threads per core) family 6 model 58 stepping 9, cmov, cx8, fxsr, mmx, sse, sse2, sse3, ssse3, sse4.1, sse4.2, popcnt, avx, aes, erms, ht, tsc, tscinvbit, tscinv

/proc/cpuinfo:
processor	: 0
vendor_id	: GenuineIntel
cpu family	: 6
model		: 58
model name	: Intel(R) Core(TM) i7-3770 CPU @ 3.40GHz
stepping	: 9
microcode	: 0x12
cpu MHz		: 2000.000
cache size	: 8192 KB
physical id	: 0
siblings	: 8
core id		: 0
cpu cores	: 4
apicid		: 0
initial apicid	: 0
fpu		: yes
fpu_exception	: yes
cpuid level	: 13
wp		: yes
flags		: fpu vme de pse tsc msr pae mce cx8 apic sep mtrr pge mca cmov pat pse36 clflush dts acpi mmx fxsr sse sse2 ss ht tm pbe syscall nx rdtscp lm constant_tsc arch_perfmon pebs bts rep_good nopl xtopology nonstop_tsc aperfmperf eagerfpu pni pclmulqdq dtes64 monitor ds_cpl vmx smx est tm2 ssse3 cx16 xtpr pdcm pcid sse4_1 sse4_2 x2apic popcnt tsc_deadline_timer aes xsave avx f16c rdrand lahf_lm ida arat epb xsaveopt pln pts dtherm tpr_shadow vnmi flexpriority ept vpid fsgsbase smep erms
bogomips	: 6784.27
clflush size	: 64
cache_alignment	: 64
address sizes	: 36 bits physical, 48 bits virtual
power management:

processor	: 1
vendor_id	: GenuineIntel
cpu family	: 6
model		: 58
model name	: Intel(R) Core(TM) i7-3770 CPU @ 3.40GHz
stepping	: 9
microcode	: 0x12
cpu MHz		: 2900.000
cache size	: 8192 KB
physical id	: 0
siblings	: 8
core id		: 1
cpu cores	: 4
apicid		: 2
initial apicid	: 2
fpu		: yes
fpu_exception	: yes
cpuid level	: 13
wp		: yes
flags		: fpu vme de pse tsc msr pae mce cx8 apic sep mtrr pge mca cmov pat pse36 clflush dts acpi mmx fxsr sse sse2 ss ht tm pbe syscall nx rdtscp lm constant_tsc arch_perfmon pebs bts rep_good nopl xtopology nonstop_tsc aperfmperf eagerfpu pni pclmulqdq dtes64 monitor ds_cpl vmx smx est tm2 ssse3 cx16 xtpr pdcm pcid sse4_1 sse4_2 x2apic popcnt tsc_deadline_timer aes xsave avx f16c rdrand lahf_lm ida arat epb xsaveopt pln pts dtherm tpr_shadow vnmi flexpriority ept vpid fsgsbase smep erms
bogomips	: 6784.27
clflush size	: 64
cache_alignment	: 64
address sizes	: 36 bits physical, 48 bits virtual
power management:

processor	: 2
vendor_id	: GenuineIntel
cpu family	: 6
model		: 58
model name	: Intel(R) Core(TM) i7-3770 CPU @ 3.40GHz
stepping	: 9
microcode	: 0x12
cpu MHz		: 1600.000
cache size	: 8192 KB
physical id	: 0
siblings	: 8
core id		: 2
cpu cores	: 4
apicid		: 4
initial apicid	: 4
fpu		: yes
fpu_exception	: yes
cpuid level	: 13
wp		: yes
flags		: fpu vme de pse tsc msr pae mce cx8 apic sep mtrr pge mca cmov pat pse36 clflush dts acpi mmx fxsr sse sse2 ss ht tm pbe syscall nx rdtscp lm constant_tsc arch_perfmon pebs bts rep_good nopl xtopology nonstop_tsc aperfmperf eagerfpu pni pclmulqdq dtes64 monitor ds_cpl vmx smx est tm2 ssse3 cx16 xtpr pdcm pcid sse4_1 sse4_2 x2apic popcnt tsc_deadline_timer aes xsave avx f16c rdrand lahf_lm ida arat epb xsaveopt pln pts dtherm tpr_shadow vnmi flexpriority ept vpid fsgsbase smep erms
bogomips	: 6784.27
clflush size	: 64
cache_alignment	: 64
address sizes	: 36 bits physical, 48 bits virtual
power management:

processor	: 3
vendor_id	: GenuineIntel
cpu family	: 6
model		: 58
model name	: Intel(R) Core(TM) i7-3770 CPU @ 3.40GHz
stepping	: 9
microcode	: 0x12
cpu MHz		: 1600.000
cache size	: 8192 KB
physical id	: 0
siblings	: 8
core id		: 3
cpu cores	: 4
apicid		: 6
initial apicid	: 6
fpu		: yes
fpu_exception	: yes
cpuid level	: 13
wp		: yes
flags		: fpu vme de pse tsc msr pae mce cx8 apic sep mtrr pge mca cmov pat pse36 clflush dts acpi mmx fxsr sse sse2 ss ht tm pbe syscall nx rdtscp lm constant_tsc arch_perfmon pebs bts rep_good nopl xtopology nonstop_tsc aperfmperf eagerfpu pni pclmulqdq dtes64 monitor ds_cpl vmx smx est tm2 ssse3 cx16 xtpr pdcm pcid sse4_1 sse4_2 x2apic popcnt tsc_deadline_timer aes xsave avx f16c rdrand lahf_lm ida arat epb xsaveopt pln pts dtherm tpr_shadow vnmi flexpriority ept vpid fsgsbase smep erms
bogomips	: 6784.27
clflush size	: 64
cache_alignment	: 64
address sizes	: 36 bits physical, 48 bits virtual
power management:

processor	: 4
vendor_id	: GenuineIntel
cpu family	: 6
model		: 58
model name	: Intel(R) Core(TM) i7-3770 CPU @ 3.40GHz
stepping	: 9
microcode	: 0x12
cpu MHz		: 2000.000
cache size	: 8192 KB
physical id	: 0
siblings	: 8
core id		: 0
cpu cores	: 4
apicid		: 1
initial apicid	: 1
fpu		: yes
fpu_exception	: yes
cpuid level	: 13
wp		: yes
flags		: fpu vme de pse tsc msr pae mce cx8 apic sep mtrr pge mca cmov pat pse36 clflush dts acpi mmx fxsr sse sse2 ss ht tm pbe syscall nx rdtscp lm constant_tsc arch_perfmon pebs bts rep_good nopl xtopology nonstop_tsc aperfmperf eagerfpu pni pclmulqdq dtes64 monitor ds_cpl vmx smx est tm2 ssse3 cx16 xtpr pdcm pcid sse4_1 sse4_2 x2apic popcnt tsc_deadline_timer aes xsave avx f16c rdrand lahf_lm ida arat epb xsaveopt pln pts dtherm tpr_shadow vnmi flexpriority ept vpid fsgsbase smep erms
bogomips	: 6784.27
clflush size	: 64
cache_alignment	: 64
address sizes	: 36 bits physical, 48 bits virtual
power management:

processor	: 5
vendor_id	: GenuineIntel
cpu family	: 6
model		: 58
model name	: Intel(R) Core(TM) i7-3770 CPU @ 3.40GHz
stepping	: 9
microcode	: 0x12
cpu MHz		: 1600.000
cache size	: 8192 KB
physical id	: 0
siblings	: 8
core id		: 1
cpu cores	: 4
apicid		: 3
initial apicid	: 3
fpu		: yes
fpu_exception	: yes
cpuid level	: 13
wp		: yes
flags		: fpu vme de pse tsc msr pae mce cx8 apic sep mtrr pge mca cmov pat pse36 clflush dts acpi mmx fxsr sse sse2 ss ht tm pbe syscall nx rdtscp lm constant_tsc arch_perfmon pebs bts rep_good nopl xtopology nonstop_tsc aperfmperf eagerfpu pni pclmulqdq dtes64 monitor ds_cpl vmx smx est tm2 ssse3 cx16 xtpr pdcm pcid sse4_1 sse4_2 x2apic popcnt tsc_deadline_timer aes xsave avx f16c rdrand lahf_lm ida arat epb xsaveopt pln pts dtherm tpr_shadow vnmi flexpriority ept vpid fsgsbase smep erms
bogomips	: 6784.27
clflush size	: 64
cache_alignment	: 64
address sizes	: 36 bits physical, 48 bits virtual
power management:

processor	: 6
vendor_id	: GenuineIntel
cpu family	: 6
model		: 58
model name	: Intel(R) Core(TM) i7-3770 CPU @ 3.40GHz
stepping	: 9
microcode	: 0x12
cpu MHz		: 1600.000
cache size	: 8192 KB
physical id	: 0
siblings	: 8
core id		: 2
cpu cores	: 4
apicid		: 5
initial apicid	: 5
fpu		: yes
fpu_exception	: yes
cpuid level	: 13
wp		: yes
flags		: fpu vme de pse tsc msr pae mce cx8 apic sep mtrr pge mca cmov pat pse36 clflush dts acpi mmx fxsr sse sse2 ss ht tm pbe syscall nx rdtscp lm constant_tsc arch_perfmon pebs bts rep_good nopl xtopology nonstop_tsc aperfmperf eagerfpu pni pclmulqdq dtes64 monitor ds_cpl vmx smx est tm2 ssse3 cx16 xtpr pdcm pcid sse4_1 sse4_2 x2apic popcnt tsc_deadline_timer aes xsave avx f16c rdrand lahf_lm ida arat epb xsaveopt pln pts dtherm tpr_shadow vnmi flexpriority ept vpid fsgsbase smep erms
bogomips	: 6784.27
clflush size	: 64
cache_alignment	: 64
address sizes	: 36 bits physical, 48 bits virtual
power management:

processor	: 7
vendor_id	: GenuineIntel
cpu family	: 6
model		: 58
model name	: Intel(R) Core(TM) i7-3770 CPU @ 3.40GHz
stepping	: 9
microcode	: 0x12
cpu MHz		: 2000.000
cache size	: 8192 KB
physical id	: 0
siblings	: 8
core id		: 3
cpu cores	: 4
apicid		: 7
initial apicid	: 7
fpu		: yes
fpu_exception	: yes
cpuid level	: 13
wp		: yes
flags		: fpu vme de pse tsc msr pae mce cx8 apic sep mtrr pge mca cmov pat pse36 clflush dts acpi mmx fxsr sse sse2 ss ht tm pbe syscall nx rdtscp lm constant_tsc arch_perfmon pebs bts rep_good nopl xtopology nonstop_tsc aperfmperf eagerfpu pni pclmulqdq dtes64 monitor ds_cpl vmx smx est tm2 ssse3 cx16 xtpr pdcm pcid sse4_1 sse4_2 x2apic popcnt tsc_deadline_timer aes xsave avx f16c rdrand lahf_lm ida arat epb xsaveopt pln pts dtherm tpr_shadow vnmi flexpriority ept vpid fsgsbase smep erms
bogomips	: 6784.27
clflush size	: 64
cache_alignment	: 64
address sizes	: 36 bits physical, 48 bits virtual
power management:



Memory: 4k page, physical 8060620k(382916k free), swap 8269820k(6980944k free)

vm_info: Java HotSpot(TM) 64-Bit Server VM (24.65-b04) for linux-amd64 JRE (1.7.0_65-b17), built on Jun 16 2014 20:55:34 by "java_re" with gcc 4.3.0 20080428 (Red Hat 4.3.0-8)

time: Fri Jul  3 16:18:39 2015
elapsed time: 118 seconds

